login  |  time: 2016-04-19 23:11:38 082244

login  |  time: 2016-04-28 17:19:03 423320

logout  |  time: 2016-04-28 17:22:45 177700

login  |  time: 2016-07-07 17:02:01 416748

query/lemur  |  time: 2016-07-07 17:02:14 439485  |  # of fields: 3  |  topic_id: 331  |  topic_name: Unicef  |  query: abc

query/lemur  |  time: 2016-07-07 17:02:30 523888  |  # of fields: 3  |  topic_id: 331  |  topic_name: Unicef  |  query: unicef

result_size: 1101  |  num_tagged:  2
ebola-285394dcaa2ca243c1a5baaa9998799789d4bcbf81378137a671a89ca9f098b3
ebola-cf9337ed4df974c83e7cb84e5e5ec28a5554585903a1a2d9ad61452ea9ef0ff1
ebola-f5d07851af54a0d2b415b9f2dd4dcc4124f3efaf8942ae2664553fe745d29c59
ebola-ca835b0f253447ddb2a9293a827f5351d19885f1638d4462be5fedb03d0e63a4
ebola-c9f6c438cf97bcc3be54122b92f365f09fe30bab44d94f7d10757b580e9f52e3
ebola-f37ef48c2d20bf7708997ea92b2d8bde5a3d4342bf473bae14b1b4c32c76eb45
ebola-00793b5a2dab595e2a77d930b5cbdcfc57b790712fe551ee85ecd74713afe065
ebola-b19e70dd9d75404adb3e0c992c4635c1a7835bf326230f5c6c2f5e1cb9a87c1d
ebola-cf7bf6c686d1b071f7bd40bbd4551b48e697f33d3c445a123873f9560348f29f
ebola-2276162a6d5244b02aa4826708b28a3ebc99c05a41e4bd8892462a92880231b6
ebola-3fa5f1cf11891bde1b0f82db08c528780d371fc1c2092b586473ae4c0f25374a
ebola-2088f146760390436660bee63a22573d24f07979d62972260e63e6e7bb0716fb
ebola-bf9d6ab09357b87905819dd60389414b56d589f61baa411e4da166c9f3056396
ebola-78d42db7fb2aefc57318c3aa66423232400939e43d8dc612c53f6f7aefbc0ec7
ebola-85f970448b2f673b7e854ff4221b9287eb74b20a3083155a933f670590ba080f
ebola-733ffa08795da0a7d410098fc06a1734a832d74aada4f2620ba48e16bccb7f14
ebola-8a60552723c9c3ffba41c9ecab8a614b4910f32beb5f0c6146b45d9fd4040a24
ebola-e6e2b9b1e28204d1d616ee8b1de4ffb8c2a676add6b1aa6955a9ddc15d7c6782
ebola-da1c3c62757bc1923170bae879b081ab313ef9c73adffe92f78b89a0f5d7580e
ebola-7d6a9c3b1318b878ff117e6a4e47ee05013a70e5886a3a6fa662ee429f87ed5a
ebola-e80c70f56867cc6cabe2857937f9673fd37b1f76285cc809a8d306e440573de1
ebola-b05b3be91739b0e0c647b5e0059510af30e81abf6126f4ebc39de16fbfecb38c
ebola-6dcf15f83097a6fc4ec91fcd1f765f517b08f1603f6261f692129295e2da5ec6
ebola-2beb016d1c6d66e6c6dfd54858b6a874633cad48e2223738539876833983b475
ebola-a29b690a6571d55f36b318d155c1f9fd6976094c60d21a268112a407ab3a2a35
ebola-65bba18f72609eb62b34bd0faadbb1dc287eb50db686a867c503d541256886da
ebola-1f2e10c5f7001fa477dc2fe9e951d45c41c68065017f98c00871c388696ee68c
ebola-c878ff0d81165a2465e38ee3b091de0de2591ce8f53f8e5024ec6c9cd9c825c7
ebola-9b3507ed30120d3acaf1acdb28c1755912d62b5691343d4c2206176ba6cffa02
ebola-b7c0e689cd74b1af054ff365a75666918d73dbb75136e25e4b451770d8a3de7d
ebola-1526c9668b05c3078ef2b2e936ccb50b0faf402d1961298e4edb30ea86cfa32c
ebola-26dc9d80a30c917755aeaee754ed580903282f92cd4ca2a45e24555fd557cbc7
ebola-be686ee2921db293de40d969c4cfb2db6003cc756a3930cbcefe91959b4905c4
ebola-531e9b9c2165c5883119ed76f34964ff7ae24889d8df8e8f4f8c4beb775e21d2
ebola-dd47dd60b7dcffdea2f0b2a59c5cfbefa155f0811c7c795432bd0d888e9fb699
ebola-77941177217e3b59c5b4eed65fbef3a22646013e8dbd4cefaa0ad1bfb8cbe114
ebola-9d618e9e2f56edfc386c5b8e05ad4a5dfd43368605ae11a7760cecfac1f1e189
ebola-e102ec374e15bf7ee5e18a8469c729ba8a7c46d4cefd2d79672e9624d1d27a74
ebola-e431dff932a1b718bb1055c82336011da71695e16a68579b36d9285e686dc202
ebola-f78bd842649f3902fad4cdbd82d6cf68ede6f1f3bf4638f16577e0cfeb60e100
ebola-e7bafa4fba26a6bce95512ce150e853a0113e240ff09e1cb9649e3d7e1b0188d
ebola-55701c0677b04519c20088cd36a956c7429b2b71c5701a695b9bde77481366b1
ebola-e34a76258c97560aa2b22d4ea1d9abfdd87228e684722ac6bdec5d9eb29ecb27
ebola-c36402625822bc3d2f645ee90679ae313030f03d5f4ee69a0c53dc01f9cbb67c
ebola-1fbc03134b8604b813f714580d71176ed1bf7151da8436b84aa2f6c60822e534
ebola-7ab27bac0cdab06a770809eddd65793197554cd3d83a57ca7db3dc721fac537d
ebola-e840b10a860c1a5df1cef7201dc1a47b47b738c5ccecbc1f3f49b01e6144373c
ebola-fd6de8639da70507a03c45c36e6d73f2c63cea8f145b39dca862bfb6f7d0af6d
ebola-8428ecaa1ff0484ee00b63ea7c2c555f70d74bdd9b04010ce1a2c0c61a07ba7d
ebola-bc45a42e5f1192cd399f1b3f80cccad672799cb98b30a4733a16d55b79c587da
ebola-923360b2493d49d827b5c098dae59da5dd23e4a01240aa8aac03dd185c5d403f
ebola-cc9e5a8f7619c18091107c084afe07ca4fd316ee409aa0f2078d35af45051edf
ebola-1336b61b106934ec9680bd89ef07797cb0df3c537fc24b804bf9279d25ce96e1
ebola-3f247f9edc2cd1072cb9c1390a86d78f002d82892df070cb3f861436ab28e201
ebola-1f1e91a0c864cbe2d0759459b87f74383edd97323af42d7bf980f5f3697104d4
ebola-f6cd06b1093be521079029d95a139f96710fd9d3e3789c0cb90a93aa3725c1e1
ebola-e87ad177b5c646023c804d7d8e842642fd5fcc136a23bdd13ce592f647e6c1d4
ebola-cbcfbd932345f9ecb35bceb0348953de440fae8e8e95e2db741ccf79c808294c
ebola-4bc210f443899fed57e4098989a914f7bd4ca267c94a570c650e0e978dd9bc75
ebola-dc88454ee3991055f04027d4eab1f92d3a233366f2efcd2b1fa033867eee3bda
ebola-935449260afb21007118bb2c44a5d91acaa20516d6ce3ba75083a12f3a10b9c9
ebola-babcb616f6d61a965ecc38a10f42d8bb9e46b3110118e34feb22d8ed28d3c447
ebola-dcc5f96dab97f55850900712f447ba1a3734aa0cd03185c2a940acb6a88f3eb9
ebola-4014afff6341c74dcf564ba8e330a2acca6bf71050eeefc8ca286a9366604e29
ebola-de4048e549be0c458e7c60075b8cc18bc8ff91d4cedc0a4239a54ac331f88065
ebola-81497ba24db6813e2ea5c4f44f873d23d428eff20f5882eeaf9326815ffd31ba
ebola-d54bf35e0b5acdf069213c5af7fcf8e71edaf38010b599acbd7b0b9ba3e50932
ebola-f662f8cc25ded59f759cecf48fdaa3ce269761aa5d0c210ee832562f3a86cb7d
ebola-841a43d6cd6303b8ca58f5fb1ed38b098c0f601653fbe76e299a5f51f056777f
ebola-d744c8d1dc01ff4f72f5a1f51408979d8848c898bce6cfd272c43516ff0f630d
ebola-fccc6c0eacf7589fa8e01151f2eab7f33aff3580b5dc8d95af8f72fec2f6fc0e
ebola-16a03b1f35af56c204972ed27e825cb4aa6bf2330e87e454445a4a33c1ff4664
ebola-132e770445fe8c67a81616ba59b426526f3a6325baadf9fc14d63c9f3dc4a6e7
ebola-ed79b6a53b6fbcf8063e4a5af5ee870e7ca2a3186474a121a6b700dec971e5e2
ebola-fb876f6c801a2fc824514502f707fb845274263a7f777063fccf4068aad745a0
ebola-a6964dac09dd9e840591e927c207fac8f67e11cdab58dcaa3ec27d2fc5a40743
ebola-0a3986edfa55046598156e7f9a014d38d13e4f95c5087baa80eaffc0115a4a00
ebola-7aa9a45c78b744996b175a9184be572152af99bb28c109d70a04b11656024b68
ebola-86a178a79868aa4ce9aaf8dd92b19f9a7387cbdfa4ba4faf0c77a595526a6df2
ebola-c01120388c2c6ef2bc7d4149162bd31d7dd397ce8077e20d12eea2eef31e8e2d
ebola-d8a05eddc6e5ab809753367abb3b205b60a1942822b1c34ee0074b8b2d54b647
ebola-fa874194f7916ee3bd054fb2d01df10dae0189f139701dc16b15fd66ef2d00f5
ebola-320b2d433324a93a74a4b5357ce1a7c0c30c263ebb263ffda6bf82a9c3742dea
ebola-ceb8ae49b185fdd0db26bcd6a8125eadc4f0efb7ed05a80972bf3cf66d1889c7
ebola-bc6efae28fea3226c441dd6ac7d10a8c71b752362183a085293ef97da920f19d
ebola-bec536fc5ad03e6281b66bdf81ef1a9873ed2f240438cd151666958c8a6fb55e
ebola-e1667236ad6f026ae9ccb4dc5401f3d1c0cca64ca5387bd89768ce7acf6fa4fd
ebola-00c66873d6090c0c7dc83282f9708dffe965f15963c58ec6321c0db30dbb6592
ebola-e0e076f00ac5abcf0be16fd9fe7e5e40ec7d5a5379136f2926993420ea959aba
ebola-2d823c5aeb406635ddfa4f97e9c28068f51c7d25ea4d7f82730ea32f496613b9
ebola-c0973f12cefc36363e1311747fcdc4f88fd7e4f6c1a7107af451e018a8cf74e2
ebola-01f1a6514c9f45b2b2a89da0e0ff9e5a28ff77c42da8955310010aca4f0004ba
ebola-b558cbd842edddece968c0434ef200fc52a3d67f1055a3adf0ac078aac6cd58d
ebola-e99ebc564d5312fa71d027b6f1d916b0469e30771855f9cc3c1124d2e28867d3
ebola-f6ce2438374eb34cc764934110bfc4d50be3996c0a65fc17b769a03a2a1269d9
ebola-3747d7aa618df316fa242af63ff3543980fa635e9795b48300b51fa2a2f1df2f
ebola-7624a0d2f9a4ae996eb56ca53b1ca9fd8daa5ba6e6ac7f4e157ebb14cd527bd8
ebola-f407783f59646e4faf3c8c54b2b36e97213fd1e2ef5f6b4c7c7eb958367214a6
ebola-849213850185db69609d4f2cf81152c79b38051a1399dbe556b70b3411fe3b09
ebola-02bacf9992b216a5c9f4a9ac3bf0063df72bb763fd59b5ebccc69c9406f9afe5
ebola-747896fb6bd8ca452ba4a07a0847e452ce07c92ee0cbb9b50597440565aef9cd
ebola-4cf52f16cbd548a9ca5dc61ebe63e0c012188757182bcfd9ccdfd0dc1c42ba3f
ebola-838be8a0374dc6f077ab63c4fcc20b8c94bfa29299e04774efa3c0b9977b0fc6
ebola-6d0ed56b47e8383018166b02e44140889d2894e175cc843a6b3db78f409214ed
ebola-51d1d24efe9cb0d7d3e83480d86e11dc08b3cd5ca3c98f43835b98e2828cebd4
ebola-7bd4373dd58e3b8fb5e2b1ce5a46fa77b15b9ecb31fa636f042d4070d38b3284
ebola-a7be9fcdadc79afb65e98d955ccfe11c42fcf760965efb36fbfd67f3a928b607
ebola-2c5fa1312736ae10d1590fdb36576ed08ab69019dec837c29ff4f7e491acfc3a
ebola-8ad47a31c21ca9d876470953703952dd39deda6a97a6cb704c1ed761b60510af
ebola-897b3462e95f91ea4d9385b5acdf7a6f3e3cdcdef15e43445a61ade2cb37f92b
ebola-9c6eb27d23a53c8261db8e1e406c1b3819936e73f5474d5a644ab0dfa5b94da0
ebola-5fee67ad0ce15062ca4536de96100a4aeea84182ab573dc359d547ae3e28014a
ebola-d7ddc4b94c60ef6786888314a85202976da7cd9380ad45a1b11ec64c33e32021
ebola-efdb7323d7289e652baab118778e0c28905675ad03b6a3fd15346e681cc7ad89
ebola-7497190f5c11469977a3b81083f48417398ca00529e822b1bf5c5ee565905795
ebola-090ceaba3abd3fd6cadc1348f870d6b49795f3589707df1a8e9842f611366cd1
ebola-15389d076a96291c9a896e0b64b51b9ef1548a63d7ed252e1c0be41829bb4f26
ebola-dd21dd0e39f1a418a8264e4c924cb2b92a87e9e8fa8c6624161c98a36f713c37
ebola-51716572ed08429fa4a7b1f9e6a42233035438db7b8d0b8615dbd5c3efaac9a9
ebola-7c2c23cd5dd6338a11bf25708587f315baaac73a42ef5d20f37af5e208a44096
ebola-3860f6cc083e6c1d426a549c94b83b50efb6b3585889c25d89e7310b902d5015
ebola-9caa46ec2cd7bb9ca24adcc5909ccedccf2a49ca96e6eef69652cb538c40bcc6
ebola-c37e3aa4440ab92774d4236ea54061395443b3e20ca566608d25f70c89a5b97c
ebola-883fb43731c2b98bbed215ef78807da84216284829bb44d1305ca238e1f5fb87
ebola-32f6476e7cdb841422feb080ca8e21947d17bf03c53968e1e6d90043de198fe8
ebola-9a2564393050ddf00316d6fffb5bdf8706202883c006765eb162895a3e1662bb
ebola-f8744131b1e343d1ab8a6497af83312497c36ae8385565e3aada656faafc936d
ebola-8c257bb0707848db32a0439002ba17db78bccc08cc0ca2a0023b97841a53791f
ebola-e340cd3b52394b513457c36b4d3c814390b970e99e228e7b459117b21fd269a5
ebola-6392b41334a2b0926b82985a2b32261787e6988757641314b59f2a8966d0116f
ebola-22bb56957db7ec5a5fc0f84353e31344a3863d85b27a31d24b4106bbf881038b
ebola-07f4492cf12eb1f210990111c40d904b443d6987f252acc396ae6b073e4a932a
ebola-c9c567be9b20567a25f0f72ec2c47d2beefcd2b239e5989d84102bb0ea23a345
ebola-2b91e4cddce1a768bb511f7636b3bc18af42e246e53c8063c7cb89028241f59b
ebola-fb77652fb47b608fd3a48206e9208c6aa48ac9d63f38c6bded4550f4765b3f3f
ebola-b6dcc256cb216122fc7fe5ab75eedd91c6e2393a11d40a0ff4d3c19b56280a19
ebola-1089b3c1fed2922595f1fa39f468d4bf365f3809d89844c4c6951ab4590ae611
ebola-d54bf06bc035f359fb6893df687eb90dde6da46fefaeaab2b27e2f0c1b40cea4
ebola-fcf77bb761cae9b4abe0db4ac5125803bbe98812b1b7d69ae7c37d74e7fd3fb8
ebola-5753a664a3cc5d560f8d1eacaccb6fbc58bb30bea7de6ab8ca3c9712e21f7fca
ebola-18122d9f233dec1a8676691d99035a309758b0e580f771e1d08224672d5e6a47
ebola-fdc70c10db6bacaf70567462e11bab6f02866a57bee469e2498f42918f698d8c
ebola-0d611c42d032d7380d990674f4e791407c32906f0b3e70019641bda10e977a0a
ebola-e950cb7ee4af47c34820c4985825aa77321a28b6ee20aff620118f5c45c77374
ebola-32c796d44984c3cb6e64be9b91aaccae2f64c532c6dc94142587c0dcc7690cc7
ebola-68efd6a7a07bb392b90e372f4ab7ab180fcaee978432d7fe3d4174b35a12be5b
ebola-c8dda159b484c2448d9794e760c5302a99d649e9c438c506f1d7b71fe4ee2d4c
ebola-af81605bce3624150362d9c5f1ea0a4770f5dcb34ecaee0fa09d2ca84e360802
ebola-2a468c553a40549553724b049f57d81cd918cb0ee6099bd25a11dafb6ad03872
ebola-215e17e69bbe06868d12e1eaa31b9bfa5c721d6a85051dcdf664357daf251d79
ebola-d40ab058371e17df15e7f6d3a9ea7752b749a26b68fbf918a755ad962a897fb1
ebola-5afb99a83a0cda2f68ff3372551f40b2f0b593433c90a710593cf422b790c81c
ebola-ffc190f01b1b5e5396e97fcc8bde595fbb77b60e4ae414778c2120faac49b1c1
ebola-8c208d6f2ae4246699f6ad95f2762789ac96673f9e79cfdd77767accabf0b3d7
ebola-6b81156c9b93074b37663115e359ec34d512ddf26aae9d09217ee79052b32873
ebola-abaceed3134fd3d3c51180b657475fe74b2ae490bb0175024c91b3f4256b28ce
ebola-a895fa31275e94efc694804df50ea45dd76fc7a7e0e97c22416cdda78e002818
ebola-0eb3d4b18aed62d48c804ab095cd2e9c9fc8b55da37bd5cbc9062cbe94cd720b
ebola-6033ab2330ac3b9086e3290553dd8cbdd83228edb99e9ac4412f19dabcec40f3
ebola-ce95a1cffe63c6941fd540fa06e10ad2ca25978636deab0f2ee27920714238bf
ebola-c505aad0f45420d4840ba31f855f8706d6c3c0b76bf6e81a995481b04fd03041
ebola-7f2652f3f76035bae013bc185462c2abd17d29a6085f293c7e40093bfaa26fb6
ebola-1f0b6c42882c7e05c145314622e8f2ceee4c03d57127f2e83dffe2ef09790a5c
ebola-3f75766faa68eb6256f2092555d197c218a61f8f3c8d6fe311d69909799b2a9b
ebola-243fb9581037f829d38f7b1402f4d96e94d32af1a2fe1228038911948020af74
ebola-cbb51cd5ae782793d86bacb7891bb337f10d83edf8da2953021648e295d3ed5b
ebola-9d443104f755d5e6d4401d938ec8ca4cf204f41409804ab352a33d763962bafe
ebola-f1d46b8c8b52f90d7bb63ba1ff1e53bc4ab861d137225ce11e8996db56cceb51
ebola-6de613effd0a5083f621793d0fce8f1553e2e132a7f3ac49a129e0a7d52ad28d
ebola-145f023f473b84fd487e40f543a966ecc65753da192bbc4a6201771dfead6bc4
ebola-a3bb19dab131a19531c8b6ba5ec558d2bd267cf694da9766629024af15b7335e
ebola-91f6ec5acfaad446deeb6130a4d0c4b10c940933790aedbd4c9794412378d519
ebola-8b9170f69dfa4996408f3aed7b29ec41f957c0ecb98084cacd957a97901a2698
ebola-d1e0fb7304ad08a66120f9e983031e3b6deb8845437513a62ee65ea157121242
ebola-798ea6f597e435868eeaec2c7a2f6186486e349b33d72d03e092ace64706b6c4
ebola-5ff6568a313f4ac32ec30964772f13181968a8e42be92ba695b15cc5a5d45d11
ebola-f0b87b56823936844fdc027983afad301acb847a865846bb60a1a5b48707b256
ebola-084a7871727a793e0652024be4365374f68d4eefe06b5b786187216b2b159bab
ebola-27acf8b18893412f46b60fad0311c63b3eafb89fac3c8b50e46688f0140aa2c7
ebola-efcf6e6fde3fdee3b2c32e386246425478ba15e1d7c2d55d7efbbfe94bdf7b64
ebola-fb8a4f366a657196d09701e58eb4dd27e4a2e4aede4e926afe6493774858c1da
ebola-de6ff0293f695b6b201da84d5b614e69bf08cc7e279db6d613292be8672500ac
ebola-664fe8b985224fb6fc036a8533a8b921912ba9afb2abb83c45a672bf44dfb8bc
ebola-fc9dded413aec1a661f12a4513e07c671c2cbe38dc43528f603969d50743d7ea
ebola-6f5a9a1a549ceb2264633b311dc0861fe1a7f0898ba3e6bbb4127ce4f6f9a184
ebola-ace0f500c6bb709fbba3562f7b590fcc86b17ae601d7c9e9e66e34ae4c8230b5
ebola-7c9671ea569d1120b126faa4242a52714fdc5f328be5997c4e0788abd7057119
ebola-445f7cebb0a32120e0b82842ab6d45b99a9b1c089fa298a7a4e8bcbb92117986
ebola-4f9367cf9821585b596f7730e737d0abda15bb20ccc815f265337f5e4a4884e8
ebola-bd7d0a9769942ed6795aec5ec4851adc4dbc2e4fcc730b19dd813613543340e8
ebola-777cc348761878763bf7f35ebc23f5164d21edbf581b4611d0d9a03b63392900
ebola-90fd89c99d4a45a9f92734a63782286d049f66c2961e69414865fab54082b34e
ebola-39472d07d6b836a056445961aeb0d6508fff1e5b2fc11393354671be2dee9b97
ebola-253b672cbf75c55d01c7781ab79e552794b4e6db3c1d74e0a0129a4f8b2c7342
ebola-982981df6add553bba2124b8b411f9307ea9be5373d0cc154bd0f537ffeb32f0
ebola-3a1cb35778ef2aefca5f53f228c094e3c99ce7f53989aea4e0ab52c3d2989e0f
ebola-bf7e7e5803f7816f3731cda6b17978840e1a657db57daef598b0b0d2d9c80b26
ebola-564f43107c461cab46a4e4bd8fdeeb065be0b0ebafc445d12fcad0b8012a73e3
ebola-da7a71b6d09fae025b72fd5f84ed3a9811ca4129e583252f06b29f8f6500bd0a
ebola-3329368a90ea1f3a92b8239e8828bbe9b096e668e956efa1e5b12876055fc67b
ebola-6e06659574a1e27b91ae30ac1c837b6993607ba5b410446a42328607c53893b4
ebola-70aea980999fcfd5ad9241161f4005adc6af7a60e71f20ef7ecca7681412a0cd
ebola-37d26e731139b69c24443d9daf7809bf42798498b69620a96819a32015a65091
ebola-f98428504308255cd92ad723fab53be33a9daa2d453110d3bc3abb423b975126
ebola-7ab6714ec344403bc3f027098f716108e8aa2d4ab9857a76aeaa9cb2f88b3cc9
ebola-c286e05c810e40ee638b4b74fa0df6e10929a0e7d4631c1b08a9a440012d1298
ebola-2aa546e63d785711f04736566bfb0a93c374c78011ac18a315fc67b2021dbd8c
ebola-d1fd7d498bfed9a099c30f578b5b216e39ceed12f14cda86591f21eaa5c39c4a
ebola-bcad7c8626466b2353a862d4e07ad1e81f6349bc44352c5f05805c50b71fe4f3
ebola-9d64b69e643bab224d912c76d93960c01d8dde5e26e1b51a3d7b56344aefe900
ebola-2cb0a33b8f31bfda978cb4677167a8876885f137ab3828e30005a16109717658
ebola-81f4950f4f34f4cc506d5b48319609e9d0bce39237da7892387f67921d22fd54
ebola-d6616c0826e1c9d4c84d8d36a1ba066c7fa60d6e23b4d7495495ccaddb2dcab0
ebola-9c377a86f5b7cf0092ce941517bfd1cb6f1b2351fe102686aac08ffae36510d2
ebola-4c301c8dfba9884dcb13c7f09d92a35379025a7c25c2b57d77365b1bdaf31638
ebola-14220d90b5ffd1fd692744a0507129cf00d02597ee71c94d34e3370b62c84f2b
ebola-1482682f8c9d3352dcedb428140886a36291325634353c4b583e35911f3d3101
ebola-0f806b6f36e8752307169fd4cbe0a79917619a7f104aa415f612c87aeb9e173c
ebola-d8f406780a95118be3e2ee99666fa72a61497258f5ec73dd05342ec0c6d8ae92
ebola-7cc80b089a55d782efc5051ae32bd7d96b1b9e98c127c48247463992817e29f7
ebola-c76920ff25a6b1891ab8144e56623705686130a904f4df18be76a2acbb68c5d3
ebola-3e95e04f0a5d5f6b197c1c92e8b884e89d977d3f88638ded712dda250c564a05
ebola-dbd46d7a25c938ce78e49d12a17181c277a5ee0c57b3a7285217904acb90cb24
ebola-f4afa706b342cc376dc5a9de287528a8a73a8af26b0128fc8a6da647a616d9df
ebola-d61dbca29cb9a4f4d807a3d6e723a2d227380dd57f44733a7c7ee0ac147dfb43
ebola-c849137d7143104afacdd29f83276c1b4df82e706e07fd89a407f29e13eb5c43
ebola-c3cdf84aa20ed2abcbab51cf52cc6a4f0b04f9dfc705ada3f5a8871521df77fd
ebola-ac4510c3b1335263fc07a947678b0e368d398a2e592648341f49cfedb0dbfca5
ebola-6a9ba29aa3725c715952c0b52781fe23dbb0a9aaf99f33aa6c34739eccfef688
ebola-90784e3860516ca02897742c5699dd8d1e6ff186781f1b1dcccfcf175d22ed83
ebola-e099151648b8c76558b52fdce72ec29b4ea4cb4d5fe1a1530d7820ebc86423c0
ebola-04e0b5e582834b583689cff646ac9da0a5237a75a4d38813f28f71aceea7da7d
ebola-758a3f57c029cd211ee3ff8b468eae46931f905a5c4e178339ae9242104849e1
ebola-8049d21dea27e59df010a1ffd91b024902e70e0e61d70e6d7ad42e1945a6427d
ebola-af723343c2df0365d4d1132f5c171bb3474012aeabd6d79d87f0312e7f618006
ebola-e3c63da26ff1f7944e44c39eb66d89408c9be0b2c6eb232de5ef5aa20f646dc5
ebola-3615a46bcb9f9c6a7f94645dc9d27a78f03dd3a51c068516d388d23ad12c86a4
ebola-ef88b847d90a50b4f3b4398e46fe2bd2a972303ceaad2ce1eab024ab72f40c3d
ebola-f10264b2c023fb98312367f4dfb09c0baf5a92c82eecff5f79bc587b26df3687
ebola-7b54a8150b7d25bd245e85edcc4f4267a927bb9d3236b43e3b3adecd676ecb3c
ebola-b75a74fc154ad6c20d1b289c6c4cee793502e5ac36399f241a8abf728e70fd34
ebola-f6455b5f918fb530a0730b1c533bb3d578135812d08437cc93f26f79365e932c
ebola-e0c4aa7f379bc8e7e82fe82c1e70bd37111b699d1dff1888ef32213189e08f4c
ebola-055ecae7973f207e66a1fe934cefc4d2b47c288fc1309ca9326f99b6164d9ac7
ebola-ab43ce63a1bff7c6d1f18b6a81b28a91f18c6fed2244662e78cde441a3565ef6
ebola-8a8ee5d79bf605ac07a8754f4935e7bd5b2c806b09366611ea721d43176e8026
ebola-dd208f0c2e7a1a25397bc9f2ee4a3b7f19ff043e21ed09b41daa532b6092501f
ebola-981c812b03a712f4b4eb52eb595d82fc90a83232d84da3897387fbfcc441f2f4
ebola-1b2f3843c3d25fc441c926a9a64c65ee42165e54120497232a14936c0a16e531
ebola-a535d4515d7d9f844099cf4458336864a92a8e90da3a26231a2b7e885f71a2eb
ebola-a1ac02d9bb2781f0d32444304f104a179eaad79ab92a667b8fbb4a6a28bad00a
ebola-584027945d287f5a4a593b15d80dced9b98b2ca7d3ba77504004adbd86c4b8cb
ebola-069b801eb541b483c8054b4518b2ae459a04a28ecac80d448026671b2c2b3b76
ebola-6c1d4b342181f1e4f07c521f75d885af5c763e5b63917119909251b7b017fdca
ebola-751ba5ba9dcdfac30d796a9160a237934158ee088dd71920745689bb9e9bb2aa
ebola-266119fd1115b2e1ca1fe02a759d5f91db2f938a0a6243bc72b9e7d8da4c3c67
ebola-dc5d15017dcd3edf443c8c5b448c227921a989333f1c154397cc3688c0ab9ebb
ebola-77a5e3f5d02f7a7759616c1750dd2d010ad481656c6997e3f8995c427879983d
ebola-aed5b3e4840fab253274b6f221b738adffe2098db78a10e89eaa3f6f5ed5c6a8
ebola-ad5f3712553eda8d4f96e340f7cff33441049edd9b33ba08564de800d1cf3967
ebola-c51e42e885a17d0df5c52bced62411be5f36f8c5f70460d0c08dc915a5794cd2
ebola-b57f4cebb56c5b021879a749c327281e132ee2dda143ca098ebec48673b22094
ebola-9a3650f7d5db6ffa15e6e1b219f0694938f17d2e6791a94233bc71a9ce67b82b
ebola-68674d213b62edd1566abe5c39f8b889c2fcc39e49bdfe40c805f7a18d59073b
ebola-ecc5017ccdc6f890769b530437a513a436b52d64f9e4ec022b006124342e9e90
ebola-1916d334123bf2344c5d5041afbd6bf3beb0a3522f60d6674824d3c7feebd6f5
ebola-97a602b00b926ad692c5ed151b7c4ee75726cddeb78bf2fe3c036a31120d5d0b
ebola-68761ef8ad0e7d0988bb63748a3220b9b97fc1d9ef567cfde2052f30c8e0ecef
ebola-e672f9885bd2327deb0a65726a0a3de015fcbbb2662861fd904b8f69ac0fa60f
ebola-0f9d4a838227e4ccec3fe4d5383ebc07dc12afd712d4979c3832f01407186305
ebola-e574fd9aa29b57ad41af2d18374cb61c781991f462ed7a3978f8551c74a0148b
ebola-7d212095a3c66c6ed37e10bace7c55240c349dadb205fd0081cbe5a60045531e
ebola-dcccc06d298527a3e2d3db732658d4cab1ff8e23eb079592a658db88f1e4147e
ebola-854b3218326d70421045c0d3aedc39bc16c8675af9a970c96c17d2ae70af3c56
ebola-e74da9656ea1f5963a19aee3ab0a8900f5009678af34184e94fbfae537600e33
ebola-e56528eece84b5d170d24ab8b71b39880c53e01f28b977cd3a9d4cee61bf0f7d
ebola-c047cac3aa77f5b9bdc1fd146a150bc0f79ce776c6662531920edc701b2b708d
ebola-030fadf04a749b20c042852cddef33d1a09a93a441981fd36960f65713189a8a
ebola-3d4043033b964b5b6c3f02ac04779619ae3a6b6ccb846c4a6c0f1bb2a2412950
ebola-07ee58d9fb4df4c3d95222ce14a5ad0068adfc0b1891c710049c87fb9a55d62c
ebola-69e0dbe58abcb26bb1f77d1a1aa614afd9b33218619f4b65087ef7ecdd80c1a8
ebola-ab957639abbf6fc6a57614107d1aa6a9040c42915da80bb5fb9b0f3a64c798f0
ebola-985aa19c09ca08402a2925db82e746a4fbbf536cdc36d420e13c4818d1c47b42
ebola-569a48731ef9d1f907f0b97946beba8094bf54e14e1c5411df3d322daa426e21
ebola-f11a15089d61a686a4b0514f755a2998fae0c6d459991f831e61d7318142a0f0
ebola-f5713749de612217c3de5a0f7b4f1b168c677b16ecf8930e117b8a71db9a8ce3
ebola-f9df8c5311c148bb2610a236f7bd687ee4aeac5c844bd7b8faa0b423326ab391
ebola-0bbca5db110868ed870c94473533f9113d0c86368876b4b29aca13d74c466945
ebola-abd19c01b9742a7ccccb55cf11b9c0d7998523615bbb2915ab3df2aa5f3ad14f
ebola-fa915637f9f21ac58a875a1455d80518fb260ad246173b5b4619a0cd98fe9947
ebola-845b9f5603a4766bed5f969c66e61e2553a5e8b184bed5ba01e9b4f62b68971d
ebola-6c0d643509739831eb6ebf479eff59dfb9e034278d3bb8629c4b7f159ebd8742
ebola-b096322138d8fbe0dd1853bb361c3cc0215ef9a32c99ab07f9bd117d11e49056
ebola-d4acbc2af3ab21446a8b57e430bba95b4c0f2d728445a0e0865cbf0dfa07ece7
ebola-c82a027b74a37d328f3b81c89448ba539b60702a631c12e730743b1ecf201118
ebola-eadc9a1b3d73e278c3462571e6092ad515ad3ed512ae5180ab615d38074ac08b
ebola-0195c9b78a61a0371c50aa0f335ab700aee1e0064a877580260c936be951707c
ebola-f3cbaeefc3ddb168b32ac3e61aed5d929245b9216b83ff6807df962c0aa8db59
ebola-9b73aa465e5fd604f09c82133b868451f688dbe53e3bde092f3f68579c376956
ebola-28effe5d522fd70350ea9ebbcad92b9ab737ef6cc9c27e4c2875cae3a36c34d5
ebola-985ba362fb0a24fffed19bddc34716f0cd5b5c1fa42e92bc94b88ddca776d809
ebola-c4081f1b1114e15dd95852217b819453b75430d71701f3c2d1390cd09741f7ea
ebola-3a0e7422961d8f46a26fb603983f016965923e633234403a9bab0da90226b4c8
ebola-6df758bd20ccb1d9b25c224b4f7707266e2cf6aff7daa5297db1adc704fb76cc
ebola-ef41ffa9cb9c3050a12a9ec31a2af00e8d0aa76cb6fbd45ebe1caefa645455a1
ebola-925f630c89356c18f0e844dd9e74d2db23e24d26a172096ad5db51a3b3e2e1bf
ebola-7e5eabc1db5dc289d95a3e185247d131b5114e1d5b34dd40788429407d76dcb0
ebola-0731c1bab86cc903c5f9dc787ab301ef21e57d9234a7c140a122439784f4df65
ebola-4aab94d9d13ab1002ed43e3f159a3ce3e2b0a4300707ffa7f767330a01ceaae6
ebola-97e705e91ed15f1898c90030516eb88a4436761aab623c261a5b60bafd95c2c3
ebola-dba4ccba271a70b0cfcf7169a410a8478f6b2ae8082728d532ee8e44ff0572ad
ebola-e3a46c4669cbd6823a0f04bc371054e8ef0c8c8d970294ce788245d9ae71e4e1
ebola-59f1e5bc31e0ba0bfea5415d5d2cc1b40693ad54d58735e559fabf7e487e310a
ebola-0e5066dcd8844efe87fc49e9d38ccdf74523d2548e8ebeb2ac7b9c4f9ba2ccb3
ebola-e62d0a1f042946881a0a566ec0c50a2b257f173d2d625b669d91564247898a04
ebola-750e310ee5a57d0d4e54f9948f0bf7e6595bce915523716f058f728444d7c3cf
ebola-f5989bfcb9a59cbfe4aedb3dc585621a86b27d5b08ed5c0247ab29e995eafc9c
ebola-b7c807f13704fe9eecb786f708b10ee29effa4f63dc2f40aa7bed820c67abfdb
ebola-3c19e90938bd07a5c84359aacb1b2858abd33d6e1a513fa51d3ba10691bbdf71
ebola-b7be2b39283908bedce1093ff1e6131b8da1b6252d2be42b1feab30f5a6f4990
ebola-1f4ff73eff66f1d9dafffbda6d76298c568c08481c66f06b080e581c29c9ab2b
ebola-c626b334499fe8bc8a49f132c7385e984d4ba9f15394d95f78fff36e1e3e09fd
ebola-6cbfdfb1796598872b089e53598a8d09e114af02694b0aab243e6b17926b39cf
ebola-d9a51fce66ed0e9149f74f9879a87836688ca336e8bf685a9056456a5677bff7
ebola-549719b82ca7bad99da6982241dbdc3e2534b5e7e1ecceac8d241a76d39ebe5b
ebola-bcaa81009851a93d6fa6828315dd004af120a077f9c16a4cde33efa8b66766c4
ebola-d10deccdd05958ec5921e6ed34762b6f54a9cc3dbec576fbe057f093066b1298
ebola-bdde94e2a700938c3f49867e06c2f9fcbbc14b1e0ec471da7906f7e0201a9571
ebola-0b5f4ac2d557fbc66a9b809db675d0a26d56eb8c5c99afba017d70b1dae8470b
ebola-7b8e9125b163a9d5b7bd0dff3ca7d1881b4169edb74d831e42ac1006009898c9
ebola-56f3625b9a92465ac565d2f9a70c58885a7e42b2d68e46c47b67fe8ccefce4cc
ebola-73bd3e14a454f122663f77900413b5e06e258d8e27feb3d449429806f013fba2
ebola-bd1d469184d195da87fb0a7bbf0cacb00b44f18773aa9796e6126c544648c75d
ebola-07d1e16e76f19fa3add538513b530fff79bdf3ad2d62766f01c261ec7784312e
ebola-d5ccef0f60e39b3494f88a736e6616bb72598d64552c45748c982834e8643db1
ebola-3b1ecb39fd2b2793349786bfc624e74de673b22d6ac8eebaa3ce4860312819a5
ebola-a6f8a5b8e326c99e3ff61e005ca6227f3e0f680fddf599ddb811c831ad2bc054
ebola-208e5f01469268c4f6247f44bb423dfc81d6219b08259dca9d38cbbf9fed7166
ebola-91cfdee2bd357b0baddf9b5b5ae4c85fe4b632531068b5ba08f178546b2deaa9
ebola-a4a5f5baf5dc628a8108bc6d687b2bb4778156eb4d88c81e0ec771f2a70524c4
ebola-aeeacab22c98c5be569cc0d4b80b967a02e4a4b8774bccc97c36caa91565328f
ebola-648eda3abe9897910b0695a02fd6ab412d4c0e10c36f90aafeb5732ad337db24
ebola-d0fc2425b61d9f5a5d6e6f4c4ed01fce8727b23e660174e0d28563e3debadff8
ebola-1bfb91c852ee690800a494f8cc56a96017e76ffd110a1d70f2519394d9d1af36
ebola-c44973246ca313ec7d7cf382cb82fc952352f62f7e9573fa76cbe52716b3ef48
ebola-7e41f78364ed94df90c50b95f3c98f5792b65432b82a211df492dc657f81b8c5
ebola-c467c328f3d7798d9769ca18c0bdcbefd3c8cd136214f7dc81a4fe632042a628
ebola-58c2c043e704c6f131cbf3d6ee623e2ffb61491f417ef828c34ef89e04f80a88
ebola-fa4cc6e990157b5284430aaf55f46036d98e77301084cb5da6987ea9497f9fee
ebola-a4069dc4f739bf21b83326e86ed05396b3a2cf58720fe356adc7cf9e94f33df0
ebola-86cc9d879ddf567d0090f5e7a069f96d45ca47164568538ed79ad228fe5e5329
ebola-cf5d648e13a3acf13c6cf71332c26db582120e7906f2d56207e354ec015a514b
ebola-fc6d16a7a1a5456649abd7e50c7d0e4fa4bc68e921b7ad460faf78dfe541e455
ebola-6f9efc10777eaa0d7fbb3cdf1ddf8c9c2cc7a7911d5f9e4516816773bd4be9d3
ebola-15b0ff2db59dddeb370378606b20074869d6cfbea2927133a849103af86670cc
ebola-4a555d26446c986fcfa50ba0055e8196aea16200c551ba93cd06b9d6759472e9
ebola-4d29e9511c131d3e131705ead92dc0c8f53d2cce762f470947cb74e426da1c5b
ebola-49d2dfaf93ec96c55ce3bb9a8972d13065d01ed354ae575137c2706ba90a24c0
ebola-3dc7d3d7e6f43a920e2187762e0eeac2048fce1cca8411d647a9e8cb5928568e
ebola-4583342447d9a78f0dcaed1a3fd034f16c90596d5118fe77bd04f6d0805e7614
ebola-6c94379b0069f411fdc25489ad20bd43cf7169bc17b174814581fa4d79e4d357
ebola-294f7d2114eecb9620457153bfa925febe34ab00c5d6b2cfd0c6db039b7929e8
ebola-0295c74577f5d2618a0fe75ea40bcd03482d8b554a68c7e0ded015eed1751403
ebola-158d5ea6b34810781baa3366d1fed98ac82ba4e7f405e363f80ad3d5435085bf
ebola-33f1fbd1e2df1e8f9352cfbaedde9d0d3629f423856072a90ca8143cff0ca4af
ebola-fbabd34381cf069a66863925c0cf3ece3671136b6e6be149e7922efd9db47e38
ebola-14f9ac237728568de6702898d3a1c1fc9951cf2a23c74950e15a78900439115c
ebola-04e9efacc4ddb154998ebe35bdd920235c61087411df51b4ffab72a844a13639
ebola-e6c1c9d930132974264cf2db4d0cbbd3c34f8882eca4d1e7d2cfb04133426787
ebola-3b605f08033299aa52058086163178c96b266e489ed521df895509b2b638df45
ebola-a5c66bb5a58000a438cacef6f90f1b831b4a506cba23a065a6f4d72f839fae17
ebola-803d90f9b54c67580434ad476ec5bf0aab12b54497331b78747489b17242fe43
ebola-07e31e3b0ac65453bf473f18fa9a08261a3c8075f306a64afae5086549cb0418
ebola-f1ed13ba92b5d082f6c1116d4a4d5ec31f247d527a0af01a758038c389f7e8b5
ebola-e711d6d5ef080e7c7f7de94119d175b7cdc7d3f3ae59d7cd87a5d11aed14bea7
ebola-abf8522d25cc95947ed549f83aa712e8b952670e9550b987cf56930e75642c8e
ebola-e3f109bba6210bd5b8550d8eb6634d7a0eed8ca5656117bbc9efdc4c19206c1c
ebola-4a76fa3c74422fe5b156dcf73b8964c453535ffb0b6ccf8a2094f856911a7663
ebola-322f9f44f34ac750501aac0b622f9ce42005890d6815f3ff57256f2fbf1ac682
ebola-2e32056cab1401d43ad126ed442e9f8462d89557aca3e41c650a43f59d47fb7c
ebola-5290ebb550a7353a70326c6b72bc6bc37372708ce6230b099b3a14a66f0f4926
ebola-d970c7db2e1b73142dce885e8d6f8301f375c06c7c4367a0718fa9c1e449860e
ebola-b73e2360d68d0aed82d5c5e2ecac4dcb4390ab49c9586b8158bab48e0034fb90
ebola-2abac3e8b13bbe9bc586826f560fc427bd26ac2262c340331cd6798e693298b5
ebola-6e44625518ee7af4cf11dbf7358f762b8e7201839cda880342d46b6162ee7319
ebola-8858694df8625e904d8eeda04e9aa7262e36680dabfe43ad330c3c4eae69e76f
ebola-cd31f6f6ea8a34d57dec8556df6dea14235522de2ad876139d00411c6057e0dc
ebola-5d40bde60499a39cf01b0a368766175be4a18c1de8a41c4d8149481a86a577a6
ebola-6de5eca913d527b73ea6d7475a6ba096a629e27952a5aee1fddf4fb87a74d473
ebola-e50976c9940807e95ca87690bfd74f74074d153b0f3aa80028242c6d9a486220
ebola-cffa669c8095e3fe49c1708743aad07c6fe219306cd5b15db9c43fb6ebf95b43
ebola-b07ca302c56a07dc5f24d84599e90d854039235930435342bb5c4080141a72b7
ebola-d4f387117ffe0d85df059146493030bdc5bb38eb706f3dcc0ddce00b38e6b418
ebola-e60d4eab07f3f36b2384bb9d96c91c4693cc9ff60b2c4adebd1a24a06f162649
ebola-6e21bd735a8c1c3c8292434b38520a72006d997f4dadd0563ed4fa34a0a25e16
ebola-05430f5b376e88dc00225dbb5e431fb9694c1ec220e7dfde4ff52a6afaacb727
ebola-176c675b9d3a04a8fcd164c8053229e4a924e0b7ba4356fbbcfc3cf9c014c404
ebola-d9d4ebc63a4b00ab21ab01497cca544398d4231bef6ae2552f27ea1636dc49d7
ebola-76c5b77fa4e0bc7744e01d123ccadaa7cd4efe1530d31b17cdf00cae0c27c9c0
ebola-3005f16d8cab3b279c28deba4372e6e09ec3c1b97269091345b144c49ec54011
ebola-72bde60f4edd9e0b2275e465403c7c2df15b69e07c30a5030a610295e83659b1
ebola-3105e06d7b3254ebe8580189b4efacb55654c058354f9b24aa3a36c797aafe71
ebola-1291267794b9d3624c375d537c182c9e30ba90c1c12762f3f06b9f544b329411
ebola-67326613d08a709fd853e5464ca1a8bb3a7092581e9ed0521ad8a8ef4a84e117
ebola-e5d50477d260bcf6bd27dfeaa121e440f4c206d2df246807208737f8f0a3ee8b
ebola-4567c7c346bc7bb615304e3b5e35d4dca51eab357590e9dd49d5723084e774a7
ebola-d0a9ff18f8f54b384b2375dac926f7980db0029720d0a23f59a00c2e5ec9e83e
ebola-bf83b347fe20f651cde1196f0efa73893b03cbf9370884ef65fff31642aa1709
ebola-9d8a2cae2994bcc11e9d828ccb28a8744b747840980cef5fc4ada51eb55cf2cb
ebola-334ed99b0174cdbe808ee088f19e630d44d448153e64388746b0367ceb693f76
ebola-6a55293f756166adde3b871b76acd82bb9f9132eee44d84277955c67c5d42678
ebola-60d77fadf4f21769a0e51467db103b8a8180b9fcbd8525015d0f2418298b2ac1
ebola-8e3a78c32b7743f0e329d35085b0a23c69c8e0f45f4c4ff2bab047fb66c4a28e
ebola-e4a14afd4bce43d59169f24f443a5f705b16fe128c09af5cee9cc3869d5088ad
ebola-62bb85c8820fc351782f18d282f108fd97aec9b44d2054c626e8e92f6bc63c4f
ebola-654fada20d75fe1c445122510e6f1f48083b0a084aae088facf6796d2625242a
ebola-35cf43d41f37a4c8c87ee4d0c557fa0217d0ac06145649976c3096e83ed590ef
ebola-d7c5fbb33a8cff3bd1aabc91ae222848dc356555f59822330e1f2acc79771fad
ebola-dd4dedf8e0a5621c836301f9b1346742818f4b08dd9b78c728bbd401186f0a73
ebola-ca654820e35c45172177bf4e9463bb6dfa27002f83aad41b82272e0ebffd97aa
ebola-1884f29b1e22c4b9609853957b174b8f106a4245809abd60de1fd0d6c800ec37
ebola-8b848e9496918326e279ddf48ebfa0bc9d043e14e55943e25b0e583e10725a7c
ebola-5a31094c1b510d34de68c38363456cdd27d1813305ab124bbb69d9792a1b122c
ebola-b758faf96ac6562e71f18cee1b186ee6594b209211b2dae8ccbf6f60e5bbf4e5
ebola-76886f776923bd25f08a39a12439eb11450d70d3893c442bb70f0af5cb6d8aec
ebola-b10cea30138e6f3a2764cbfb0628cc3b1bc6e61f7544c0f83cb84145acdeae1e
ebola-c1f285c1080e4a9e10ec173b29973715745986f0052ce165e80e90fb0c66d05f
ebola-0e0ca1e91caf62972fbd0b1da9077fb896de80d4dd2a79994e6df8d889df6bc8
ebola-d253963b074f4467698d094fd56de8ecf8c9b0e6569e82e5528bf2c9d6b0df17
ebola-704ae63fc0a4525b744a42e864eabb15d9f7aaf429831cd66ba1ec38f3c2b5c8
ebola-9eaf1ccd61bb0df8770caa6fc4cf9c3bd655dc46445b263babeee2e73070b0b5
ebola-15a1ec0fdc2f46f89df49453b63ca18b0b77f284e06408adbb69d148f9e9bb9d
ebola-c891c47dd40690d63bd6edad8047230540a64403cecd9a157f47cf90fa2c020d
ebola-cf278801cd84258cbb00251f9d3ad569d7d5ba74db89dd4335fcf671b9861e69
ebola-0483accaf312bc517c2a9049e78d9f40f26e4450435a615c044f620854f88973
ebola-b8db8cc80059eddab185c23f42c63a8988040d81c3ddfd6370a89cea78a6e9d1
ebola-156c16f4cec271f95216817249ad39952e44f47c38c78749007738d73013b019
ebola-18e91e7f99bb6466630997f35818369f233d45c5654a16fe28fa65df2a97e9bc
ebola-be251ca6fca85fc8119e53efbd9ccef783f57935f31326f4b0b383fd99b9e1d5
ebola-850f4fdc1006807800b4333898d95c064d2ee5ac476f68ae36b40304fcf3bdd2
ebola-961f72704cd7bdc50b67a0a08d1933de2253eae8f9985b75f3d8f95f214ca46d
ebola-3e9d21f08d16c9388b75bbc57cab4860fd088e520e9475cb85ab9ad012cf9f6f
ebola-b56d4052e00237563ab9484bb3bbe936e973da8b289085c57cfd542c330df4c6
ebola-f8821c598372b74b964ffe3b05d1c4d25bc69f513a2d8864c03774b40025b206
ebola-dcd5a2d1561050a9f2572b980c724f62253ebd334e8bb7db3f929a034faacf6c
ebola-4cfeb889998908d461ba7f22554445bba27fb960b2ab3d1dbeceeb098d7866e8
ebola-5567a48c80102289a9def89c81c00cb4f1bf5ab9bb0258c447c9e966085250c6
ebola-7dcf08448bd843a40e00c51c6b9c235898e7e934934461997295969b1b4a0712
ebola-2d06d4b72af559932b916bc9404ab7c5205d76c2f935ec91c5392f92955d035f
ebola-11c280c02789d8299863600076426c6ac4dd1e99e2d161fcb3d7156634618491
ebola-0cac16ec02de51858a6d78f3324403445cc237d33f9b6907c2eb21e20e495d2a
ebola-ae703a7305a59a0420a53149331c349784db8d3ab2faa2e3b006886c11db9724
ebola-f25febea000ed88b6765e66beead13ffc5091a763c8e7414bc40546739e14e42
ebola-334af12335e163afa02ee04d3c8aafdcee34ab4ade8284cd785ad0ed43d1a38f
ebola-bfabfa6d898d87cede3b030e6547c51279acd47cc9e72c5d7c7d3e43e2445b89
ebola-f737004fbba52ec84555171d87435b441474c976eed97f68e0d6879441c5fc29
ebola-74a64e99eb088b11e8ae09092771dc1b878fcb45f5d441f9083d37d4aacd7630
ebola-090ca186c834963bd5bdf2ec26b069e8488c2c5a810f35f5ee23ddca4582c4a7
ebola-58c4e8d6252c08e6715970caeac53815d3fdf41376cac27f3f5465d22a52e0de
ebola-60871fcf66f67ef416f5a9292b99ee713dc88eedf973f98d22c2e6ccb7852e4f
ebola-688025bb91369c8c94061efb770c71eddae256edfd1b17babae053d7a4f40fa9
ebola-374951a671ba4312a3cccce1bf899b6adba92209221f37cff54e1f2047b8c246
ebola-4ebf12fb35cf21487138d5e4df263d09211a84c16192c339935ee33a8c757e3f
ebola-9ad4645fe7bd6244f4f75e3fb19ef6f0a9cf1e8af86a91844baf5a1cc9186728
ebola-a06456c51045e363d7dcf5e1c27f00a367aeb98766bb13c671d473d21ab0f4b5
ebola-71f66763b1159e0c62e41e12ab9c70779e721d473b7337c0c9948b399b70ccf5
ebola-abb6045ec368f3c6746e7ecdd2769a6f67daa00b06f323622f7fddac60ae40cf
ebola-ecdc4fa24eaf2da0f0e19ffd0a879f601060e8e2245da0a91bb0abc31c393a42
ebola-ca8dd59965ce40cd591d208e4df1dec98e441d8d3bbe55255f1ce849df360e5e
ebola-eb6c621576b72dfaed4a72a859fb7eb4a8cf27e858db1990ad9b5d36f26a9379
ebola-bc32fe8f50c65cd669a20b3d2ba092bf1076142dc7e56e0ada6dfeb879d6ce98
ebola-d93c7419af8adb96fc7fd8d86766b443ab57ba7af3cd805ff6af76c73590bff3
ebola-e3dda34f6e2f4c616c4367bd6b4bd21491842921531ccc149913b929aac50461
ebola-3fb18e6d1aab323f8a992bc4c8fef4bd041e057f56a118ffbb218c4ac5aa6556
ebola-d7c3c98b0aaa7512a73d49a352b43a5f0fd72cd9cbe307aecc8ef8a7de190a2f
ebola-5ecb5cb8f95041bf3cc179c9586415e3b9c6543ddc626c1da9c43f16f6264acd
ebola-6dea4c30a74aad64e41c0db6a2b1b63658be7f3d147fc91a2f0719a91cc0f3df
ebola-e77c94aba81988efd7d443bc2ca799008ef14e104e5fd66c2f22e52234474222
ebola-d2beadefd10e99f0c6d85c28383f2616ea039b7b1888b07ec4a27be9871fd8c7
ebola-686e92ed428b3218a6b558e1fc6c7e537f0561844d7dfec471247053f53ff473
ebola-358e7c2cacb9b52b5ff62b5225040b301f048c4a576966cc020a4b18d15ed72a
ebola-2fe9d33ccee3b36f03fcf3f9f3aa2193161a0fa1a6d62b53b403734fa259c398
ebola-8a51800809a7dbd048eb0e865a50034b51a1ede48e42325dfab9ac9f0c877e00
ebola-33db41be5960494e0a19c2f71e70d3506acb3141f62fc4a7de5359c1408f1be3
ebola-04d8a9d6a3a541fe3fd3d65ce5c331e8e78c601be9d673f5bfb9f3e3e817d157
ebola-8642ebb5e4f87fa85d0a0b28177ec44afade0206f0910851562ef2183bcc3e84
ebola-355024e7eca0ab22bd6d120e669b44cdd260eafcc2a114f6ece75ce2a5e25fab
ebola-7072cdc0784c840374f9fe48de2644f87bdae61e6abd7ac881fc55b491bb9264
ebola-a4bd53b780aadaad1bd66d09a2c8c0abb6df469b34f2b5028bbec878338cef67
ebola-98c3a442badbde9543700a7df42a855e453cb54f54409abda1197218838607ce
ebola-338dec34f067d9544e1b2f963acd9e04e5e0b90d5db98fbe7525c1fa1ff0c43b
ebola-9089efbd4d0752bb8ef6f064c7ccb23f942c12b81f928cb389db5df3e3bc13f8
ebola-ba81ded1355ba66de3e64e30077a8b4b090c71923a6b0817cc6c229c337f5910
ebola-85f3c55fd38c61d65d68c668814584b09817f7f647ca372fbfaa7b811791dd4c
ebola-c02d0dfc0b214fdb5afc9fac3885983646d9b3d9f46b2677c77b9401c152dcb5
ebola-10482ce265b1c08a65929372c7c88f389e53bfd75dbf12d9d46e277e024d26da
ebola-c67f7ef02f55298da852452f2af9ec5235b297f09591436eb2431cb62f57acf6
ebola-c3d075b9e47c4f1199ed49f99531054e227ce6ede8a766b143f493334c90a955
ebola-0caa98138fcc4729af189d22532e09de1fd68fd2a777f70e137d495d9205e0e5
ebola-956c7616ec39a1d751f4f8b6343fe90ed4ce8cf1f88fd65e6ce7375a3ca7042b
ebola-ac46d1b63cb9a3788a638a803216abf353760dae95520d03b657bac6abe7cafd
ebola-2cdd5f07644cdaa751fab59ea89556032479ff699c9676dec6da1f642132d716
ebola-2f35484b5c6fa6313befa22368bd15026d4207d39cd27e212d8fb269e5ff7283
ebola-387b3a951c599a38e4c18fddaf1ba7e4388a7f7e4d641109e7ba39b42cf78b59
ebola-f03e007443721cee3c1ce6b7b2c139eef8cbf6218d7a4e27867085c7e37d7d7b
ebola-e9eec1704bef0b4003b86fec08153a7979cd8e1a552db9528779a1e736efa423
ebola-fa2bbb44a75452bbbd72e0bb32ef3f53a435b61d142a926e6f238e4762d2b0dc
ebola-a20eea8417d3ec66f5d8c971f6c307991b8c721b393b0bf9bddf117598a11a94
ebola-9ee7a520ced18ac0e98953e6426190dea3f2afa3db7c8a0b72ce91ff4cbd6217
ebola-8411fec927ec8c8825b95137c1214082f4962604b8de88ea61c3902bc14f4280
ebola-eb197d6537c3e9dea606c9d9d3e2859d3f6c623bf1e64966e8a0cf5965d1b1e5
ebola-766e63171980b4e20d53eeb588ad9da1e96c6a279366a5a0aed7d4320c920c00
ebola-b3e399725152c3b632fee10f48ff65f0681b2160534a2566b761b42070f40dd2
ebola-2628439b1b083668c93807ff5f99786e0e082f845ca16169336e95782614fbd6
ebola-88c471674dd8e80355bc8bd8dffb0120fd1a749c7df2cd374755df027628ee87
ebola-b790945f3bf26e0e25751aec10fb661e7d6baf2d46c3a5d802e04e56f4c794f1
ebola-078e43654e2fdfa88020c473f53c5462a9a7e957a36f0d106bd4898882cbee5f
ebola-876d377d7d82421ed98c405d035b2ca217c31e07e4ea3a1fbc02a1057d5f297f
ebola-88285356c21d796ad9eda39f17022148d8d41743c381d1e5e1d48d87c845c5fb
ebola-ebabd4565098e203f4b9812d89180a48dc3fb92f4d5bf347a426f96d5f9e3af5
ebola-fe03f1dc0640b44753e3be84b386b6c970c051e397661f7ca97aa465deb53137
ebola-26d3480fa36b0482f6ad004ff564b66fd28450ace4cbb3a21e22293f1a97d5f9
ebola-7901cc868b74ed708eaf0f3734354f583ddc33c10956f4773e0f00c9dcb8e936
ebola-be3222c5c7559e13bdf45c4a196791a38ca723ce2a41d50cdfcf9d37a7db529a
ebola-d794ab740e8ba401df0465daaf2c71d749eced78a63e7a0f3bffcbea691af8c1
ebola-957711a5117d49ab682badbccc4ecc1dad94f2ee1e1f639bb7e96381374e199a
ebola-3fa8c4f9b4cc51e5e7c174704f4b4c0e0fafcb0470271f83132cd627ace314fd
ebola-44cfd60caebd06fe6d0899f238631927e71d32b6b29ab52cebb13b9e8e3f8a9a
ebola-8b99002883f4b060449a1241e24a3102582752338a23416f96515e843e12a96c
ebola-e056cc85dd0d395e64603ed0e5f4edc225e4807450625b4352b20d8ec27861c9
ebola-2b09b21621b277e3ded71cca6d97ab145edea85506bd73f66776121c65951143
ebola-060b3709d39b3fba8f64898cd43223602a9c71d55c1b82d622db66b6b9a831e3
ebola-f1ec187a56f9df483121108ea9fa7693d641a068abc7c85ce633549849f33019
ebola-05d996acb3402553f0be2f92d9c6c724c87f2dbdf62024f7572669197a6de1ac
ebola-7683e88aefb9baa0e6cd3be990e9f23ba0834c85dfdb4082f023a2b06e391f5e
ebola-3d25dc0053b8d23464f6d1ebb113c560771e284f792856b7289a61b6252db0b5
ebola-bb9d6790b1e2d3fd6b066a48a5bc1cb76b60d9224f40122322d1e669cebbd583
ebola-d8668849d7856a3ba4e41dc88769d744201005ac6b42408fe0117abffded1d70
ebola-56269127a4c4a8d1b11604d62a295b7bbc00b2fcf2edaacbdc11d8e89b9f5b47
ebola-bfcd87c284ed48e44f699e531367425508e8f1eb7b01bfde589d2fe4e81b198c
ebola-dc1000fcd0465f6fd4214a2a1f3932188d2a0aa322b058efec79ba46bfa631d4
ebola-5f6a272c19b0b714fbf14b85dd4bab037917f5ad1881a84ae98e70b518adf084
ebola-3d104532165b81f73c46e8affadc0a7824490b690d44019c1cfc6583a71ff2b3
ebola-c08c0216b097cbe926739b6c0543847a152793cb8123d0ff9def1f9360644786
ebola-7faa9af97a3e4976244105200d241be5d6e6571e0cd02789b437af3076589a09
ebola-fe56dc0a2c7f1558fb80fab3f11757b83f8504a47da6e7e490071dcf5e6767e2
ebola-c3e6dbe77868dfb33e1883de8f9580323332fc15c525e196f1a7cbdaf79cf3c8
ebola-2c7b9ae573eb3138ab90ed5fa841b196168a9eaee5be085840e6e404120e180f
ebola-6de6cb0cebcad8dba43e3c74793ed38c8a79173ecf30b93652f007e30b57ea23
ebola-df7b7169328e5e74320b25652f75bf71382be4a76e84b93d03a02e253f91605c
ebola-0a3f8d19ac16625d97ed6bc7ddf8469c6f94f82411c8e1dd42fff9ccf61f4ad3
ebola-d6a17db8190f725a92d677c193ffa9abaa2064fe247d51529df1857a72e123df
ebola-1b3ecaa291c6db4627fc012c07f5b8894f602256dbbd635a36e592858f4f4465
ebola-38e0fdcc70d03593793def9ff884355979a74320f974336cf27f5c60b2a96b7a
ebola-9c037fd013c3dc90c7d0d25d937363dfcc705432a977079fc41bb43288b5744d
ebola-1574b42d4aae52fc651a10c46dc148aff7c528145e0dc1148cd05f238433752d
ebola-972a0c99b39e9471e72be9a1091f6bdcdc06313b8e60a705ef874503280b0ea7
ebola-b0712567d40207aac3a0a8e0c9f2ba941933b06da3594a668becd7cfa2bbb59f
ebola-f87504f5ed8dd1f96059e0aa49510e379519e610ff492823efc4dee57df29b20
ebola-63bb63e0cf7934001483254d41746a22bfdc1b99433902977a9535a4209b1d9a
ebola-114102ee045a042fc71cd8869b51e8246730cc456b14e4419f48cc11159f1ba2
ebola-2d14c3effe8f76786d8a48829606114aa7891b7315a8533d405b1aad528f1aac
ebola-1a4a5736dfb384cbc2db6e13750110bb9a97af891425d8eb7a02660ec381d5c2
ebola-86b234d03a9d496d21d379b8bdbdc92c87c6b57067357597564563ac08ede948
ebola-ce673e00cf0b873789d79b43249c2634165bc32f1ad88854464c991610b5f916
ebola-e34b59084a661b9815fb086ce482c59fff1c4b25efc9e6f5ac6c4a70e786bc7b
ebola-cdf8ef0e22ceb2c374c04cbae5bf7fdfac857b9532f7a4f1a041cdc3ae24569e
ebola-27fe77723110cdc2870cda4426b650cabc7e0d44a51c2d361907f5aa394eda42
ebola-0074f298f5c3fbf7ed0a5e7b59ea6e0a3cc8207bfe744a257fd1cc94e92ca87b
ebola-b77fe4d5c38cc242c6316c69698f452efe2e2860d04c3d2b41db665a42ea1603
ebola-bba1da97f3e01a383fddacd8cd553e039a1bacd2b697a77e7759521a8da30771
ebola-7c672e42af89937f193d195dd512918c488cca6fe52bd7643dac822d1a714bfe
ebola-7ccfe8ecea9669d0a7897f68ab6591a8459c3f7c003535d4882a40283eddba5b
ebola-6927582d7b00368a0c1f2d6900e3c9ac2148bc08b262a9be9b89f84d6a45b49b
ebola-9a31afa2719649e620f0d76c3b1f8cb063038ed56dadc5abce468e60552d098e
ebola-668995d719e371ca4bea1781a46c01128aed57d3107a91dd6fb8ef066fc1b4a0
ebola-a09f3ec2a035fbde5b20774c215bc040f884bf8ec1982f87e7dad1938c1ee4db
ebola-9fdd3a204160d93f7473e49dbc804cc0f4f523dd739a39ed00ed4fcdf629c659
ebola-de7e51a6075f4c61ccea22bd96a4359e5eadfe0681e5f3282cdb811cb2886285
ebola-f2968da50c0540da335197c3cb12c07f5575b1f9e3093e0306f1c78d97ce2a5a
ebola-9b02c8134a7c5178fb4757f4bc0d8419a6d4b09bca2aadc46b4e27ab8df52584
ebola-5f56e556d082be79960877918c48f1c0a256d185682a241b6aaf73a47c6e4102
ebola-d51ef6144f4c1abf90a16d92479a8cf487f72295d31ea3d0687f0b04bc0d1765
ebola-37bff83ffdb1b1a30158083e41e0a8d37bd6842af4a52eab42d606b7aeafa17d
ebola-229e9f19bf5d88998e6ffa7356e97c2fc7da7ff21397de38af24d865fc42e51f
ebola-fb011a445be0d7e5f89bdc6b23c733b1af9fbe7f5e9048aa25d738244c8d7f74
ebola-ecfa70b28e539bb994444586aff53de88a706db18935f615281151701b5358c1
ebola-451eb3d76f4bbaded20cc25bdd5828e0aa50aa78c8c7f6aa136e98ba893c8a1e
ebola-8c481decaaf2c69b508868c35b58353c8ac3187b52e76800bfec3c84fa18e197
ebola-75c8b723117083c900368e281021d7bfa45dda07b8b5d6ee48b56f9e8c5cf72c
ebola-3c9c03558c5908f14fee0fd7a4e093d139e6580fe0e2889112068742a16616ca
ebola-e5334d7b86d82baaba2e5cff9504ade1d930a49893308bfe55ca58975afc30c5
ebola-9b8c7a03a462c0b713fd9f35e3cd09ebb77530f5d0985b1442858b537893056e
ebola-d71bf2fc45f8ba6713c9bcc9f4d20591a109680247f7599447895aca85e38ee5
ebola-54d8894cce46cd3a303766d544dcf4e23f89863075372edd468655fd08f9f32d
ebola-0088667ab8b80c366fa893b64a7c834e63e8791b6a02d19e44dce233c3884d06
ebola-d53fc8dd7706f554af1f985592c8376469543873e7bd8be3a7541619500765c8
ebola-d417bf17322f9bbfaa8699ec7a19ca33f45915f414d36065ebb85f41c99cf42f
ebola-c39ade136d2db9f56fa40587c1eed931cb0527782f431e419e53b20168226a49
ebola-54c4059697003e23625f9d7aafa40af10541c7102461c004c5cf5e796d73696a
ebola-96779b938e634e7f6fe577a8fe941224f96b6ec5e0d1eff746844a96c45f771e
ebola-3df7613e6a9a1e5bc1338d271a4540a77c8ac7340ce89ff094c5a6ced1d32769
ebola-73b9dfdec19ba462295e59d8a4b5cc4393c074f72f678b625c7a788a7824c143
ebola-ec09a8f498e8265855a8fe8de48896e89b051a136dd5b68b5f6ffb4835d977f6
ebola-910f22598f8de2134075c1e536c1e10c2ec9fa323b96e7e33dc9ec5a03253e2e
ebola-90592cd5ebbc8255d9835b8fd14b9abb55d93c330e8c68803e116ac866198a15
ebola-41a56250ad631984a407f2d07452b954bb83ec1cb77bec1132e4cc8802fd3293
ebola-5473cb9109b70e5b2968bf3e616300d617ddee1dcbf2c3ac27f393d432ed628e
ebola-94a8de88d14d0d69bd30058e9388ab03ec3f69a18274cb4ff2ab6294619d274f
ebola-1d2de116b87b3ca887f5fd324c2948736ace6e11e93e8318c561ff317d05d6e0
ebola-af8f21b694dd92784103e84d79913075d6411dfd09994345744f724b0fdc8dc2
ebola-2e08ee5712988e3e8979890182f8b84c10d73234fcf9c2058e65c4cf5128f22c
ebola-ef85e392155a343766e31f5efa606132a9d0dd11ea2292cf6e4ef022439f9eaa
ebola-a43f235c7043e7f7f875b5e0b696c8054e8531783595b3453648809ddd3088f7
ebola-a48d86053e18a72c65c37ca3766fc039e725ea76701c7725cdfc18739a32d350
ebola-e63761feeb46f0711eb72ecb4e0a5393ff79d68bf8f8cb66bfdd2cfaa0d4ebbe
ebola-673f48aeab54bff535e9c4eae01ef29e031f4ea4245cac181d1ec320a7beef49
ebola-761d16921e592a930c70d7b83e929c671f8ec433e03e98c4fb5d4d5e147dacb5
ebola-178662329f574b625b04df6c568ce85edcfa2b0511224142a4109eb96e3159b6
ebola-003bc9317fe4db038697efd30b52e08e3aa13aadb6265dceb42fcebbaf8ceab5
ebola-04254af89f44a0a9e653f2aa59261263d2af634627739a4d2441a19d0b5b01f7
ebola-1e2951cb9d26d3d61aaaee028e00dcebbc9347e1545a6dc6feb22f2e6a864381
ebola-904c3e0e7cfbf84cd0f29781079e072ee1a5ac229cd225f2134cb5172eac2605
ebola-6d5f6649a56f0dd46b9814e1006bb838237f573f4411d87bb76599f53ca8c65c
ebola-f124996f730abdbcf79f576e1cf1e115eb6150d365926ec04b2682ffc4eb96b0
ebola-5996e4c861bb5b22d5fda7b4c00e66655eaffb0692d61ed76d05bdc3b3084490
ebola-4f75bb06e0ae4a80aa62e69e7b21a8ceff8e2fd0081f475398cf0eec12d3e6cf
ebola-8a965b1a1bfc85e03fd784f74c84ab3e41d53d3d8e898b7c695f420847c73b06
ebola-a5fed834dbe4817da46fd3ab9563290d178e08c0bd2ce8961082c7aacd320c89
ebola-87dcdcf12a4be7ab75c7764b78786b90b7f244197c2a9cd4b2ed9e850418b6ef
ebola-0ffdb9589482cd2f219ec9d58d435b73c988e0eac8f3830fae1547ecbb78a09c
ebola-4e1b4ddce930c3d7cb2b196a0f53f227a65654083d3141af1a917cf6472273fb
ebola-1c625148c4e318bcc8b78e4fb11f46898939138ff4bfecf8efabc2b5465bdaaf
ebola-1d1b4f4b5e4f4c938048884fbba02538c53b9487376fbd0f13a13b2bd4c20156
ebola-cc26aa1d6f6f828eec01c7d06957ddb320ef3f707b55f937663a2f2219d8c748
ebola-6899a622f29ad4828ee610dfb42cefd81fc731eaa1d8ede43d1d047ee174fa35
ebola-b5581a14e349cd1b625cd4a4c7437b5e08e47a8afebfb35f26d494f9a1021203
ebola-4afeb312b4e093dacd6aea3c041c4c03dc9c5103dc4d7e8a84e246b8e51a383e
ebola-c1598d4d8ea9ced266a27a4ed16986cf276536adc87b3e041d549b9ae1e3f50d
ebola-82790591955db14b27bdb2c0ebd8abba6a973672755cc7902f0f025b0836caed
ebola-2931ff705520dabb010db82103f886be8b60ac3f81c38e06ee0c8bd6381e01f3
ebola-f070ba56fd2a95786e990d6cc5f274f0348e5ce5342699d92e482ccefc965f55
ebola-e53796fa824f5cb6db452e892cb1b59ff8e8f6765ec6bcdda61f398a9c9e5400
ebola-8691b566d188434b993bfe766b9e6c13a7564d1eab001cbd47ca69e5685250bf
ebola-a19c37eb35f28d7a35482f01fe96b502c37c93ac598ebd7d4382d45d25bb2627
ebola-0d6275290fa3818206b9204e7af23bc91afb62e7419bdd052bb39589ccddbb48
ebola-cb731d97bd85b40c2bb22df8ac128b133e4e8b5d156c1f935aec55cb8e88b2e5
ebola-368920b19c6f5e2bc3a060d9f0c7f86374e2264596b53675144f7a7731467c3d
ebola-45390de18e1f307dbec5c3c15d1cf3a1337a0400a65faa8a5fa18107662fe528
ebola-2d2ad9318c6ae0d4a29ffcec8ee28028431d24fddd815c5b460b2325d3afb8dc
ebola-73d81ab33e44af44f3733fc77ce5db03d77480ea45a6b9629d1a0ce67b366a15
ebola-be3b6557e14642747bf0449759f2e73fcc206044ce0c292731e3c7636c0fae62
ebola-6a8550773d4969df0efe77f3c547ccd5c10250c3193f44f69e1c7b6ca457f2f7
ebola-9183abcc6d3d5c3cc64a67dcf4029c3d188e62ace0610f4704db021724c07ba9
ebola-91848220fd0216c8c03deca101213fe67bb1c44ff78e4c9286086aa9d97d5212
ebola-d55bf5737139b385c0280d7c5adb1392d9a011cd450be67ef5cf81b77ada7c70
ebola-103a3ca9146b25f09283f8fac54dce179d94bfaee59dc8399e09e081b74d5785
ebola-d7fcc0d46c5ca8f87f8f7376d9571a15df5e3c6b7305b6246a49f7ca80f181c5
ebola-bd13be188a73055bebddc792abf100a03e608e8741cabf62363ca7b048f8f064
ebola-b7f651f338453e0d8dbadea3e25fc87591254f0cff53595e96840b2c22e1f90e
ebola-ee3461c71c935723a6fdc8663da2f64805cfb66a1a249bf6ea64741454e7dc55
ebola-9c4b52b10d088b3adca14ebdfcf145bf9cd85edb52469c3a39293687aeb80669
ebola-54d76994004b2aae5339ac8e2eeabf41fecf2a69335e99d36f84544cb0f37567
ebola-cc61822e150d54d5f173c5ab7b96b3aa04f549d6bd93bae9f59fa1095df08129
ebola-bb92c25c060c54b28b90be7bcb7254827d5e9af6fe4aed2eea2eb8c6044ae8df
ebola-5ca3f9792dc15717ebc01c491fe8b1c6014dab8bb0ca97a1d04cc533f982ad3d
ebola-71c3a654f7afe1b2886f23c673a311d5ad79a29837a32003f998f822f97cc781
ebola-b441d13295b997c56dca452c400282c3b52ca8f1e2b54217162b13750d4acffc
ebola-dd8c3d96d8111dc852ec1ec6b3433321608858cdb72a267704b3ebc31980f3c3
ebola-4351870fcd2c512fcfa3bde41bca9b5bc583f7940ad26f4b614e3018bd50e0a4
ebola-cf4bcc234aa8602135a78e18203481115c24e6c36b8ca08bae3298fc9a053669
ebola-6d0279b6c005dee17503dc0b4034d2645b416ebafb2a3ca76e7ca02ab3666d86
ebola-2f01f9b4e1a8994e6b1fe59d24e1f7b4ccfbc79d054cdb3cdbf0ac2cce76d972
ebola-c38d8813d6a95267bafcc482a0eb97203f6f2c14bd51d42d98e035120f2a937c
ebola-e6b210538a0922dd659f91196fa4ba7bcbce3f24d3654329efd77d9345e8a0a4
ebola-7ed3142fb961b311132011dbf65d1c21adb81035f0cc58d12b9467c3e2d31010
ebola-22bf8eb83bad98276276be20652b4edd76946ae8aca06d962623d9a4b79af4fd
ebola-d944bf3ae7ca5566ea31faf26d28ad245f1b380499ff6b32d3892f66ec3f7b8b
ebola-1d885d3d22447e026906044d635c3aeae42ccd7bfb8b0484c7d90ea985006191
ebola-fb7627b4856e4aa8f32bb77f9ec80a838c6e0f5816d9fb51f94befa4d54a772a
ebola-7d7d5eea5969beff8d55e4f7dcffebdc8b4d478647b122db311b5bb23cdf94c5
ebola-9a4d8c2d9290cff492832d6db2463a6e644be47ed1bf7651bad9084d93eeff62
ebola-d36d370d6a3ae2f11fcf0f604ccdfc09c05b0c26965c18338e1ae763a6ec25f4
ebola-62c30413dff73e673c79e1bea4ab47105f02463a18f5599efc29bf22d7237671
ebola-ad2356b971acbba10946057e846346fefb9107dde12fb963d7a4854ae691f997
ebola-904ec0fd999a3ff3499d79c8286d8a7a7aeeb8d40eafb327734a69a9bde8010c
ebola-1e416dcf288fca2d50f6f6c0379ccb0d8edf527da453f401ef73459d2276ee85
ebola-c27e1d68123b38ab2563e2adf884f984e11332da0c75c5a926a90ae1893923ce
ebola-b511f56ad9cc7015a65afde9e70d20f62b26b165d94a5a6ebf96ec875a75564e
ebola-ac1dc7403531b16b6db7d9235d89ca1f5deed818ffc385f6b13723946619b719
ebola-9ce7d8fd5d2fe4121cdbca38f04323d2a2ecc51a5700ff555b95733c8104635d
ebola-637a9f752af34359ac91c121b17b70f0a9da0db6d9832527d135cbf6a032510d
ebola-47d51c577dc9c442b261a0af5f04fb11f5abd39c9c2606396b03fbf41612cee2
ebola-81eda9ec1750ae19874e78eeab3d27a52be46428982ce62fc69f9f94b25fc2bd
ebola-cd49f3001ceb304f6f152deaf6a6338d5afeb4964403627f4b4597133eac6620
ebola-6e2f5d06b37d99d7a011fe270b927a932f4442b14396e787816cf8c22dd75ebf
ebola-20276a02667399f2315f97232353eab7e11e294f938cc00752c45efd5356da11
ebola-08a96bc40085254e2cab8367aa7a45643438f11096e97b4daa7260b46ebef165
ebola-d0420f9b95dd097457353ba6dd3c67dc5b28d4c0721e22486688356d16037874
ebola-d5029f09d9a191327988df8a6dc46ad674b5e8bf961815c508c4c0f106e960e5
ebola-4e86d2e91f8ebc345007edb11d9931d66a9188becfa0fad32edf1f0357ad4f10
ebola-c85a859670a09fc4146ad876ac8b671600403be28e7a1f6182a15c2b4d7a1b0f
ebola-a8939f15e9be5bbe00d0e297f0e1178cb33558de6d978b7e354fe157b5146944
ebola-fbf89f157a719d0e697e4001777b53b5d8e4ac45888b165ae2b94e5b96b84f6b
ebola-16be80478eace133ff26e6f214200b73018cce63b6db5577f38d04b8a3636de9
ebola-e0647bb34feee91572000e25a8c0852fb7a9735b0f04a1ea4b690b9d80221ead
ebola-1437bff6a987db1c9078a66161c56db4c94480c5722cf7df366f2da73a20db5d
ebola-b86a8233eb45750544ee4fc3de8c945394481f81ef98f61103fff11c9771fc37
ebola-ebc478a2810f958926c599a015a098e4851d7700763e3a6da7bd51781fc94532
ebola-e644c25e8214b5a49776cfef60db556ee1d0abffc2c3446ff790a5c35bad02f3
ebola-c638ef7d675b5ad2c55b9694b5e97adc98a9ebf01fd9acc6f85d4017cc99d8ec
ebola-d5ec3bb628ca2a8f636ccc7717e48711e5c055633be9af5d9c8b6a33a174bc92
ebola-c3a81d8f8701228e4885adc088c2cefe964dcf1ac9c668e20ce92b524834859f
ebola-c2c77f265a5166b6ff1272329807d99b94774d9933a76cc14814b6d8e6f63d51
ebola-64318beb55f5c93f164cf9dfec2748fb3e0fb471e2ac2cdbffbec223b5faa9f8
ebola-c1e78497193cfe0bda15ce758ec0d7c1032d304c240a995f7476bc4fdbafed37
ebola-b7980d150dfbade442d821e1aa6a49b298e2dcf1f6fe4371004e447dfc3ac483
ebola-41318ce1c283f097f3c5dc31a138a1a4bbc42013cc1e18f1c17fcd12c45f2eb0
ebola-8fd469034c0dcd29d3b00e8e20ec9126f657def0435bd2ddb3134a71448d541a
ebola-86064c823f21731f9d4dfd979134eb44b02c7e3babfda9fe9b4310364b242bcc
ebola-d06746002ed005fefd9780e9745dcde1e0af1f2cba824d68b756f03ac0a2ce8d
ebola-342750d1d0ca7b085f64c3bae025328cd95c8d9cf183a3dfb7fe6c80b14f6beb
ebola-d99867e0b7029b5ec8413cbbcfcc4350f733a15dca31d1dedaa3a9c2040b861a
ebola-80fe8e5ee8dc538ad3dbf1d980f556ae08e14226f1f65f86baeea2d95b392db0
ebola-0bfb1109cd82974afa61489b3208d546ed02b52b7b8d8e5db6ffa639d8a46d6e
ebola-a251521b9430e25297b60e7819f2fb132533787e32d6aa4e7f01792546075d48
ebola-fa29a040c703f5940c37ca8df8b5aea075bd534392f915468d3c95509347ba65
ebola-28e9c7bfe138f29c7531b74bdd63975a5f81e6a63ed8ea6b51247a8178524e0a
ebola-019deb2684df4acf80309a5cd95fe204fc2508241a77a5b80f93a6996f3ae096
ebola-cc764d50ca06ff39ae9c2cf4e5b09848bc12da597cb7feaf3f6d06e5d7236338
ebola-c5b2faa224bace74ef11cf5ce41cf332de46c0d7d7e638799ae6addb5b57ddcc
ebola-0cd79fb79ed32b8c2956623638dc27b8b19ef99a1876268d58c8b6402e5dc20e
ebola-32b1c3071bae022a364fdfcfae3c808a3e2f8b4c621ee1bb75be2ba641fc4796
ebola-af171cebfb90d87fb54c9ed325ec064b93a0c66a1d6af74db184b626c0194b18
ebola-7b83c39588135b0dfe7761ed39f08bb86aa93fc9c8d3b0bf08380a2aa4e34057
ebola-e879ba39bc3dffc1e8cf898ea5a7d063ba7f14a2baafd22302abf2ad85c4b650
ebola-47be1823ef16577b893993b4181f8f82fba7dc865ce4296403efdf9b29da2692
ebola-9e18cefe7dd458bbe6459bf1e15ffde9f8b63a8a7090c297ad4c1e8b2efe2023
ebola-5d1423be4ee5dc908889de411a987d01bf95b2914d55c461ff1a9fae0ed3ffe4
ebola-fc324f726f87ef5ca0dfcd15863b62d4a862ee89bf866569318f5111f5eefa6a
ebola-a585a61a485ac58a72d743a081a91546c66c4c586efa950534e32107a24cddf7
ebola-cd06c246285028c1593f72e2f069d70f3ce41869a57099c8a91e42c5dda22200
ebola-f8922b0fe6fc835971278b2a2799751b0fe4b831d8dd82cc4e3d1a2cdb5a6c95
ebola-9c86b13afd2e24bcb8c8f8bdff825c3e015a0074450e1b4fc53856604caac3d2
ebola-2d59db346735e227473050ca549f90b9f2aa0d878e79c2218e468fbe340dcc85
ebola-7e717e36f3dcfd631422aeba16b897b2eb8565f82f1ac9972cf03f4044ab8c79
ebola-1de34cbbbfad11d85175112bf539f2f9489ef1e01427eb302e6c3d1e4b9ea014
ebola-51ce608c06139793cac90b2b67c3981660af5da9798b8afd3616d799e3d041e5
ebola-76ee128b6524652dd3b7710fcabee572244606e73cf935717397e589c8561700
ebola-9a4298401ee5625909238d8edfb479289b842dd1c65aa43f8508d229917e2792
ebola-c3f9fce8dcbaf63cbe03d519295adea17eb60e4dede380fbe83722f8b3574a8f
ebola-e2c627084dfea55543d6353cdfbc2a62735076e82148c569ece2dddf2845cc06
ebola-8f09e1a6d9b3785b7e5799116d6e57d5d273ca169eec4ac14488a986f4e97379
ebola-0ce60f64723ce7de14a4eca23e73e665d0e2f65230bc23b4496f5e12f2daa216
ebola-7fd9bc30aa2786e8545d671f6afcebe8e72829a3263d072c5dba273386b6aa2f
ebola-037750cbf994d14cc0ad85cfb440231ba71176177289442089ac48feea7d7e68
ebola-4ce42a52e463c5b8a8a1c6bedd968c663b8011f4b2a7a2c6b44403fe8c3d8489
ebola-87cd1002cca2cc03edff031c446c75855bc3930f857f5aeb10e690a3af51ba52
ebola-e6603a16805f6ab824149d7a4bf37612f3c40de99b095435f848b3b8d1a0b958
ebola-9f0c167c958016fc061b40cab60f30ff5334c1f303945f1f652debeb675a30b0
ebola-06a0ca65953d536eab0b7a36a09856a7649b01892d66fa5d889ddf1c75836c7e
ebola-12f8f630cb30910d21ba6b4b92f77a57eea8ae43ff27fc3c9c158b8eb1d7d002
ebola-0cd9aecb48e07f71f6bdfd3aff4c561527aeb3de454d253da30b239d4a952176
ebola-ab767b5bcdc816ac70e8962edcbebbf64d39488deb58255c76b053cca49f7799
ebola-9d5a1905ba7e261659691395f7773159e1ad4c1436442a299ddf877ba75378f1
ebola-6b58d53936a81103a692f90afaa1af07d7fa5badcd7b5f306ef69be0cd00136e
ebola-6667fb933c796fdf8e92478121142c9c6fc6694b3e359356b89d65c1354e3846
ebola-ab6dfae5b6b420eaa951d32c35f40ae0b22ff784f39f3870bb05269f9e63a446
ebola-5174e2f1e9575d7ec04a721e7c35fe37b3d7a401707cc78650c149d00fdddcef
ebola-4dfc8505fa273eacbac4c81ad59a0f564d765d99103804664a65fc052c264fcd
ebola-8e6a788f70a2558b5c6725372f816ffb2af767204239635959d916e16de8fa14
ebola-521b2c7dde6f46227b382607af0b52838bfbc26a724f2d712af0b48925226101
ebola-0477059438bb7f0fd9948ae3162eb7785fc5dd62b117663b27d38ce937e7640e
ebola-6a667cf8035a9733b24976ebc7b9e3938981d752992ef161ab7015604ff994bf
ebola-8993c9bec293e62a108f4dff04dfd39f1677842479c79210a2adcda1233782e7
ebola-62348384c8347b5563255c8f4ddc0c9b165c3f561145e528fac1b8fd1c1762fe
ebola-06a50bce8ddc0ed6d6333581fb1a0275e5cbad8ec4b2ac55778242de808d7f41
ebola-bfa1d3f0ec372b622e2c6121eaa90308e64bf6be529dd716fb7be8f9adc7487a
ebola-523c182312938aabf4651bda2caf5a231dfecd279c22d011446b63404fbaf51d
ebola-2f58a0a64406f199fc3a96b3046b2ef24df79f78842e07f5d228282ca7e707a3
ebola-bc5001cb5cfbca5ae9a90a2ddea3b65d249756ac334dae9747efbcd86dc2f4e9
ebola-3866339a47ea1272f5335d09798edb413e598dc5c93515405f64939acd46fd0a
ebola-bc617a93ea23b2ed1155a4918f1e988db893d59d15e0296c8189665c625281b6
ebola-0682cc1531bf935d4fba6c144f940d151a258809a7b08737e16bbf9fc56c6d0e
ebola-68f747575f14fd3d574ec4013633807a21f057ae49754052e570b5aac2a00408
ebola-fae29670900de41b846fd5dd991d04b3db9cd292f0476777efe26c42a9d3c9f4
ebola-0bfd65aa23341d2aea10b658dade70c1f47f97f2c2ad3906edabc420e501b383
ebola-c106ed04ff0fb13c4a568d73b075c0bab7a127da91eb76e5ea87505b033c7587
ebola-24a580f757ff50e50d3a3fe6a8060f8fdef55c98183df8bacbf06aedf64ac311
ebola-466f5bb53940d7f4a07a6d02c604c93590de608347293541ec35d3905a7912f9
ebola-cf039c29693dcb5e609860e693dc3821a6aa6e885585b8d81c36842bdcba4b8a
ebola-fe05911ead682ce29650ae256facd632f6fbb30da0e90823f77dec0dfd69139e
ebola-feda2c4b203eeaadd2d7829de38f0a7b50f18d6c7cbfdcdbd5971c353592f88c
ebola-bb6ff06a226d12a8a4f2c995b046fa4a71323928b772dbf3a68aae090e095c83
ebola-634ed58a203abc60fb50397b46dc2a27ac98e206875956b00c37d464fab1b2df
ebola-1f028c1c51d0392fb2ee6a485b878b9f4e6de922ab0ccd48e22d1b0e3244ef3c
ebola-24751ab1a41cd15815ff369dda956041b8597c4c3c4efbdc3d40f4cae49205b0
ebola-4a5dcacaf277f8e917d735bc1b200736475ec69ea1928176cc3d3fd619c51aa9
ebola-d5ca712d08ebc8f8c6fed87fb96f845beff61b366fd3ba59b2bfff54bf4514e3
ebola-2d48586f6531076e0c8676a9947a26d3a61ed6597f077a39f6bfb3c98715acdf
ebola-dd3272ed1e0fece691fc1408ef3ebeeef01adbfc6aade5e2ac5f26183d87ce75
ebola-3906a9d67e8412a0e693a9e52f6a428952d12829806fb43dd1ca85914c6815b0
ebola-034f996390a7a1590ed236ee1ede9a3b7f8dff73de5ee79b9fd2ec48d5b96dc6
ebola-7550c3a639ceddc74f85887873c6090c0f6ae76cccbb5ba36d498fc35a0e2724
ebola-5d139f0070184a24408a7a26ec9eafd7603ed1c9995d2f923c287d07a46b8cb1
ebola-6c61b11d670cbba51c27f5496832d0eb13546b327af60733cd667d44aaf21dfa
ebola-db9c4a9da1b05c028a61dc364f8eda766b70d2f650450f764c07974512595e7d
ebola-73e8d1dfd0c88160b3fb562ce97e0d83b0bd28dc1374e53476e6d7a21b68ae4f
ebola-0034a03fc4154fa00fae20c423fa4182efefb326216c85022573f1698bc7a328
ebola-6f68dbc7b798c23eec8d18da2d67cefc5c40d59e3abb06c60837c2a276bb4c00
ebola-6b0f1b0d10414ddd90123643613d4c416d1e1f6342c7dc7f2c142973d1f5d874
ebola-da6df0ac65fe59b8b04a57a692373daa8cc59b9f69c04e82fc84f98cc60378d2
ebola-0fdfd6dd23ff026ab2eabbf560301f7e025cf42d81f6d8a7fdda444d86f75137
ebola-f4640fea9fa67b1064434224500439707c5f000f5cb09480d74c5d4f7e40aa1f
ebola-8be91c963c64ab156fc7ce36862c909c44d3c0042bf1a03f26f676469de7f33a
ebola-9167a0be331662e433dcc20c7327283891964d4d3f4ef0f793d95fca696528d6
ebola-ba7bf21a3e11e5be5318b4733e9ced5cb987e30c4bae346bdda8c53deda1b3fc
ebola-00d2b0bf016bff290673760b8831fbec9080ad24676f23e0fa5e2e3be2a812ae
ebola-1c4dbc9d1e18a0ee5b9264909524f3d388ad4e1e9bc0a33fcd63983fb1295323
ebola-5b378818f70ad13a0328e7925b25b4d88771905136913794c22c0382888c5442
ebola-158ae208873318c2a0e273004241a2bc5ebac924496966f2b91d393022d16740
ebola-ad6eba307509ab0251e5aa1c52e9ca35836f2fa296a7a8f5af40fa45f07cc258
ebola-20db7a88269e03a21ee5540e63ecae4d4d107fa8d05c179db8317ffb76956594
ebola-77bd5fe266dca4bb276115bb8be910e325d68bbdaa5b7479a515a7b0ee6901b0
ebola-5b3d17f4ee10728a5077d32fb2616a4c38da8a19604a31611cd1c4c9473e9a05
ebola-58d5fb6a2b90e7c2a078d6b923f83cdc1bc054d4d543c2424feb06f4c93b8ce6
ebola-315172ff4def185b100d0fb6a3fc6a2a8c19ad0ce593deb674b86da9e0707f11
ebola-d6deee5f1834e4bf1a1c2aae666207d9fcbc0beb577939a7ac9e577ae38bfccf
ebola-740d25926e8eb057c1823ec70f5cf5760e46a87b6eedffe89b3e0c69341ad29b
ebola-4b05d374409eac876c89136542a3243cac0262f2082541ed765b59a03715e7dc
ebola-aac2a3446c7290fd2e2beeb8b285168a90efbd9fa23b7c143b9b8a57b84ad6d0
ebola-edc03e80a1b3e55bb5f72de3bd4900a12e0ef6d22bd35708a4e939c56bb977ee
ebola-75e64de6fd1f8d76bbab7bc152959ee246e8f5754ed9ad54828570e55651540f
ebola-d67c9535dd9865575466755059a494173b977021ac89135898d89b7b5a0f7048
ebola-e3bbf5baa040533a8319a575d9e6ad19b91fc38faeb9605b2af7c1866a283ae4
ebola-4b94d7e07b30561a9fb25e8189ee07d5d743d87a45a409d9d7659f879fbf1485
ebola-42a439973b6aad8de8a9ed095e5ca312f9a9601b7e49dba61c11732a2bd78e1c
ebola-9a2eb704181d3d175574c33974b6043f32a5712c6b4c82a9323f4367503f1e5f
ebola-d8204cec0dfb3df4e6240eb0c212c39b950f73232072aeffb5b6f248435dea2e
ebola-57fa517ceeaa539b92130356359d55ec0a95d94f19d7491eab8d7c8d17cbdf34
ebola-20cca7ee7041a7c1f2cfc73e15035dea9b06fc05aa3b089353ae5e0eb010da22
ebola-85cd26b0d121bdfa9cd2ebd5a996a42abe5d6de20d5d01f63411389f4377fb6f
ebola-14da97b6c315fe8ccf4f181696daad3d9214b1fd56614a03430b9e1d0e893ac0
ebola-700f8c6fec8f6dda5efc5c7d5ca25a5664ec9b902454834ae5f23624c14d6e54
ebola-7165c1ed963f53d5875b0f02ef7541cffe4682ad2658d6a49bc736a136d468bc
ebola-a6888e065223b46533018b5d10c03307d42d09154ea27c101679e0b87d581731
ebola-850dd53c0d8f158b121944a1d80bc0d18270310b6dac31e0386ec05def3b54a6
ebola-42eb392385fb4dffeca9c52752efd3c6398970ebd0d708bd3ababb5ea2955847
ebola-03e535794896dc6c7872d37d6f16fd753af4a661f1a5594985c0083ef6ada7ab
ebola-043134aeaf181f4ac4ddca1c932f5868d0e363fc493ed252f50c54a56de8c649
ebola-ce9a096571a34309d3127ae6b7542f3d62b9436d145e7f7532fd5a77382b839c
ebola-ca19769bb6d2b928f98aa8fc393794b8d9ff0aab7dbec798f5e157296c31b074
ebola-b369126e2153ce0f80f67b2612c4e8200588ebec1dc4c821b9844f84a4fe426f
ebola-e65f5343f1e527877625b57e519da68d2f8f5cb7822327644c855ce3fd85b01e
ebola-14ff3fa0d496829b3d548617ed7b94b79b0b67083a7bd82f02d2986c3a2e403d
ebola-323a6653130a090fb92039b8a7cc04f9af233b6fafc94813433b462e2e6bbfe3
ebola-7d9707cb3d6693a1c01010bcde0f7bdc1f1ed947d34aa96fc4bd7bb47783d848
ebola-d6b1063fb22bded891a7646f7bcab817d4e1f7021b2352a61fd2658e68fc843b
ebola-e94271e1b041016f75a502f3a145789e87247d67b499e267549e3b94551a873e
ebola-002c729dab5deb191b1f91d6b7175c51753d4a5724c4fb33b385f89347c3cd98
ebola-2c7a105cb827d9011a1ecfbd6c8582488143e49df2606cb15801cc6d51043872
ebola-7941138fb7edc59c0205a3f7bb9b9af48fefc16eaee395aeca3e9ae057e5b858
ebola-cbf9ddc2020c9639c2f57e2c1c77b696ddb3315ed3650d1871bc3db9a8a0291c
ebola-e83f2bea5aeea1e63ce2759f110333efe4ba20f3808d48f05606ced17e8aca9e
ebola-cb717a5076d7242203b89a61bfa8d99e042dfb9eb1a21122c8e7a5201950a2af
ebola-ace24c582558f1020f0d497a61d8942bcc63a2409c90239acaac38c61cff1e1a
ebola-41e50b8fc5aa4d74116b14f97a19a6de59e6f2c326270031a3db3ad81b54f848
ebola-1cf06c98d0d2aa18a4fddf13ce173692a22df26646a1cf94c6ea76a9aa2f8a51
ebola-8780c2928931f979169a6cbca1311b4e6b00572472768b6eaf55f32ea58946e6
ebola-4e48f676508bc509a2874f8f515bd248bce644f26e930f8be3fe70cc7e38cbd0
ebola-f46b0e18045beb10930b9c5d2cfed552ff2e22557d8ebbb66985d27a04702d58
ebola-df34bcaea663c9f01d0f4f266ee4bd495854fd5fb39539f4a7f42de226d21405
ebola-a7d607c564f467b6565cb859b70577390eb54dd8170e34423cf7cf49019ad4ea
ebola-0547f71146afd67c5b7ee99caf30ce25da5de1bede8336f29663d99d153af4fb
ebola-160812859efd30ae7947bd6fc20c04f83933bd79ee863d2dc4a7ff3e6b5f9ae0
ebola-326b85011036c5e2718e48e1f0efd9cbbd74779bf51beba035bffb4aedc8b9c0
ebola-c6dd2f54b9d0ecf12144de19c9f38256ed1b431b7b1383aff3f511886fbda7a2
ebola-c31859ad53f383f19afbfdb85ea45a5f2159cb3a10c3879ff3e18636f970e50e
ebola-1ffb6f727a156b592eee0d59912d21deddf2ff278be4ae13833209d68d0d3cd2
ebola-a455b4cb26732e7885ae662464ec0f1dc233af1318a81bc9e2f800ff83ae9144
ebola-4eca7ef71fbe1859309388cdde47d7638806f6ccdbd3f670a6e1d159a52f56b8
ebola-7b0be8d81a5e007786c9725d0d5e34b99d66b67c50a95760d2d8894ee14775b4
ebola-5f09ffd2a5220368119596207c6bca457f0dd0eec4fa2ef8c72f665a4cb65bfa
ebola-96fd223ea11f3e564a2dc95eb1e46efcee8b648302560c9983b5a64eee325664
ebola-7c187d4e20499e25a4c94efc77f5911ba41411cb3cc0e09182b052f89f9f4030
ebola-c9ce5cb7bd68d3cdace48ffc67dba9dcc6a4deec8432fb2319ace4b900f8fa76
ebola-b27c1d1748cb16e5c5a74a4e4fea4ae9600bbd53f1ebe4ed569330d576bf457b
ebola-de9a717f951ed74fdf10de34ec2eb542991131091e418e2c33af25f92d94563b
ebola-cbd9f3a2736714c5eea1a1433301452a75af8eba00303f9225955e373df4de6e
ebola-2f0c84630c58985661bbd354b86033b0460a7d477b9ac6bb7724602e2a94376e
ebola-6924cfc47be8c403d6af50eccbd96f4425c56f9b66d3257718544d8f2708ce0f
ebola-8b44ce97bb8c82d704dd35eff1412672a896908bf8a94d450bbd307e6b4a320e
ebola-15b6bf919991ec0eeece382a9a52aa42e2e18515cec8441bd53b011138fe1ddc
ebola-b250c48812f479ae7c9628e383c5ee41a34d782f91df591a5fddb9cd5f3d2104
ebola-56b4943655ab66c9369f801990d3861e4b4ac74e02e995bdd6b41b15017cbbb5
ebola-94f502fbbf7c2b94440636ff73e4fd1c24c5ab6aae9ebe391bbdc29fac1c862b
ebola-3fcad12b0aa532d7a35aac52646a189f54e4a32049b7c0b62b6d3373770b7d4a
ebola-9413cc41ab0cfa94187705ab6a319081f73cc1dc1f44a0d8316e74302c60c0d0
ebola-c39f895292d08404d00f082a52cc1a0791c16553e98073b46a242effc95fe9cc
ebola-f227c3e2c5c4cdcffc5c5898756854c19a7ff746bb738b0e86c96bef74883511
ebola-84033bc693915dbd40457668c3478326fddb26d27b0e9eb2ae78372b6cf4e0d1
ebola-8e63fcee90c2bc74ad064cb6bff351da562fa9abbfebfc7c1abdbde903b5facb
ebola-76d71c02724f6517e63bd38b4cdbcc66e888f58b756818cd9bda9cfd13f88ad6
ebola-f7458519f242a05ec21c735c10c9b9f5ed453dd2fa74597969776fbc71c6716e
ebola-ab087e10c38ef6bd2cb21ac5a3a10be265d04901b7764763096e2d51d2d18539
ebola-6ff00227b0fd2ec1cc94acb253a19e9f07e5c3e717818d621b61378577c5676b
ebola-b86dfe39febd7984e03fee814a86c199bd4ccf06cf79c28c6fecf20a9dd21631
ebola-6c1ca9aee4cd98cdfbbad1fc9b416388b38978ba013feac4a58619200b03a885
ebola-1cb7ef6223436be5983d74d3fcbbb3cea89042415014442a8a5c2f9252e15387
ebola-f6e32dd429aebac85dcc0d7b6547576c658708e2003f6912b3268ada718e470d
ebola-74c7619f0007171d13b12d612f6273b5e7ee99236d1cbb924f6c93e5210fc39d
ebola-9795e1a90f7c2c34a158987b9ffb5701dbffe9d04080c6aece791a088cc86fd4
ebola-7e752ea6064b0fe8ed49fd53af96e4d5e1e9fe4c9426cda75ec807595065774e
ebola-2eaf1fb169079da5b32a0a33990b9adf80689803e90a62f49c1815e34f56cd3b
ebola-b1d51a076ccc877c1db1578f4739c3e19c824a53fad6115f555ef19a10ed5942
ebola-5230358db6621c54b1faf09ecb29cb9ebecfe7c4baa5f81d06c479154021e44a
ebola-64f8a77a81fabfd62f7fe9277903ad939d8a72d329d108e06c84fdcc048bb77d
ebola-862f537bccf7624240db39e2c0565e3a95917e34548bf51c650864363ffafef7
ebola-611c9fe40dbab180622b0cc2775b87f16553b9aa8b4d1b05e5c771b849dc3e8e
ebola-610391e8527001ccd6f0327b1b3ed950c5beebb521de98998728de451926897a
ebola-7bd2a8e3074ac320e6e46f31182d312c2d04d1ff7a8e3699dee02a41049404d8
ebola-814ba10f927f7ef71373db6b8d62c86eef24abed0d9da4a12a43a45f30ce6244
ebola-fa0251f81f878fc59e6ff06e31bd831b14727fdf4a069849795d4de3a78c7a27
ebola-5f1515b34f751481b300ed8301346eb5d69d28dbfe892c294d1d5d7dd23cb2b6
ebola-2b96767b25f6325988267c9260c76e60aaffc7a9edb9bdb810cb5a40740bf37d
ebola-9cc005b0d766848f26d10c36683eec6a1abb7f2f84df6502d580ade072a4ccb8
ebola-dcc880d025dec7bde8d2bc7a0ff52181c81eaf89aa991c2d7918ae0cc1f41252
ebola-89c1f13f03148b1116ce7f4d9a40eda62f8aa32ebe8c10bb5f8573a73dd66a6d
ebola-07e8098b25d671a2a4e8c74249c89974a28fc349872a6bb63fa3efdea0e63885
ebola-39d220c92a17664c167046bb092547053dd88b4a7dcfa3f707b896831621251d
ebola-ee49f1179a64eac10ad4fce552aa6489554cc21beaf4f25640118e7afa9c1549
ebola-120d08ca876b5f65846d40ea6741cf52c8f922dcde5383366690b2e8ce08a882
ebola-cfe971232dbbc247300931fd190482f728de30e41a212298e3eccdf2a34a8967
ebola-4ec04d748c7a81f2d13ac30520e6b18240f485900fff7c503ebcb99214e33671
ebola-4de1971446763c59f87e43596d27a2fb137fd4b967504c2fb0086d27395cd1e1
ebola-a9abd13894709703e153f2dfdf66d351794934c47e73bc2043edb15f01b2c49b
ebola-fb7ec1df3f09f5503570b9f0ac08b1d7db5004234b2998f1ed399fdf41e67b65
ebola-6fd5b9f714198c41a3160ff1e2761a971fe00d298b8342e089b165776016b4a9
ebola-b7df630b1d534b04a25b8250033c12ce34d78f541261076e50b501ef8bf8fd5d
ebola-b5ddb00615f5305b226e0260d480eb0b58c8299c6dd91cbe2c50cd1e0ffbe42c
ebola-ff1fc23c0f04fb8f34d59c2a1a3889940df030499984195f2925cb4989bd1441
ebola-95a5678b0be7d8dee2bcc5a7bcb92a7ec7365ed5fafc218bc0f2b9dfa8b0a751
ebola-8a7550f51d850e967aedf9bc620f7d86615f86c08d15a6967e8ed95a77035323
ebola-95145e535ce26e16768f8683dc8d691c3ae9424c2b963a6c23dd770981e07ecd
ebola-3b62be547ba123ce9de8fc0990760fc1b31d14d3fc59f03d13cf45f17a7863dd
ebola-b274df8faf77a1db51e5455bcc83a986e9b018abe7f6ed4ed2b0902dc29062f7
ebola-137959e5ffe2a02b04e102a6709fd83c8f4a65494df208a8a7bcbd053e841d5b
ebola-7b72a8193da72cb3e5273665939d7880d8a9c0cb187167a714b3ae2af871ff91
ebola-1a604703ecf6ec34c78f60efb68d9c47b4ee9ef1ff3f93adbf9260b09086bfae
ebola-4a5b59040952c370ae5b5a1aaf266689734a322eb474fc8d32931cc03c89d3ff
ebola-b707f3c79cbaf529985051e93143f6e428bcec274a082d811ffaa3419fc4b5fb
ebola-7863c9b3de04178a859ec851172ecaf6d11326e140988b3d8f8ba3ab6575487e
ebola-72f997c5f20505d741e97a0772e055c5743967650e415e214bbbf07f4ef147d8
ebola-4a3d69d50cf3851c90994864a7d9a673ade715be63906d3aa3111039a411114a
ebola-f9f1168d049e2c0fa7e86e3d0a47c0ea3b7492996885a5ab97dfa55dfb7dfa41
ebola-7c21566d0cb7890ed1e561472ac158a0fd05fcd5c9d755bc27422962abcd2a62
ebola-9300fc765d7f8e838fc8d6380da461c8f3b6c12b098158b256f0de47280b3468
ebola-d3fb73b690d4dc8ba00c701e084db051dbd5a50f29f0861e55958f8eb00d5cda
ebola-1495636c01ffb85065520eac006ee434bebb858e8938fd80de2770de2fc6333e
ebola-7eab8ac8d2f84c956160b66a5b8287aad87dd7c37096fd632e4c783b0047ab71
ebola-d61e35e73dd854d0c2776e6e7891d47c521e9325598e89e0d75c8443251d58eb
ebola-39bd417d38c40c5970bd660fdb1aed6c248f07b671089a519f410e113123a514
ebola-81088b29bec26a93f10493282aa7bb064fe7cf006e9ff01827eb886c26e7ad3e
ebola-8b84fc6d857e5cd1ea3d2c2eee8779d9baf356955d4d0ee2ba1e384da1960c0f
ebola-18134d7db2e94a20957c87622847575bbe84c7a5428152f311b7f601f2872f2d
ebola-dade29b812414c8897e5a1c22c18a741f57e1490ccebfd811a764f6dbc50edd5
ebola-c6e5a4f61a9e2fb6b47191034536174a482bfccaf36c946531f307dd79cbb00f
ebola-73c164fdd235136144c7476ea022aa6937ed5dbc054ecda32bec44c621f8b3ba
ebola-ff34711659e27540799d7d542dd5f4e402ea3f8caff67f6ed8b9f4e3b325121c
ebola-0edf55280b22fd03e8bdc229792e04be4afcac03606d21f5da7e01c2732cca18
ebola-40b83f7cb82509e052ff751340df58ea61ce1be4cd9b33e39555159f860f4442
ebola-43da1a6b81362d0adeffc63e82a8934076f5b927ac3ff4dbca5ebf78137907b1
ebola-e83a5a22170786e19025ed2c8bcfe1d3d87804b3af1938df12a9cd6798ab11ef
ebola-9e2aa31ec3da2e5fd96b6a389aac6ec0082b32a4a122decae2ba05a7ec544cef
ebola-7046e664bd643abc473f9ef7212f145fea0757d02d7defaa50993146c6e80ef7
ebola-84dad4c6d644e7d6e1b98428f52280602c7d124a091f4cbca8b2bd9b267878ee
ebola-9769ef9f95d4beaa1840d19937beacd524752949c31ada545e05db6c7a91b8d9
ebola-afa1e942b4823c55f62b4455a5a0802cea320ade0d6360c4ed3436426cd79e6b
ebola-6cc92ae899f3588bba33660cef22a906b7bd51b1402801c21feede3ecf9d3a50
ebola-b917264d7b1235e33f2a0f3916e637a3e4b5e9d470248dd6266dcadb482d8756
ebola-b0e8db858fed09d76a14a80e38f7c4060f342ef111b33d08cc21b25a7e693a27
ebola-2cc1ad8c88dacac4e71f96c8f6964f8b2f8765211f26b707d1b41a1b9ac01720
ebola-730acf53d8d96464fe2ded0b6a7e5f1b305912171c1b5ee89f71a64c2d1ae01c
ebola-7d8eba18edbfe9287fabf7d8f740ee0e87a33cbd038158caeb425b0f4559dc58
ebola-e643d7f0793fa3c6fb34c006875762bc96c0089985129c267605b76534d4f987
ebola-97a2b7a4fe03064e165271ab4cfed501ac4d68328168572fe58ba67cf32f4bcd
ebola-4a3e44c7e2340eeec2b3aca42d0fcc72154637eef111ed5b3a1cda474f36b4e1
ebola-1f2d97edd4e93903bdf2567cc3a0322f3dc135412763104878441f2127321992
ebola-18fef7c274acaf0bf11b35a4854c4da37dde3fa075b516cb86219623ea2fab20
ebola-bca0ca99afafc97dc4b671798583a31fe49459a56b0fcb9c79c622861bd23cde
ebola-7fc757b9cefd7e995ae90dbdf6aa87aa92b1b9f4827c8d5154c7fe42acda2735
ebola-74da890e9cdac9fcfc7aed28b4296c18ea4a7c69860a7978e0bb5e22da850bb0
ebola-f0c77aea96e67ded9fed26bbada1036b98e1b5e2aa03226c4a6d272fd3b7c659
ebola-e724aaae1e19ac64d3ab348d4e8a280817226df9d9213d6708ef1ecf8603cec2
ebola-887f93f96a989b964ca0b353cbf67fd4cede35f660ba2dda731145376bb05d71
ebola-ef26708a3ab83e0e7dd43735e7bc84e9a4336d33b8cbb3c3593a2ac4d7ea9cc7
ebola-bcb9a1184a61f065988b5f4a338570243a506a2e66ed198e32a4e95facb5374a
ebola-06eb98bd4fdc3a120942f7a7d26aff7eb53d6b8f5fd76ca56ccca30381e8f503
ebola-52fd00b744e3c258231213cd3ccd7e5626393047f3a738785e984b5d019acbcf
ebola-ee4bd643ea8dcbc93b0ad89573f69c9f11d5fb0316f459d75017b0b8f3af9ad8
ebola-dc30a85caae2db8bf7a74c646228a42520724b05829b0a2940e99eb0e34ab962
ebola-490d8fe779138c95f8d9a57601a2cf27afe77f91e9b64790104fa42b39edb399
ebola-f70712e7cc673ef1b38e5467950fff28b3461929dc32b69c964c36cd4066e817
ebola-e68a0094b63dc809412294fccc51fcc2598a96e63a8fe5449c1389753c2ca47a
ebola-b49623544c7862d793f0105525e56738444124f16ed91c537b8da8496d3ce195
ebola-62f68a0b188aca2517a4ed741a69b79094ebec6dfb5af221dfdfdb5aee8c4a5d
ebola-aab6a0d63350d20d215e67cfddd3f3538899eb4b097e409911fb1149397cd111
ebola-c5f7be1cc3d634230ab2881982fa140b88ff446f1aa302a109fc76dcecd2eeef
ebola-403b7464a17328c944166604d073844057d9238990d003d48b3692e8cd056437
ebola-4307d9b58a5d53b826fdbf2520cebd65e0e2bb70a91755c1fa6a0e53f15c5f90
ebola-2c66ca587072b297515be8690651c5862a79385a35d0f741065b0df7ad882b77
ebola-81d13bfcea5660d7251bb4f585358c5bda113ebaf7e4c24ac5141ed4a7dd02a2
ebola-5ea6d7661f4e63c85a92a71cbfb143a392a15a9fdcf74c9ba6fcc3b1a79b3926
ebola-79a3b6c0a4d13039e803c202c9deed8fce71a1a2c5303732ed67792f6d66aa27
ebola-b57458622edb4f1ddce19d46dde97ace3488c54319b6dee06f3a3c505a5a9fe5
ebola-d0f5f414301d15ad76c33d8a0cb8c8f7b15ff4108caac5cb4af1cbd17990ddb0
ebola-8f3638c4d535fdfb8ab500a6f2fa8e139626371305f2cd6964ea58792d014def
ebola-5fd733b585a9d9cecfe05a7e46d28fbac4f71a0a7fe6fe300eda66d30ffb9261
ebola-07ac354771f77bfdcefafa1d7f03c6eced00e58e8807bf43b69841fb50785d6c
ebola-30887ac62a6c60c50c6681732ffc4c03393715e143f4a030280f7d6e9f4b8094
ebola-8983b0ab71a7b47d9079a470b24dc4ad2edae90ea8f99de916ffd5a5b898d794
ebola-445c4d0afa0861fb653ec297fe1340f2c3f271316be24bb3dbff374601ad1514
ebola-33cb6eda83d59d9ee23569820f22d68e641ec84f0f3ce68bfc7df6b43ac54b16
ebola-804d0cdaba12fd55bbc8ef4285944d495cd85abdd77ed0766d8df55a68078958
ebola-86213bb75d2fd6c57109928748cf95570233c69329ccf59d15bb9a793967cef9
ebola-597e40bbf0f9eecd9de16986d794d1da3d6c81c9ef3883d589d8c5c648e79c52
ebola-dcc229a7de746f6e06bedd2a54131216b73030e3e7a8e695dda27876b8726edd
ebola-71f90cba6f84b24af160a02b35826a10408ecc4ad72dad73ac91043a43501079
ebola-af336a9004d1b8a1a38638ff188a6ff217d92e4cca1ca4e7bae59b337ed0574a
ebola-f7ea62c2179a288d75ae3fd02706be1277306fc0cec3256dcd2bd24edbaca956
ebola-ec5de982856ef7e08cd1fa33cc04bb7738f44839cddba888af1c6b33cac62080
ebola-629662e344fcfca277ece630084e2fb98dd80e69bcb948fb796201ea27981edf
ebola-8cfefd780d34df1268e28b0091d6caf0b5336aaa3b892d1143fe7bef71b6b0da
ebola-78d8988db0512174e0f7867e6fec7e1238b06743cb3613f5f8b681dca3fafbb4
ebola-c95ba96c8a521cfc1166a39a65610d962fb4f6258e98a3d024d46381a648f457
ebola-5dfef9941ae8f4aa297224a6060c71106869ee9bb69173a6a4a14138cd184cee
ebola-0563e40d3900e1b6de656b5351952e3bfd4ab376fac769a48a9fc33a34a2bcbc
ebola-0eba1a859965732341ed40de2f88c1f5289f29c1f603baf6119b74dc8f549161
ebola-09946804c4523c37e1beed358becfc5d4f36a79d1aa99378f4cb6c5c0c0f4554
ebola-91c3dc7411886f0717a3e2da0fb8438f1b8e86eee081fd89d425f58627efc2fd
ebola-f4e3f80d74be92da976aacd770825c43a0ba8a9dc9f8f9bff354d240c9f8d58a
ebola-cf3c58aa903424478532508716abad4aeec3d57e13ac6e2f95c97ab0873af5ad
ebola-08d4b4b9bcfa8f321f6f2690b0947e16c78d52d2b1ec75ff6208b6d5a944ef21
ebola-29dae924e02733b10152dbefa4d16634f3eb88dfc47c8f0e0aa164a348a84404
ebola-fab7f26bedd59000377da8f4e9ab7dfff5b93e55aadff62c4c856a00f8c07458
ebola-7035ee78cfc5f14b886b0746ec099f13f206516702d3f77ce22ea6f9422524be
ebola-7f03347696538e73dcc0eaddac2d1a23dcb4521547d7fdc1d0ae590a75dae5d2
ebola-953ce4a632f0b94ec58c7eb21bd01de3ae3101845815e7d5e5a661b8f575111d
ebola-362038fcb0c3fe02bb40ca4da7ec8002ffec846b9e3b770a922121ffd0341cd6
ebola-59447e2f2eafd79e4ab38fcf516b2f869d842cea25340e3961d1584b4576acf4
ebola-737487aa2d0822808b25adf85ba6d32b4d260d0ac054ebe8eeb9a14a92e5fab9
ebola-ab6bb58bb677b80a00892e67986805bbf5b833aa27bad700fe61dbf9dbf0544b
ebola-3ff61a15e43b6c85f563265bcab9df222f19ee7bdebe19b78bf915e1cf26cd59
ebola-823f9550deec3d3c11db179d68ac83ad087db8642a22635267d9dee1eb99b720
ebola-4dad661580ccc057512adadc4202410fa9e6f4bdd0d360c3b2c57c2a8384e2ef
ebola-fc4bcdec6f94425ee5c01b7eebf91d7aee2da54176d5658b3437bde64e28f8fe
ebola-f11072efb9c0d421e664854f02c12f89f886165e125e943ee9265edc8275a1a8
ebola-2f4be17ca8a316f963ba69271a964555c17354942cd7472325de25f19c48eb56
ebola-19a2b27b6e3ee23f26c2959d298818f3c2bd660672493b4fd3c526f5b0ea3c29
ebola-aa0dcbbcf59a4db65cee02ae094fb7949c7fff31703c2a97a00be648247c5ca9
ebola-4969c7c52727df3520ae1cd23873091560af415e24cfa3ad77fb367179d92247
ebola-d4c30f77c6f96cf3434cb0748d6f398b9a08e18405a3b6d6e0c4e0a635710fba
ebola-89c4e2b7082aa0d32eb7bee3373a62842e652102c1800f5abf7efb398079651b
ebola-8630515deac41998a72420a643284aae77abab1197943e119f7af319e9d3737f
ebola-10a034f37b3366ed4e94d5726d6cf626a6e030121795bc9b230c77f4d59f2a8a
ebola-5c6d8b5a9f9de38cd253ab4522432edad87d98c5d4e5b0d1ddc28710c2eae77d
ebola-a19c37eb35f28d7a35482f01fe96b502c37c93ac598ebd7d4382d45d25bb2627
ebola-2daebce86d2fe49e9a52d003c48f1e4aca64a4d652f0dd9aa38e5bf6b5b44760
ebola-b516c2e6e5c23d6e8d155715e589bf80d9967d649ee4be2757b84b65f456161c
ebola-47ff8a117457d4fc435d2a781a83ced34a07f94f05bf774717b26a53a69d2f3b
ebola-b6ed1d702a50514142ca433d2329a9e6fc8603db0266314d9a3d4bd832c2ae03
ebola-d64876e62f4852c1dcf41a66b226819758795172d3f80d9fe2934623fcfb28e6
ebola-28a9369b9f1c4caf25fb126bdcce7da84158ae1747f68a1bda7360c78a8402c0
ebola-4792138e6db41e085924648c503fca92f88b9bce731fbb196ca1e41c516f747d
ebola-6319dfcb7fa0af5a3acd8ae4530d633e5699666d645c798e5032df8fd2cb12fa
ebola-4d664a8fb2d3a55d46fb6bc748a9a6170e64303aa7fa3d5d713ca53b94c9c827
ebola-896a9093a82f02e43ffa7df23aa405dba12c6c78421f03fbb49cd22dc6d52742
ebola-24fa6c607ad819b59bf9c0d5eca6ace85356961f3fce576ed1381be374168778
ebola-42e796413c441e0212cd783d26cfeb323fafdfde32596dfc64c68e629816b730
ebola-472a5945f867ea42f220c7a7324681702551862b5c9c0949c03502f9959c3c7b
ebola-238c5407974f5c475be24c7ae7573b981b90fc0e63ba5d09e070c7affc20f75a
ebola-d2cd6a7a166faeabb019374a08380fdbe6eb467696ec739d0b1326b148cb94c7
ebola-1c964515b6c3f11a8a0483577c2e8eba328f912b366777e14e35fbc1ecac592e
ebola-46f4b4661b0334f9be2d1e92ebdbc60287d33ee4e01b7f15d63b3292a0de46ad
ebola-a10cbbdb7317913f4fea510475cb17e9ab72ec566671ce05a32b12f4d3ae4f35
ebola-c0b8f862a575f1b5be50fb95564fefc98003c0e64d329a6203d17634d2ae0354
ebola-2588610c0077ddcf2e44e946720cbd9fdfc638b028a7615f46a5bd56e803993a
ebola-fff37dd31129f7a59ae7ea085cdcb8d222302d46d150dbd6cb708903b39f2718
ebola-49501898f76a8af316ddf460c4014396724e44c54885283386e4b995d7d9181c
ebola-e4fc1647404f8246d49c9788b0411d0a074419741997cf4574a8bc7dfba1c260
ebola-17ed15775fdc8b7d866cc8b4baadc808f6e509946a4d97fde3dd8bd3bd612d0f
ebola-921399495ad5c5c0da9abac40b31d1a4d90cfd2417a975a90043789c43059fab
ebola-90577fe1aaed1566470427772d152411b794fb637e161bca0fc839c43c353a65
ebola-68bba9667cf73798bcb05daf04584573ce36d192ffe66f22e4f461299496cba3
ebola-0246183750534e8c1bb01a40483b718abe74f61d128d98738f0527d5d271ce70
ebola-127ffd29ae61f4c9b08a7912ef0b84bc3a47a4b6f85a69887c6d86f8bd241c41
ebola-55607dc53e540932277e771c8cab0dc02a898c563057e15e94f8a4fe1d141bab
ebola-d15f3cbab371edbebd7fe4eb6efa0dac1318fceb5efcd1bebdfd186137074a5a
ebola-8e3d2d0101e969564914945704cc0fc35c8be14c8e0435a3fadc603db18caac6
ebola-0d00c42429a46ef6ebb8c771f61bd25c0efa390d2000f0ff24179a80957bb017
ebola-429f6bbef4c1330c7fa86baac02e7ea33462c84c2851820c4a713ec0ad483f8c

list/click  |  time: 2016-07-07 17:11:27 950977  |  # of fields: 4  |  topic_id: 331  |  docno: ebola-ca835b0f253447ddb2a9293a827f5351d19885f1638d4462be5fedb03d0e63a4  |  listsource: lemur

list/go back  |  time: 2016-07-07 17:16:15 129942  |  # of fields: 3  |  topic_id: 331  |  docno: ebola-ca835b0f253447ddb2a9293a827f5351d19885f1638d4462be5fedb03d0e63a4  |  listsource: lemur

list/click  |  time: 2016-07-07 17:17:37 957821  |  # of fields: 4  |  topic_id: 331  |  docno: ebola-ca835b0f253447ddb2a9293a827f5351d19885f1638d4462be5fedb03d0e63a4  |  listsource: lemur

list/go back  |  time: 2016-07-07 17:18:09 189147  |  # of fields: 3  |  topic_id: 331  |  docno: ebola-ca835b0f253447ddb2a9293a827f5351d19885f1638d4462be5fedb03d0e63a4  |  listsource: lemur

