login  |  time: 2016-10-25 13:57:16 557434

query/lemur  |  time: 2016-10-25 13:57:26 892535  |  # of fields: 3  |  topic_id: 124  |  topic_name:   |  query: deadth

result_size: 0  |  num_tagged:  0

query/lemur  |  time: 2016-10-25 13:57:32 944719  |  # of fields: 3  |  topic_id: 124  |  topic_name:   |  query: death

result_size: 600  |  num_tagged:  0
ebola-ee993e705020b5999dd196a593d9d317f2a8571a48db3542219beb64d84a61e0
ebola-a48e13ef400ee439ba76fb031e310e3930efec61a750d08a35ae85dcb7523109
ebola-e7ba6de9c86b4cddf3aa717bfcadafccdf4a1265079aae9a53a59a1e5aba8f00
ebola-a8c9ad1df2ab20514dc1dc6aa56b54eaf85e0e72f19f097ddc81dd34587887f9
ebola-fa09bd002ca84995417848a8fd585c9ed91c09859c58387fbae2b97e29d1e0e3
ebola-2fdc928570a698b80cedc1d9b1db08ddae088a4f953551c6fbb783ed4ec730e5
ebola-a54a1c7e0390272e34caf3fdf8918c207b9c6b08d9e8b2b7a0e919bedc51dc20
ebola-f764d093eaaea25b06f788c0cd5d9d997f6710fc289d4f3f310ade6bd58800c1
ebola-b6b8003f23fc6266b4994529fd41d7ecca71d12564d892c3b165fbfe99fe44f9
ebola-a53e87a4cca98cbe2945c4f1946dabf7d187fe42e0effeee542d320a55348b31
ebola-fc91f00abb0ba5e83e888f2b046ce98a32f024467ebe2dc865f5a8e039b76ca7
ebola-6b3b2d9b6fbffcb1c3a79062097a57ea295874d8fbfb8d2108a3a2e5580db53e
ebola-3ea91835fac5e2d72bdbc4dbd6f6471494c89cfcbac35b15f457e27842139728
ebola-9bad363d23007c1d4f8a69e000eae15607211c50faea79ee26fcf8b2e48c117b
ebola-818785c8aed98d83e86caa72b9af1751977d0a0c1dcf2861354c52f5dff51660
ebola-8e9f4cf4b697851be7e636c0f77446a3cc6fe5e90948ac5682c23a25457f9d17
ebola-d4980a4ada7df7a2328d7d7eb94b0cb84e108bd2d9345eb9505ebf1092ea02ff
ebola-6f0f034cff10973b4394a3480bec4ff8fc65198ffbf59d09f1df48d8c2f1c17c
ebola-8fc33b5bd7cc2dd1e3a936b13139cfa476adbc23ff7d0a1b0dc91b08815d9ee4
ebola-ecde6be6a6b024310bb3156aa6d0598564c3f295c98f8e445d3224192c081720
ebola-278ba0d9b24715767335660d4b1a782130fb6acdcd2e57de20f3820e7bac9815
ebola-5a9562975f9a5b604584e621cad5ac9b3724615777762b6420abeded585f9a0b
ebola-7f45da0f8884fabb1a69387efe2c65ca630d793e3b55ad57fcae4c2a81013564
ebola-ec244ea38b736183890d33affbdb54afe8b5c5ff21d2bdc36d4789d570d36149
ebola-7c8ee28fb907818113c1d98b4fbf2c50d0598eeff0948a3f79313483995bf18c
ebola-3c74d1a055f2c7e0805fafd04396fda0a1709aa74915ed757b54eb5faf50be5d
ebola-843adc0fac7b8c6f347daa065bcd323c7e7577994f6d70242c519719cbbc1202
ebola-a15eefe1120a25b4357e2ff26ffbd57760c46396b51d5ae4da75d4d0cf4b092d
ebola-621d4975aadfa1312dea580a50cc49e74b00547014d0c74fe29e73b8d585f709
ebola-c7cc204cf81ad9cca0d0dbff9f0cef72b3041b9fc8628f053a53470d2e43dd7a
ebola-ac150c8d27eae0300106a1be178cfbe76a13d83bce6d680756a074d5af5c8d77
ebola-f6beaeb16504c258ee7ed97f86269f46d7ca46d288170b7218ffc9173db90eff
ebola-a19cc5722cf8bfb3f551deab6aade340241ff7c628b1485ec97cb940986f60ef
ebola-eddab1b269d798cf92915ce5ec5291104193ca2b0de15346c7bed431455ec973
ebola-1def8238718cab58e94362d44e31b4f7b2f58a1de933b7417911139e1d9b0170
ebola-2ee88f9054553983ece5c86f6eca4791ff4835ec3d5d954c4b4e7e176534e54d
ebola-4984a13037b60343ae6ec27b858df392e3f34e3d40d473f61e6dbd7d7f497ca3
ebola-0dc1f79b01e63c1d3bcbca7a18f54966d7c91452b368d59536a0da8d4dfc3656
ebola-1f78f2b370dbe765e2dd854d4d164dcfc4a45c20015288105b4200f3104e69e5
ebola-319737016cd332474a37074328f6cb116a8d4920d272af4d33d66c6940f78a32
ebola-897484c359536d16fd970842a690a8c61be8c344aa2d89252f70578abba74f55
ebola-10b8b9d52f50b047f63416a388b71ec56c61438e2f638ecc72f289a2dddad305
ebola-0538347b2fbb5fefb728c52d230fe7f50d9017be425f0fd9b128629131215a76
ebola-f9f1e3f9a191631a8c4c51e150461ffb7ae192dc0e8a1643cc3ce80e12a4fa7d
ebola-6031513589c8742c8b24670c07ff3be3c18e1f6f8e2b2b53d0179461e3619ae8
ebola-515356a87ab6707e5f9c3041a129c5b804c5ce014b233784093cb0ab0b698953
ebola-ef9bf0ab5abd88d877cfdc7a95ae91df69c8354d8c57a951db31739da28abfed
ebola-a51960f53b4e44ed9b6af33d12af462c89c2bb0c2decfe4415cb4e129322b528
ebola-b68d5804d1ff500c5048c4f2fce8dd6827dcbb9a94ec7495f2d59d2957414f85
ebola-c296074dde9e7030cbf6667d77fbcd804d6e710356a29dc6516cd981fffc6f15
ebola-2b74f6fb9c6bee2664494e57c5a8b635194b784884990deed91e653ab842aa94
ebola-085af2fedeca9038343bef5b15e7e949b87428d43f44e582e7fe956b2bb800c1
ebola-ef7dd49f8c7d0d3f2e312a12058d61309a0965dd420d6b592d9576a16a4fa078
ebola-01e2d91c321aa76ff35c4ed61ce44d437dff1155b8813580d9a0264a328b0ab7
ebola-00f2369250adcf5acfb100e29c7a86f19cd6f568b1705f1bdeca613b59fecbb3
ebola-8720e001759b49483e03e7fa35cc4dea7579cf9b1e12912995e7fe89c9337205
ebola-1d814191a757b66118610794c47f92ef64afb1ac64843fa4684b176a928ed06a
ebola-aadab7f978bdbc84b8116cdb37e724341d1e9f8a3f3d662d6e221d11df0f6761
ebola-a8a24309d0eb2b470c9263429cee889e5f323923364b856b031ea9d8a1d8eef3
ebola-d6bf4063bafc6c9d92765ae946dfa65072530abc2257afbe2678883df134f31a
ebola-f5013e2230256ef2d9d1af73b4287ca9b2d1a1ff7339b7d86dd378b7aa19707b
ebola-4529a049363b6ee87569d1d88ae2441bec88e44f7a46e69a0666d1040b741a1a
ebola-dbf56e7143a4d337701d798255e950570ae2d8d79e45172d760bdb45e4638d50
ebola-37378739b367c9aaf74f9cb861a2489528f956199a8d6ee51dfb08f06b339061
ebola-781575eca7fbeabab92d8260649a44fd695eb0c91aacb2706ed54dda9073e2f5
ebola-ca4575617a235afa695da5a07a9f52ec1e2d134e670a42f128c00121d712538d
ebola-85f0c0e030bf902c6706ac6f801db5659896412b1881f6945d06e2d15ed4f1f5
ebola-d138e2af89f6cb856669e7a8150de7e5f774ea9f2047c3a870289dcfe89afd9f
ebola-0872fdf32878b7dd41e78256b0653d125508bae902f39b232a468ec260e63b7a
ebola-8b79de21d951fec9117a473c67dfd6e36227f91a6be6754f9cc75e0f1c9bf610
ebola-b5a9d596c508f4e48294d9c989aaadf45f73e9d0922b34f836e3739cb0350abb
ebola-9033aaee3809b256bc018d3cdb57e7c218bdb40693dff8e628815341fde236e9
ebola-53f4cda3e3c7174ee703e9ab7d1ea0d34942eb0c39e5d00f04d1e938a9e992bc
ebola-96e83e6c5f0f5bb59701cb4df3ec28234e56fe74e06affc1e0f192b7d975d37a
ebola-331ad0b234299408f01adcee676adec8adfdc200db38c1f66f7671db64a14d3a
ebola-9aa338a2695753d9d6d345a11cab1e740f50fc7acc8ecef916e3b5acb4a6842e
ebola-c868998097f392e15967a8a478525517be3f2b8e998d7c605adbee7df961e65f
ebola-88fc2c272cd188abfd72aab594b0e2745ff730304f086e021c6b165ee2fc313d
ebola-54f6b4ccdb2d43fc4b3f23dfb906aca6617e16511589b8a4209b8c86c84d9f83
ebola-137f7a0c05b18964fa1971c2579fdf12fb79ff57e8cab01568d84fa3f60e50df
ebola-d388666c2eb4665724ad4ba4c4dbdc8e51eaf57bd4bef0eda4e2eabbc0200620
ebola-2116333374c5b3a74e240f583846c2c1ddd76b9494facb6b22aaca544166f989
ebola-67a934a4cfda42779211962c99e3bc6e593757e44c9a51fff1152304e58a45c6
ebola-28fb81b1cc459f17cbbc85da88b5ca836ff1f0f6f3e2b5bd9aab2863ce920ac5
ebola-b89924968cb562dd6e9b00e49faf675bcf1949ed6bdddb9fef4ea7a7a1737637
ebola-9e914300cfa38f6f802c9f9ba619bafd9caf3b41150494fc06c249b1a1ea2b2a
ebola-cc336fe8504c094bb2240148aa2aaae9e3a6d96616c616b9f7785b3b6985c11c
ebola-590ead6a6a4ab681ca19f34bdf490ced8997a879e4769dbddd814c7a2a419075
ebola-aea95b456466d69c4a9a2af422ffc51cdd5773bfb8b538ba0f5612d11c6909be
ebola-e4c239284c59b1e26d5b2997db485cdd7808f5d9cab2893ce5c42e23fb9eb475
ebola-0f7a0bedd680c76dd45806d88e8574ad54549de0e4f45fc114bd98b2e30dd7ab
ebola-21ec6f38a0bf667b339e3f3ffc1ea0c0308b1c6e823ba9eb72c81fc8a8b81449
ebola-b123f026ec8537acd5eb54ec69990a38af59e0e5e3736d32d9d39556145930e6
ebola-7cd9dc9d6618ed7fdf88d0b1e65499181ea1c79238a1fc08ef6b2693b80f14f9
ebola-28bfff743e12db5ead7b90e80812273e8d6d4d4b783b6649259b21c9d02caf16
ebola-4d3870389449e0ea180cfac4cef3fe6704b845845a393acf3d6fb86786e2a171
ebola-5b94a855a6c7bf757816de65cbf6f4335d78c44f9d98576b9b714e341136b148
ebola-51a7b6906d32be6f4d4cdb03c7765f3dd6b3764758899026e337b3a5b0ec7862
ebola-de62dc4b09067d8b30c54a0a55ab02dd8e8f585588e2709fa7eb7029375de437
ebola-85799c0203f0a2e71a25c5ac504fab1004634993cecb1f0602a667b9d735a5d1
ebola-171ffd5a423b9e61cca3a2f9787b5ef4d5ed97798839f89db97e04a1ae4a5396
ebola-ef1ced26ae6342a90ffa868e75199a641ad4a6edecbc884a4f44551ce76679c4
ebola-f2e38a9c4418d999bb94ca25b9ccd99f975281f98e10c59fd175cb1a28432bd0
ebola-25fbf9c5d643a4270fa9b098eec4503157252e19fa0a69637a582528be4cb339
ebola-0655bb026a59f7de65977a0f3f209c21d28ad5b067c8d1e9c872afffd9c8d85b
ebola-ce190d3bd0a4a5cca8bf3c09c0fe0d75a0fc70e135f6ddf91c41202eaa96928f
ebola-87c61d680e83525260020b3b16dfa229ef083caa04e745c982c5eab8521087b8
ebola-bd2d8ff72307710d4dbe360987a2451edeeff0cbf17053824bc3f2e6e3e99411
ebola-d0aa62cd34995fc8daad346f02eccd307afdd76b61a2b81831ea5cd31c6327ec
ebola-731743dff156350e6b9f89802576699d5cf167de7fe4bde5136e707174496ea1
ebola-9c86e712a25d4e4c70c3d2a2c49ba7311daf5f24e61a4684c245d39e6e00694d
ebola-973f626baffdf167c29282f9a8c83a439f6d5afc319ba2389e811d8dc557afdf
ebola-65db88cad711e69c9daec7d5decdaec5e240d5ae01a03bdce7d343638a5fe1c4
ebola-7fa976db7e799a181acca19c2657b55793ccd904aad63e7b90d9b3c9902572f8
ebola-73be899b5bc13cf828fe29b067869d4d35c8be475ed3f56cd8a3878b4696ee22
ebola-217f9d3e215b21d53150f905517b3cd57ac0af967a8e45e8ca5755b76db461f6
ebola-8de860b7621c50177b9843a63608cbf541c3e2425fea1435ea3ebe2df4c6e8bb
ebola-8c3f8e1f472c118b17da06b7e33bcb5bfdac48d4840cba1611ca792cd8287f61
ebola-b3c30072536c9b69d4c48fc9bf3978b494844f3842ce085815fd25603c469547
ebola-0e43dd628282ecb6a4e1509a4f148ee9604b34c06cced3e18624549609d9aad1
ebola-2a2cead42393d43b14f0ba3f9ed93e849f85721dbc38d4845ae4cc3415d2f9dd
ebola-7c3d65d5fcba8ed59711401f40f8654871c2b63bdf9fc56bc49e8506945c713a
ebola-fb8e505d02741f47948c1d3f16c86bc97edc04eabf8329ae3923a6a898c182b0
ebola-3b8b22dd62806065e2045f0ee62d7e5e2d791f05e76a0525893e30342d23dec8
ebola-a3f1dd2d3b86bc6c793c7473b02298f6627786f4fb850007d5e873125939627f
ebola-acbf69dd4a27a139ced379c29056fe64680144b7246a1bfad41e08375648c7d5
ebola-1c014a3187d6c57895ee5df216965415932ec8a637be44e42e23de47fe4d60bc
ebola-e7084821b907befc2991639d4d85d2cf3a1554ce13e716c4a13febbb3444a993
ebola-6f756403c0d84368948a8bd5090831bafbebbdea8c97ff32e5cb232380e53dcf
ebola-f02289c98d79d60eaa4b482dd0cf59cc4559bf4c47176980a41ce060264c391a
ebola-a5d2ffe28f200f81e6dd8227410b5ea8f4fb23221e39a2333005935f358789e1
ebola-9dd3ca8c5da8d61a2e26805e172be6199e7a899266cf89d1215d6685fed23729
ebola-eb28fd6464f2d7693a3be5c1c8d9807ce330ff01c34da21df8fc6499d92daf24
ebola-44397e78282802c28d657618bf0a5925ab6f8e349ab884220a7d89e175285a88
ebola-a782aba5ea709c8359f5fc5e3b35c96c72e6c43b5f84428dac7858d14b320382
ebola-37c9604d452b7c280e43304faa938b0c8690ea338893f470a73ad277e213bffa
ebola-52dcdc566e87f03b1d71d85cf27a804c23712bbaf4c4a049136fdbc3c541d1da
ebola-5e566bbb550acdda95080feb2f23005cb5906be8eb5cb63d7fb4a3c8051eb487
ebola-2751bcd811c762066723e2984fcad70d9e216d419f9ade6a349e4e4aa7418d19
ebola-573be8dee923216a55191d94c4cf9b82e18c1b97e036e848862574890e6d063a
ebola-c5a995c096b823c10b8e622e478dd9703aa53fa62376c9a8cf286e03cd4dcd9d
ebola-df2657e69ddceae48b1e2e21dc3421a3e053826cb2181decdaa76b8816b4536e
ebola-33ef6b87177c987a5a167626c2b0c5cb553eee2fd3d2c4f2b47a8c2964f628b6
ebola-5456f5d0e67c9fe0d8fb56bd5813d148490830a482a77e1f58c451fa1bf513a5
ebola-da68bbe05c3cffa867280ed0d06001d2a19a88034dff58b2e2a84f260541b210
ebola-d2d0b5f7086ab4ac6f778751001becf58817568cb331f1fd8defdc70a24fcb5c
ebola-a11405da5bef55ce44a889697ea95815be162a98513b37d43aedcc84febbdba2
ebola-f7e99cd6e0f6f8e7208ac4e771614922e491b4a394b33fc00660610989b2dcdf
ebola-fcc797dbe85ce3ffd4f10dbcc67ecc84c375296494dc38e4936abd319cfc47b9
ebola-f52d2d19b5404f66b345263f410591c1bebbdaee666b2753c3b37d2bd9d63ed3
ebola-66803ce5986ba5f3915509a859f1b2dc70a489bf14a63aeeed3b03080482e4e5
ebola-97212869891b8ad4a98ce841b3f057044889f858e0c09d883ea7c71389c458a9
ebola-4f0dbcbe1075ed151c0e3097d05a8ccf7eb41d6844d240bc588ae0a4dd4ff286
ebola-17c4a1a3c7275cf1c9872af5eab4f37f608169054f1b8168569e9ebb75a87cab
ebola-896f7a6721723476b60b33da1a5871dc7e9d70b88068d1043473256e2dab4d76
ebola-409d580bec5fba9dcd0db6222073fa909f2daa7aa9ba03ca344ac717c1045a49
ebola-ca28f59d3f57fa080f4938762c45c00a76d97de437e71a33083cb4719087e51c
ebola-a3414722fb4d915467016a9d34206d37945c37172916f773fba1a513e52e2968
ebola-37cc3b54659218e256cc4bf3e24b1148a07389806c35a2b5b1df47bd26fbf1fe
ebola-1c6123b2e12be3f731cb6f73b3943dab229623196fa4c6d40f347a08b1b82677
ebola-bc2d0042f1d82888e0467642ebe5a40f04cd7451f8888eb92b3b046a8eb79f3e
ebola-3dc242e15a9872a874902d6f1ba6860abdadabf121372c30766091c4a287b0d3
ebola-78697d19f866dca61fc4eec7c2711036225aacb444b6bf9d52fecf2fc8137661
ebola-61908cc60768ce947d16d861e10715f9621aaa2ac831798b1c6fdf8c25cd6099
ebola-8e083f4163a33f3262ed791f23be4da21b444437a1e85f2e1fba3e0987c870c8
ebola-bb765eb92d6a756088e0f8545820dbf3238f3aae74c7d199bf490832fecbe5f5
ebola-647518af56dc207765ef428a5dba53e781406ef985deae521be8b247d8cd415d
ebola-d0b8e5a5d754d67f1669afabdfbaa686d72a50d7842abf1cb62bd2d05fda0190
ebola-4917114765a4b7401c0edd5c8a7ccd85f71123ab1a90003c2cb9f101c9dfd38c
ebola-bd06477e5e7ad65c089cc7ee972388863c120e09b337a46855454e27ad1fb18f
ebola-f3858bb243576b1c0e89556f178a93eff8fd411c350dda3d21b24e1584dee086
ebola-9936a872af96e414717813517fbe84d91ed9e7376b02acf5b6179df4c851a6cb
ebola-a1167912d3243567211e142207926a9d5f56cfdef169bcbf9436922e0fad8dcf
ebola-86e28aa06ec9a1aca8210641e5e1b398332d754a62ea0375416ce8ece5329983
ebola-e791ecb95f34ebef120b1bb5016b7caaabd6e701480996e4f2645308a5f9229e
ebola-72dd30da37008c2e85e1d1cafb6a38a6b7d207277a0bd9bdd760f2c3e781cd2d
ebola-2d961f5783c7dc33fbcf691fbb325c638dbd77ff83d2868a072a72d1079a8996
ebola-539197361ae91410027633447fc829e5dc4975bfba4c9124700979e65fe11d14
ebola-74a3b217d651d945d276b47493252ac03e34bab45ef8d5149b20ac18042bcfd1
ebola-3595e539b60230da1e9425dc034881adccf29cbac1daa27d89caa37962fb956c
ebola-6b73d1bafabc91bfea9db3aafe6003b159f20c6d426fb9537d472a4120bcc161
ebola-1977d245db51ea9383f38ce869380308c639a1aca0314e1f5f2a8b5beac96c18
ebola-9173eaeac8d648a52c115f494c8646df2e6b0e31a6c1f457185ce75d709f7fdc
ebola-9611e4cf207efe3cbc1a5353f939b5d007377b3e3be8b1945e65ddc57bec29cc
ebola-292db33dedaf7d0e642463afda470fe01ed031e0b44f029143ecd87b9d03b730
ebola-afcc82f15d36972c8e9d3de9f7b40c3bb052ba0b41e6e24a606fb9b9f3e2761a
ebola-76b901da2b5d2465cd5e110fbc7a0b7efc68b4cc92c4feb6a139ea1552cd575a
ebola-4c5087c384240e3fda68701438841a1087da0a3787921ab54bf29bc74c82c51b
ebola-25ee82683eabf069baa78673a807eba7b246157d5962fd9badfedc99d3beacd6
ebola-e517f890cd65a0c708f2b81b6738f89d13f0321057d14715d79a566e0b4aefb7
ebola-ee4983c3207cf062b3f40f85f7dc08ab06aaf10b9567006999e4b266a6ced954
ebola-f1f8b9c76dbf409a024bd34e8d4d014bb935864aed0d1e31c3c1d05eb8315676
ebola-4862062bf1a59fa28efdd5def5fd3fa627190eefd3a596306326d8e27712f46e
ebola-09ad6793c01b5f56768d38ef9e6e35be0ab88e1e3a0b8b4f517c2ccde605f60b
ebola-860acc6f93f8e2cc7de707612b8e7c837bb56025f7909886ab8894228d34a074
ebola-4c3965575598fb9f2e68a836a0f68f5209d325df65c9d289a1846249e16febd5
ebola-1d1f33731a6b0080bb5e839d3fd72efe9bbfcbbc0486265961fb1631b67fc740
ebola-0635c528869ca914ecaa309b7b542e9679db1e44bb9a46633f418f73fea966eb
ebola-541c49661c59b1b0caaea8dfd46456a18bee9d715e67ded4d25a5266eee10f6e
ebola-50b99fe192cca27298484723ecfb8c411743b0b0eb9a5ce822d736ab8cca5f7b
ebola-12dd979b76d8277a3204307a3f2c502539f1c88cdc169ec4c943c14bed1db3d0
ebola-27b3edd2a9fa068aaf224c30b8c22961930a3b97621a266c3256e9e582342652
ebola-95518b949cb1f75f4da22d442a930d8c72ba09a5e5fbc32b0f8b144e4f18227a
ebola-23c39ebdd28cbf3f2143e7fbc8f5492217590c31ebc282d9b8e808266cb15762
ebola-ea9159a71495dbb8e6325aa51cc67a1b6f2c85d61e86bfc31d17d6c19cdacb07
ebola-8ca214cffc56ec7b0f217d84d09b4e2dbba45b9117bf09115cafc6188964a748
ebola-29fe0539373bfd553b52cd858566fa28c62fcaf487f7e8a83d5c8d6851e1259a
ebola-84cbd27332e610b95cb33a3244b9878cead57db70468834b5c4adc05ecdf791f
ebola-394f2a44c8a8419cdbfbeb58a811cc4f51a58de837fcc4287527d2371d99fcd3
ebola-2d59db346735e227473050ca549f90b9f2aa0d878e79c2218e468fbe340dcc85
ebola-66df7d5e40a837d25104be675fe47ee381057c84e659dc9cd89e59555de0fc23
ebola-e7389368c89eaf60d6768095deb07fd4bcc7dc5ee756b88bc2cc50ba41f04563
ebola-12dcf7b132ad6ad50b4b70dd8feac29f35e626eeec612c973325cdb93ce95aab
ebola-22541fb89410afc4e6494fbd087167b11ffe6eacb23f5bcb34ae762ad899b391
ebola-71baaac1902b0b077a35bff053afae416f5b6db50029132c67bea3706942cae5
ebola-99bad184b4a09ceed1420f5bc7380c7ec85847fcac5ad47ed9e1d2db80899104
ebola-2f5925a87bcfc860f6c30f04938de88ded8947bf103949942468da51c9f9db5b
ebola-ece27ea844be384bcca5308ccb015a7703dc763a26c4588efd197d2d948b1b48
ebola-9a83a8fb0337c60894db9b36400999c39fc14c1ce39e2e937ba5db9a100c45d7
ebola-139e55ba863cdceb5dc739464670947d199b3a513c0602432ffe11623f3ff9c9
ebola-973711d6fde62d1bf77fa91fe29ffe44142d37ae4e94b32f843f93f8b9965db3
ebola-63435a75055ca346a886e08e2ff40b4ba3cc8ef9ec021dcd8fa732eaaff7ed63
ebola-c18bc937dfa98c893e9cb285f48ee74890f3dd28f7d71a4263731e920cd7a7bc
ebola-50f4a0a720a818d0fbf0f6ec912fdbae621990ec478ce79e22334d4de2775b54
ebola-fe154f75b22647b9c5c31d15550d63288223d4ef204b9737f2360dc66c9b99f1
ebola-a4cdd587fe12ca676fa8b9219b8c1b9471f4143fb72bfd791aa86bfd5d75bba9
ebola-ca1c6599c299332db012d7b8a25043030c10161444fc559aa9d598a605e0ce86
ebola-bf11d66598aaafd17010faab51a272f6fae7bb0b9aedd68b971e938170f7a9b8
ebola-e357f635683dea544ed591d0a3d5d13ce33d1ecf40d55f7ee029f65a077c5b4f
ebola-4f0c6a7013151dd66e764866dee4ea0d3c294c8385f0ea3e0a3e9d52009c443a
ebola-0ed5124a819bc8b861a9c0fba192bb8205f07a6c6aae28ca0a05feba958c2773
ebola-923fec8a3919ba553ad16c2250c3edd8c7cb61bcf7f0b699297f38297e17dffb
ebola-f7e4670765feaabe03e1df4635451a242261c8c1288e156af95c78138d69ac5b
ebola-b6f8865492580618de99505671f1226a04634a3201ace8f815d1008bff47f8dd
ebola-f9292d97a66856aa338bceb737c368235b4ca737abbd9b5cb2931bef8299e9f7
ebola-4a8c423ffb8ff62e4e4ae8037adf6d2e266c66bb0b7fea104aba9f81b9b4e914
ebola-74c58311393f4abff3de4e12c11e648677db2caed13221113c55d642753cfc92
ebola-81160b1720aa51404d8eb746e9c8685f7a0b22ab0ab8a44431a97778c7b3efc7
ebola-64cdd7215d29224f426e5bf91edbc31dd589d57ae8f112b78c5b6e08e6a00dc7
ebola-97f74089bf75f8e459e3158b7f9a79ded6214b43f3cbe20da5bba203f7150c6e
ebola-0333cbbf953c44c733ecff1e82acec7dcfcc3016ca59c92bd8dc58229d6fdc89
ebola-bbaed48c752750be085aeb08770d866b686a58d3c415f6337b6d983e100bf4d2
ebola-4b28828744b81903235165e93b7445477ca14cf26ef038b093d68d197f58e999
ebola-a3e1ca60728d8309588cfb0873c25ff5222413d39598fd92c1a5f1ae83e2f9a8
ebola-6666351f2b0f99327f1c1a6411a641d0bf3ebb3d2b26834cad80335dc83cc2d3
ebola-2e4cf2ff988e4dce6b9544bcf339b77d8118644717ac4ce21d5c8f9d04f04092
ebola-9a5fcaf36e8415c0f5e8961b2bd8b9211d86874c364df311bff4ed64812bad8d
ebola-0fedc72f5807ab7dbc8c76375a29ad39a5570678c761a11e85736271313d012a
ebola-b096378cdec190833d92be1d860f10f676e097515c9bc4fbb8e135494ab51122
ebola-23c2aebbfb69e5e2686d711975c2d2dd19e593a7193da0b82190de0fd00c7b5e
ebola-a8a74a2231b1d7159601545d28c4c4faec7f44ce001259ab362c6265c455f0c9
ebola-338bc0a86fd6f004549e1278435d7270f39709b231d5cf9f33a0001e7d394580
ebola-209b7271a62a547907f3762385b310df5c9636b86ee0226784759161091ab9b8
ebola-f79048361ca02903d5ef5c6e8cbb2e0edc05d8b4b0039235f5542b74ea10f120
ebola-8d179e82b060505502c85544e15dfefb88b2c05fc5c9fe58039d297d4b4d8d0b
ebola-b5ac1771c8682a2b63a1eadfb50657ceaae3526a551605816fc574382691aef8
ebola-9c6f8bb6a2006cfc8d4593d1d0e55c236a7a5cbe09704c70c531cd4313370d9f
ebola-92c0d52b16f1857d6904003a0b726aa949fa518b99ca39ac7d4bbd35e0928806
ebola-6024e91c4529f67ecac071a23fe2fc9a99a466b5567656fe5b841ac7f2905b3c
ebola-fc42e1ec7d06560c9dcf06962e7c3becf3d28abc4f653891635a8da26d3bdb37
ebola-620bf072e93b7d2eef36840d35009e8f6d39420dfc6732b838e17c0d8023d44a
ebola-263c733d2f986130e47c1954a77f63906bcbd0140093e737c78335595285859a
ebola-a192988236827edf9b9220bfe4cb2a516426f7f2229af1bb993d8e705f3156f1
ebola-ddef7791a4f09a82697e3dc6bd1130cd597f99ca17626ae6dc164b8e971d2739
ebola-f3fee2c90a7969dea061f652f46692e08f43db8a1c4634fdedbaa0eab114f41e
ebola-d7231d1fa180ce62dcbd71334c98318b9a4cae3bbc30bbb4be0e86b1433f987a
ebola-25f6ae8a56b62f23ecd9eeeaba8e1317f9619a10134e69fd26e2a3bb6d2c6d45
ebola-eff158cc7e2669d381ecf5f29462bba799e359ece1f14342bc927872bdd9e977
ebola-98763967d9e62afe9858ee22714b21911f767ef8e260f0c4a58c29634ed6c5e1
ebola-5cb821b03887a60e83a3f13915233be97bfe17a28b134404342de4f9ddd3ee4a
ebola-933d496b1e506cf1f35bebb7f8d84b5558dc2e3dbaa375c1cd458d6488501a6f
ebola-bb850a00f88c183cfcfb0d7e88149b86f7432813461eeb0741c7cb2094a17425
ebola-e147f04c1b6ad4702b6b884e4aa15b9378721bc4b55903279a3ffca61f056525
ebola-e4fa4bc836959032f4ae8b36100409e4bda6688d0e9c3ab64e5a9e83958e0e59
ebola-588cbacfc9c613cc15b477fdd6f6a72f3cc47a7eca4b768c4a90b6b0d4c6eefb
ebola-d8c71657054098bdacc8164552dba4beb86c8ad6dbf4d2b0d828fea27439a405
ebola-815cb8a4bc04b81d2f86e1616fd2af4701ff1adaf54f7388c6ee759dcc20d0d2
ebola-941514b808f96145f6680c7ee861db1661e876e60e7057194a66f6628825d9d2
ebola-65d4315d693ef47205590a8caa163f96f91be759043bd1e2be59715f018ed373
ebola-b89973f7d8d20ac7ca1f5d088e806c4c5457e4fcbb9ed49b7e716f450235d830
ebola-a2a23b8d685ebcff7645e5d7604685f9da0569e2db016fd169ff368c807dc23a
ebola-ca28503392ae8e1aa99723fb67eab5540ebe79e1d46697965791db976f8e9f18
ebola-9757e08787858a11251f649f4595d4f6d944b15dccf6a3bec90c65f93bf4058b
ebola-5486ff63d5be7061c71c11c865f1975cbbd265c832b502d3c52daf9fb6181bc2
ebola-26c999f47779229158f1a2ef1b0aa482be67964442a92d0bd68577de0954c2a5
ebola-6e3da31be6a4d664930746071299e721abeb7a7b92eebe992720b8e3e0ea572c
ebola-961f72704cd7bdc50b67a0a08d1933de2253eae8f9985b75f3d8f95f214ca46d
ebola-bc2f29c1695c2f69a2dcfb9c9b503a583b0f7f6c3a774e80202ff69ca85e5823
ebola-8d41cad699001b9042cbdf5329d334246e4418bc8b06e275e6c3779b23ff4fca
ebola-c1243254bc77ad514218315414b9f087aae176c2a4d4db4b363e556622d0ae58
ebola-21402c936fa1bb3c1e9d32af8eae7bbd3034bdf4576de414d8e4c43a8547a691
ebola-fd9ee51628ac0ee7ed231dbc2c66edba63c823e4ac787999805ce7ab7dd12145
ebola-1c0f93ef478d7d9846d006d4a45d0f968707c38a8770fdc7d344b850cbc51d8d
ebola-d30c98987eebc43db1ffd0e92ec29d667fe4c6dce42a86e25ab0200436d285de
ebola-0feba2b89523e812e692f7354d7f52f9050f1c09c863c22f8ec3be436e45d38b
ebola-d5b7286f03bc7e47154e774e23ba6d93159b4c388d7ba1f2b82a743f2b0df0d0
ebola-45a5e2524181c600db4cc89bcb9f6eee8f18d88c22c7e7e122ccfbf844854735
ebola-c28c2fde01263faebebd0f5619ba62f61c8a57b8b20e75bc25bb29e00d3d7773
ebola-e01194a67c78f9440f7f87eb7f3978f1ec72880efc47f0168d090e205524a263
ebola-78f304a0390bb42b7a8eeacf048596ca68eb849fc66d1f7cc417e7b68a2f46e0
ebola-774583b4167e50eb3b779398a480959121ca213f539e60eea9f73157ab9a409b
ebola-bf09923619d41ea0ae2067c7d41410387cf617006a2193997861a2d7ea716221
ebola-fde68c2c4e1c6fb06071befc78396a034ecd46ad9085427cf0c455d42303215f
ebola-264b84d80fa84bb28c6b8e68358a6a077c82fe35a38d94bffece2bdd2d0a4335
ebola-e4d92f02f63e95e4c1b910e84ffdb2ef956fca0a2f80f1aac022930d796fa262
ebola-09eed65e241340e448542b2fbc09bfe517744fe99cba4a33ece07d4f9071b6b8
ebola-5dfaeb0396c00822b9b19c9a7b705dd4883e66a5d5f1c0af796c1e848e880258
ebola-24fefc9e4a2b14ad54ff29f9e745b688c178fc62e50cc41b35a239403239a743
ebola-88fe164191978febbaa3c3568e5ac551389047c254c39324d1867befed9a7a55
ebola-ee991534d1d593954d21d4ad2ebce0a7158b6c4a1baa7e20d97a5c6ff5f602c7
ebola-572137f33817f5b1a5377a062dbd1dde23b1cbe311d688161edcb69a6f9a7b4b
ebola-a7ed94a8c4cd981e40543d5931840395ff636706d9fff6c97229c523b58e8da3
ebola-5dffe1b99eb985e145f689926f0410a534e7d861ad4a99bf8590bfff865896e4
ebola-823bc6c2b5a924960bf04d8199b372c308e45300c6fa718b071ce0dd3d8c4055
ebola-116ffd07871e611da5b5fd1e680324aaa17a01a3681ad62bb7df955f10739da8
ebola-5b056158b2f44de6bf65d7bcdebccefe67c4db1cd7a48766b7b244eba3c2318d
ebola-ee74826edf9c56cb9f3ff060788a703403fed161ef2083f2ed936f2adfe27cb9
ebola-24f1161e58255547d643d4d9d87f1fdb5b0db05c5115b539cfda4d0b498488bd
ebola-1a043e1174fda59d2d11cd2e95fdb55150c014864235ca7d486181a31e8ee97e
ebola-50fe8eb1197282061400d030d2b1e5b050d689b4928a48d4181190068d89561f
ebola-d1c59735b41abc69239c07b4d80ef60cc109e0b55b877e0ee30820aebc64301c
ebola-c9f2b521904859cbb73a40deb81e6401027e167cc8ec399048a96ab1d59bee65
ebola-d6d32ed10f1252c77f466d1613bcbb7ddcbe444c609cfb372da5080e440473a0
ebola-120f7732079550d1bcd6c915038577eabc56ae80e9310fa82b78aa948577db52
ebola-af9d78e33779f92402fb9f5812ec42e90eed117072621ce4f9b282e670c64022
ebola-d69fd9c7d21b87ac2ce7ff4629af9a1caa10874c6ef8875212e7ca8c3fcb017d
ebola-748e88ae626caf24fdfd6b71ef8b976ee1efa367f9421e5c18cddd3c165f5291
ebola-032d9c8c6715a581b02ce90f4cb91e90a00901641783425e4749524dba137b7d
ebola-4d575c1940b945865e6ade8c52b533244aad2c270552f7bf302b20901ccc1356
ebola-642c54da8a964d9cac6ae79e352056d29c4af9f6dda1537cbfd092524d3f2a57
ebola-7fe56581d019ebb46e8c7b4f06794e59cbacf6a9e1abfbd69fd5081ba752fc39
ebola-8ca28e6bcb1395433a024715c750ab8172cbae369b9d31aa9cb1e29ba3f5ec65
ebola-4feeb1afba001d1cfdfcbca9a7d1bb1f66d35ca7bf1be67360a2fdc3feac8e16
ebola-ee8f6310dadbf80e7712bf931f23bf394561b8db09ececbb66c4e5d9dfc1f53f
ebola-96904a78d4a8d12948471c60a2d9a08e3e24f3336a19333809f174737eb89b01
ebola-23d598299a028ea4d8a2af2019942284f73dbfea6bdd8f5da9fb70e02e8cb8db
ebola-204d21a43ed5d9fa8ad4d97b2195b2be441ffb958997d1cbe3db0d697f990f82
ebola-e961437719a84d203f73b8a27c4c2927a14a1324d8b2d0be0df73ec1d1bd740f
ebola-963789f836674f2d6fab3aa6bc0aeea6d8eeb875057c14464de3100b9a4f176a
ebola-c357e838132b3c3a1ed5fb19d4e17e2833567fa9073cbaeab9e627b507cd123f
ebola-5034148212d644890d6734360531fc6412c7ea5709be9dd30bcecefe656e73d9
ebola-8645ac74c201e1d1bdd8dae1441b52fb11378e25ae8da6f119c8514d236fc89a
ebola-173922aafa8decf2a67d068dd161e06b1299a6bab7459b6b6d78eb32caa986b5
ebola-6696728abaf1d14c07132492699fc513fe36c4b92a905b95cb5b7e1430050013
ebola-c58796e3e39bffaa4286294b7bad249a081449756ff03a38341dd25b6238f13d
ebola-7be9e5d3790c736f9b266e2d9aad718bcef1682b9aa6e3d475d67f12d9edcf04
ebola-765fac04adb49bf2a24fa017a7f0ca1ef8f1a43e4fad0fd51cf5d7a1d3faca4a
ebola-10482ce265b1c08a65929372c7c88f389e53bfd75dbf12d9d46e277e024d26da
ebola-51b6c639d11b3ac0aceebe89416a4f3b8a3352e0f1ff0a6655db5b63d844a632
ebola-bff2165083784212038c646cbae284f7313d357ec59a798a222fa193848412a3
ebola-806b6188fee48a48bc70c7e0a75c2356a09f937129d3ef7eb2ddd05f39ec3c47
ebola-2cd04efc9314b670d0838b0d4c023e4c1e92d7b0d9395121e666727dd8f3a6d1
ebola-0e9bfb93325baae3265aa7678e82cbb07b9401bb1600511faa084aeae68dbeb2
ebola-7e30b0564e0854b72b52c9dbb6d8e55a8ecdaa958f0a4970fc1fa1c61157668c
ebola-c0d3de3d4883a3a37caf7aa22cc69cf7f3bad24c10eb5fa226cb1a332eb21080
ebola-b7564506cc7703100741eed8ca17203cd6975de88763a2b4286ed035f96db17b
ebola-fe5a21240738e26b792fde52120b633b1f85015d32fc965ad97f922b50186da9
ebola-7d33901668ee9b975cbb483badfcb2473eda600b6c5c9701caebbc2c963298a1
ebola-509ee510c2bcc28a4f05a2e35dbd08ac8375bbd78d8e5b2c3c8170e26da42742
ebola-d0cf0c741bc10b2cacfb7e29068fa3e5748c4ce03ed7ec8781cda530d945e969
ebola-fddf71da25179bb1f6c362fa918c88171ce17a7e6224c7e9dc45d07ef99dac69
ebola-fc762cc56e75091a83fab899f1f463aac920324bf0f54bb3012dbe5054873abd
ebola-4c13c7dfc485ed90dee583d6c142f0dcb85365eb8828e323fe526ac0afb3baee
ebola-32b305dd82e682ced1f3fe34a8ddc9fc6cc898c2f136d3c6ad04b20b27b55bf0
ebola-705520da6226ab278b7617ddab5889f26b759dc82e24dcb74cdbd7e321a2a2db
ebola-edf4786cc1784f0033f7ea956ee7a2499267c859fa36f7e69261ce71ec3a2060
ebola-875e811b3c8fd314a063fb8f6f84f543ece683d254bfe8ee78633e352eac0643
ebola-8c4fea4c93b2afda8bb0fa91fa08d099d92ab15bd991146b97e5fbaefe963a0a
ebola-795df667fd28bdaf3dd772c1923a964b4363debcaff49cf200d383b8ecc6b9c2
ebola-5bae5ee22714f658ca03fb3dcd37632e88623313e481b086ecca5b33c21897e2
ebola-436b7905e99b428ba51157d4f718cbd67602a518ec6a65b897184afea5948b5c
ebola-a3f4db9df80ef79718dae32386d92cb234eb5236d0f73a67eb573d71f6325a44
ebola-3695bcfba9e069326a0bc8584da2e6acc3f0df0bf95d4da288983da3bd12f3a0
ebola-5f853c0f50f4b8c17df63eaea41418b3eb1da0f0971a7ad9d9d0249304b26d93
ebola-9ad668ad39101bc237b850aabe48d8904ee52114a83b93bdc9b1a446c5105251
ebola-1f00ab57b382bbb6c7af5534a4f864d652056f0515a17d708848d87259ffc682
ebola-91728f2ef59d190a26abce2c968ed889ec7a21aac42a7b315373f5aee7e017e8
ebola-4dec330ab25c8595303020bb5fc267918df19b109221e9fe177a62cc481474a3
ebola-2ff0fde5611d850a8a499149975abbe493ffe1ba47a44076cb5c128881824835
ebola-eb90cde37adb48ea170e1a2601dce818598cb4ab4e2bb2db1717c159859b2aa2
ebola-1c8236ecd0b56cfb1cfb8b6010a51b393e511c8456350ceb1ae0079ae71b2889
ebola-01cc38175b7f86020c4e5aa9640b1c389ff10777d6fbeae11643dc106f10afcd
ebola-ac9384629c5096139fdf29cb69b39fc2acd60c0e9356560691847c6f6092dfb5
ebola-2ea0b364c7d294be3d2987663ca3ea9310ebc9dad9e457158414f8571a6f060c
ebola-5ecc0db56495364e82e2a2249ada3d14032cccf6f2869a9d1f22156108c83593
ebola-132dedb95ff81919cbd219fc3fbcbe88acc5f956cf51b16532e3ba40d9f8f1a8
ebola-4d1365a2b8ac7bf32facc9f594232d29548cde33b1e48feee80f307c3b7c8a78
ebola-f2ad223be9d4aa867f530bdd102a3760bcd39b7a5d38f963a0aa5d151f4ed4e7
ebola-a6536c597325c39e2b9a714eb44ee0301ff148d286da4ba80ac39b3edc287acb
ebola-3c1813956b651cb94f6325ed4e498ebe0fbe8fe949bf9756d983f7b151ba4151
ebola-89a5d733566006d2906f7810646b5083386ad981d51ce52af1ee3f43a2c738eb
ebola-ead673dcb6ea7996ddc833a6368f4beab03ff1cc24d0a976c3f7ab655e6213dd
ebola-32a2486608e6928d29f7eeae1d0e2dd2cea8aad952dc6f9fd7b51b8fed3ecc85
ebola-7e78946cdcfc6091ce05f5c4a6a82fafcaba36d7477dd4c72ba7dda9f8a69349
ebola-48c7f7af9b23fda285ecd624edd6cb8af7ee785c535e26d83266fcb4e75f7fa2
ebola-de834e3a4b2f8562904283d31a093ee198b1b81b332801214e26cc1145ee7105
ebola-e5642e5c4b8acafb1eb6db6b282d30bbbcc26dfbbe4fbca8128874c058f6befc
ebola-c340084879c4f56a5f804e2dabc443a72fdca65219022d727c61897ca5b89476
ebola-e9827c9bc61d16b460c7ef6f8e8d4389de30e3d193962a29e57041b19c386b9c
ebola-111168497ece0b2d76932d15cd2f359060a5b72236e6b12a57c61758f687f7d6
ebola-1e0835e9117e5e927cf9de55b3b8121c745caaf564ab370a45f5ca93c3ade24d
ebola-499d41898b04ea251997a6cb24f6789b4d7bb805b9c1b56f2d04b7a31320b701
ebola-82545d76e79ee0a3984bd6fe7c47651f2e8ffe52ba68fc293edae1126b850d78
ebola-e2449d35f208d925880a2c93329937e94ae796cefbd037236216fae9ff1d5258
ebola-be4e26b28438396adf1506547fbbd7fca7532eb22a4653a33f3aa7c227693b2a
ebola-d6ea5188d1bec9225959898a8287264f1b8424c34a65adca850b115d7df97383
ebola-481c493b507437bbe2be21d681165870bb9ec9d7f3665f1e7de60d364360621f
ebola-351a1f137abf0be04d2d6e89c8d41ba79dff6886b4f29e63a1beb8f0b8212d40
ebola-fef90ec26d523a84dd38a2978c2d1f58f09c48aa3e3363bd085b206553e480ca
ebola-08c9de3da978fee2745d9a8ae856d8f8595fe23a7c61143f41cd384fe69210e9
ebola-0a1a02e08f67c99dc9c0a5dcbb3153c18eb8c3177af94fd2cf27615d7a534847
ebola-74e1fc2b835b30867ec8d17ea250924ed619d1869b5fc2072ebaf88440b86776
ebola-b7945e8e84ce027c6a12441b7153335a346cc8f5e0b0b139df7f67981a9f6815
ebola-cf8f87ef97e4225c337e8505a2f2b1711656b8307ba26a92ad3422ed567cb12c
ebola-7e99f138b200836f2e0ffa2c8438642f5830606ee345c03a9c8f2e035b441fc5
ebola-e2ee854a5ce797ae5d4e7032bfaad532d2aac67ac5e10637b6cd33516fcd9875
ebola-643901e6191b251746e90ecec3a47c739e3a87fe1e99109893f84789b068197f
ebola-a1991ad45710d33d4d6257393b8c695fe1f6aafae85ed3b1002a6adae776effc
ebola-106a5fa2f479a7b8f780ba3bbd2a5be9279f0e0d0fdcf9c792da6e08a8ab72a3
ebola-a514e3c88495c29e80cc6ae297562be791afc4dbee32f04ae243023e16fd1ca4
ebola-0b42ee27571859bf8876d5a1ebe15ff4e316f597d5eeaac4e88c7ee22e45ea4e
ebola-ca702e528d9024898181fde718aee6f25889ac1dc8723003310910ab4a6ad668
ebola-a060958b6fe6486656f63e265d7d871af1f4bf8c2c153f043814814977b2cc27
ebola-e1ec33866513380f55e8e5f1622db953d5624d74e06b04572a6cdca14936ad81
ebola-2a37f54dca94b16eb1878cbde0265771d8e14b9d1a7cd6efc5cdc1eb6b557031
ebola-40b7035b1a6b8b21190adab7d464ea405d3098d10b20514946eeff717e199cd8
ebola-2ceed0898c9d5a723551ebc559d54d97a0d0389c750573432e57574530921acc
ebola-c8de3a091a5c1d34cedee518af63bb08b9fdf2dc5bdb70bd9bdda6321cfa33de
ebola-6fa9a783118a25ec747eb35266a42bfd76e9294bc41248de91e507595159f93a
ebola-8b73b08955d164a3906110170abf746ff0fb21d7f704da057e619b4a6dbf9892
ebola-37d23cd79ad31212d050177d4306e6832e2243901da334d02d4b39d56e58797b
ebola-b1069ccfba0d2dc98880528842c918256135ac9760daff8bc43d3ff569ece548
ebola-1aa7c20f6e7ca7b80e8c8778b3cbd1a7d4a0ee3012d3aa3e0dca3fd19445a0fe
ebola-2db0de01a52891550bcd3d4fb042c097a7ae309399d7b4e8a8cfff02a8ba32b2
ebola-bae461491e4f3d06eb08352a0a89f81311dd8ca5c10e827ba62031d3c19a5ac7
ebola-015320319480934313fa3d55912068307a2c08c6b15128dd6bc57a3f457f4188
ebola-ece200d4c74757aab4981544a35e14c26be75fe85327ff27ad4cec2a741ae8f1
ebola-21587fca8c6d151ef0bc194ad85cebeba8adb4d8350c81e601c84d7e8daea0c3
ebola-0907bff9dec8c7ef95517cb94f903260f287c415e7e4afda6fc112eb243d61cf
ebola-ce664995de353f3dbf6c932180dc765f97a959abea647c6c532b2270e2116eb2
ebola-5f980ebc7058ec709cdc415d95d47739b5f0670ff6ef543990d5519c0aa1669c
ebola-6767428fa5a624a4ed043949a64affe5f68d9a7de6d6a0683abcf280dbfffbed
ebola-efa0cf0874cc310120ecd74687aea63d1b3039b4065afa72cc91a652dc7a9394
ebola-4408a02c937c3c4661d855a7e152f218517ce15a2d2c12fdbec6f86174c350fb
ebola-a8fe0a22fead72f765cdd27641636c3f0abd34768cbc1f6db3d839d4cf9651b1
ebola-614752feda0d339c49bfb4ff2b6e8f9b3207e6e560ceb552c6f591cca7b6295a
ebola-32fae6da2c7df8d10ae771f3c058e41a78ae735c31e95bca5e432f774391f401
ebola-e048728e24d4f2d31d039daf28df97509354f233886104f6abff0e73d856bcb3
ebola-03e8506377eb00bcfbb9700438766f6e3ff2bf5833d1bb4bd757a9ed847f85d4
ebola-c43922a9b9ae2e3a50addde9c7723ba4120b7596abd9ddae37e5f9a6e1d19fe9
ebola-a09125597994addcaf925bc6b4123b1a6c52ecbb0157927ff4660477c048b105
ebola-c6c2094ab81865e646b851261571f8f365d67e111cd50b73dc12513a64bee0af
ebola-b80d309b3e334031a12305f9dc1773b829f5566fbe6e866306ef6d60ae8dc1a7
ebola-25910f699795f0e98758d3c359af56b84926ee609959098ee6cca9b95af06c21
ebola-4b749d12f05965abc12e0e0a0c85e219b48f83d4e12b4180992c0214836e972d
ebola-1b8a2e3747e2746622ace6edc1e854c66bcbca63498ab37abd126ae71cf97d4f
ebola-41688c153f73b241a384450c427e352b2a50a5eaa1938d1a18c3fff52b39c679
ebola-34fbe16d22708f1f790a2047f963d3f56849f68ad84471fb6be0491e3384d166
ebola-a0b3e0b5f1ad0b4ae627fc8f5f5c2ffc2177cf3fd1f637f283388d00deaf106a
ebola-32422f2b8bd9177926966bcca6d2bd7ca995ea8b876adc3fdb9f59433effb30f
ebola-64dc106cc3a0b9031d35e93c00de8bc1a7754adbd19ebd4ac71a2b76b1039fd6
ebola-dc56ecd196a11321e093143272f3854be6734874024a950fad5215996dd8edbf
ebola-037b441afed6b0f5bde7f106620915b013ded100b69c92fc1b386cbc11314d64
ebola-6921efe89137832d28049c8fa31f06c93e11edf80c72e3d0952bf90e538f9655
ebola-84bfa35c9bc091a536e4f8da8138f6f9093216f2094d4bddacfab6d3cbde98e6
ebola-8f917bf3831cfd4bd1cf4547018b7c003ff278bd66a21b778b275a2ea28f9092
ebola-3561c9b45a9d96d8177ed679befebb737e4640c15ef68ee0a76f80ded1459b3f
ebola-e43e65a9cf3e83acb58bac5a6cc69458d9d34c024a1f66871c279e22cc023534
ebola-615e78683067075dd6b41c1fa7284a5e05723a9370c3dcec487c037b283fe021
ebola-df6acecb12a3092004d090f3af03473a7a4c9e6bb88001666d72c70a6570270a
ebola-44392ead259511e81d1dd8738fa1e5d362aeebc52132d80c4c29c90944959550
ebola-4ca8d5bc292d8555e7af3023b41cdcb4427c43cf63c2a069d13701a18ce56fde
ebola-75db6b807be1463d5fe1d7ff091a0954aaada5503ad772aa396ea80efcaddb98
ebola-a1134edf7c74b16576f229d36c104e5a509fb2a0def024b85e49150327c87c1f
ebola-a11cf8cd6da646f29b064facfbdb4c1db199cc14fbc8b0b10e2fb053bfa707b4
ebola-4d1106f341faaad5c764b553795122c70f32d9408600529f521a4bed642618bc
ebola-cb0b14f67cc0d8831972a10c40df2cba4c8779690e04140fa6faf3586ae73b4e
ebola-21d4cc65f98fe7a3457a32e4c47210571ea81b2646445e0a7f015a121ccc664b
ebola-d65dbe863821d02fa5a88f33e56d346a6da90f558e1f4a48a84bc8c9c5293f63
ebola-4955b0399813f904831aa974eb84e486c716d58fd5968a352a22fc0f62757203
ebola-16d3cc6173da4a1955c6cef0a150bef4517aca138373817839a5e5ce45463eff
ebola-94987dab64c13c9a5b3ff6116072bfebc3c2db2f534a220df7ff9a15e286de9d
ebola-f8ba6b89e587a309d73636666f367c2563a7415a83c079a207bf4e66e063710e
ebola-7e1329968e68cc689b9ef4c526d652524e985e0fabad282eb63479799b4a2164
ebola-7a85dc6245605678447820d6de9c283513b308739e0a9c5adc8c4e1925512cef
ebola-f1dadfd68f6d587007bf598111f5de52615e6b452906cf2f4acd0ca25b7acb97
ebola-100885274db67c3fa234b0b3cae08592c282d3e1ada0fbec246ab0b8083110d2
ebola-343e32652822787d5050f7944b17e13979166e1be55cd6e3631101f33cbbc77b
ebola-a7dd0b3b4c5a9dac7f0706a62c8a10cdf827c4e173c25712e84ffad102be6c42
ebola-d0c630b901dce62188d6847b328acf40d035fc36e1d16dcef4c6dba212d392fc
ebola-e03f8f981ec954dd2a8f1c96c785807a55a581e901caa5a5fddc0f72e9c7b77c
ebola-2b739ab5bde3bef9f11360df0e9a9e0402e234a5397f6a08b53bc3c8b53105f0
ebola-738df56d5597134b8f5943b244edb62cb71255c8d8257222b9fe66f3e186fc9f
ebola-ef10c821be3661f989f98b38b2efead63419815506b79dbcb2e1a7be9200b6dd
ebola-ddadc1bc8c83f7b9949ca806a1cb082b4e115661acc4543727f76cd3c21ebdba
ebola-a4a5a04e65681d8454458663871a76331f5946a801c245fd1e02a4a049b7fb12
ebola-56a6ae29bd1ac289b010da8d43105a415620b179dbc565d50a155219034b16ab
ebola-2f2a3ac98c637eb21030942402903ff16b217dec11a6b491a2c283cca477fdf5
ebola-095020844f541a4efbcda3a353b1f07dd0dadc730c6c58ac45c2548e10bea13f
ebola-e1a8f87cc9319c3d95eed6f4d71d973b457d1a3f997bbfdb6090af526a0dd3a6
ebola-dc86396e6d3e30d32cd029e80bdec227ba5ae8981b346f5ba86d4a70a8a0fbe7
ebola-75d634b01b9b20ec25d3586c78af509f70150dadd65d60b0f72085aba48ea77e
ebola-1eaf1d1fd420b4960cfec7a0aaafb41caf6d60b0d82f224c77ff296fd38ca3f7
ebola-da8a6358e31fb9c04742c4f993cc0fc8542229a33ca6fd4099f7707d91cc97cf
ebola-4d6674f271ab71bf6dd150b5f981264fc0301285540839a5718a010d28ca62dd
ebola-bee97d1743234002d6585d09197b8ae7543e6f18ae22fc9369d95b538f7c3280
ebola-81f816626cd0061c284796e6ae4470dbbce1bd113fc554bd624c5cf0c0862602
ebola-957306f31712810342ec02d8205d6033e2174216f066bd9ea0a8ffa72a2be7bb
ebola-09b498f23692285de0fbb14da48708729dcb1ba57851c1319f8e0e8c21895309
ebola-6de0eba43dcc8a7cdc5cebaac3523700469598c1363b0f57d6a66852b8612389
ebola-95a0bb0c6a839a99e5c529c48d9427ab2304aee06a670793a1b30b64e40d90f4
ebola-24c35fad916102db500fa2e5bf110f0278e0937796684ce1598ddbcfd9c78816
ebola-d3d6f7896242c35f01ae0a49c5406c01bece1c0f9d250bc68e67a64b4bf6a5c9
ebola-732aa6f6c04679b322101655d15297744153700b361523b48604749b7cc94abb
ebola-cba6c07910ed1751fa979ac549ca340e07a6552d91295547e92975fccd540eb9
ebola-c45031f709e0a5b345c64df85d0e5c41d57d0ecfc2887bc5ae97f31466a56aaa
ebola-9ee7eeb9873af90ed6c05751835bbf3a464f84b32c2930a129b9311637553e52
ebola-235203ed3eb94f6dccb282254012afea250dbb3ceec9bccea27cf366ae634d3e
ebola-9d1458ec6ca5ecc14a41574492b065c03afb9d136219a7bd5b669bd48de5b1fc
ebola-8d00f45d038dda252f97730203f0e099e0c014ddf6c83f004d08677efcfe59ec
ebola-efd0f8f42ee0d2b8ad433c61cbea15a8f6d3fef49cd06d40ab301b63183d2be2
ebola-5149a5dda57a088f24e32f92c5526d536425c4d4f93ad3679a2d218301dc1638
ebola-a63540360c1f47e64b1709d2e0f0725d2310ba345ffc2c65069609f5274a0db8
ebola-f4c8630842ffc4e1c889ed0bf0e0f253ebc69c512815dd5391ff654c4b15ed2b
ebola-3ca3239a0aeb4a8f0ac14439f01091a0dbd19558a394aba8cd91df3dfb3f32df
ebola-cb42a4c3a8f634265eeabe536e6d313d6aa68cec1475edf9e11bf85a4f3087fe
ebola-2471aacec2b1870909db3beaabc68575b30a2e03bd36a5c3cafddcf1a97fa14c
ebola-c5953f0bcc422ce2a6c24989eaeedb3fee76cc24f4e6cc7772a0462397916acd
ebola-18133ce91d731c4a5624450f82c7e21ddeb91f98629d829d21b93b523e1ef0fc
ebola-cdc95196e37f82184cb54f36658fa6f5dc4e8cc6333f204d49db5ff47a024b96
ebola-0a8a3beef8877deb1a7cdbe7e6965bbe8fff8d5338be6c27ad62d702fbdb72fa
ebola-f6ea96af0708b68205f3aaabe31a364979e388f9bfeed117c32cb4bd300ce8db
ebola-0f8125aa71a121bf797ddbca4ee765b9fe58926f5ce14472193ab88cf8fabf1e
ebola-d51140ace844683cd6a0f14cad89851ca6d289ab9bcbe6cdd5267d41606bf919
ebola-c4a8e498fba32009b768258fcec913aa7e63431c2e3f0c2b16e955b007a4fda4
ebola-8e56f7b986df9ccd55659abc25e7431fe0c662dc9572f6e3f84029153c99f5b1
ebola-be437d4f812a991cba492ad03d9deb79d0824377268ecf66333c51adf4617c2a
ebola-0ea2793612a1f205e07bece97eb61dffc0c07372f163c6327e9d41ab9f161844
ebola-562dab27b9401671c5883d4b48d44607cdba58c89263cb325bcd6ae2aec0fff8
ebola-f20e647ea8664340de46338bb98f6316ef602587e1af3ab4c1094b4af6bccb61
ebola-4fce076c46391df0f90adb7ff2b6153e5b2c3046d6fa77f6d681a189ab145e8d
ebola-91afc76ea2edfa767b9aa4f7eead6e7097d354893fa757293f4018026c628385
ebola-9ae0aef1c18640ed3fa1eadacded59f0d7e96e61b5ad1a04cb85a0edc0743d4d
ebola-d7e7ee4b87b0874c9e904e283884081e5dd983d4df73e00e28c028f5a0063d8c
ebola-393d2db2f77ae6628b0cbe6031386bb3a6f94c180b375245167a71bbc5f28cf6
ebola-a22a33647668ac01ac37a703808d8be7eb995f0e847621080f272a518d9e0466
ebola-c4f117b3eee5ad5f9185582376b371d0635db01116cdd4f31155f07536f1d30d
ebola-9be3adb78ea679e63dd3ee1975866fce8531bb36bda0482dfa3f70904ebc1aa5
ebola-307bce0c066f07aaa60d80f7ba05ceb918443abaca5c4d4f320301275439b81a
ebola-e65834b042e20313e4c7ec654ed6bd9efe2b63c0bbfc75c673dca899850c8c7f
ebola-daabb9566ad6b93e43f7286ff2b5708019c318a9e3729f0ba5085aab033b4a36
ebola-eb38f930d6d41445f36a624131a91cb804f37462b07adb0cc486f625c6edb89e
ebola-af0b889e5e1999e382cfb601a7be29a7e3c924a91695025365e8586ec01db1b9
ebola-404dc091e32e89dec6c1eb7f81c3d30ec6c69df0a4058c5aaa4d7d90e9ff4155
ebola-2a6b262b37c2d4da56e3b0b22598d0851a7167d9a0ad6b60dff8439cfe9ce00c
ebola-2a5b4338970c6a3e4a453b658d5308b04ea45a6f012a5c3339e3452433c4e2a9
ebola-7d66abbb7add4adb42bd835addd0e1aaaeb9be309b92ba61c2911057e23fc6ad
ebola-674845d19127f807f954b7e3b7cc5c09d8ffcd261d8954d7286b6600d1df153a
ebola-60c7198a4f465b8ebe4db20c98f91c74b8060c299296673f94574038f0e72626
ebola-8fe470a67aaa55b900028a507ed86d117ceb98e7f4e70dee542f5be5c1a47c3f
ebola-bb5308ae959c847d5718c0650eb2c0ee89a2fa2f206b05ab2abe5d34b9ce5125
ebola-b9eae45f9a33ccfa6ea594a8b89633e3c6121f96406d8398f5c83ff5e79e9ee6
ebola-001f4cc0005641476a5b9b2e816703c60bbd41b6448beca90d8b1abcd59a90d1
ebola-5bfa483c9623cde2a1375dea49c73f9161be442f0a5b99217e9d7b27929dfa14
ebola-dbeb5cd1368141a52b279734dddf3af00d2e987e45b9b777e577490b8a8d7719
ebola-86e78891b499bd44dd5eb1403fb4290418ec67461546e6d19ee2a7b08beb245a
ebola-917eeda6b58a09a7ca80e0fc595ccffef75c72fe705e047b9c4a53431c3598c2
ebola-31f1c07699e9461b7266fe62fecbfe70c4075e4871cda7b02c4b2e88fa51d33e
ebola-2ee92812501aaf30eb1bb00f88d96b27ec58d29bea6e57d49722c92dcf0f5c1f
ebola-0597d016ad46b44161517cd772b3d97d2686be015822167d5a21da34d22b867d
ebola-821fd5347730dd5b5cacd83a02523df466115230d977e89405b7ef9d3b81b32c
ebola-511c93056a5ab0d2f4c76f26727cd515d5cb241f55c392845dfbfd1678b11983
ebola-e2347ca69d568f0d503efbb7d17e2db03ddff337d20523dbbae290c3e8be386f
ebola-b8ad959ca3278e6e85b91105dc9eb7bf89415d4969509a125cd3a271865c8834
ebola-9a420f23bb998dbdf010a5cc824fbb35f76dc98c06f61721234d3a83d00e644a
ebola-b0f0aaee43c3d246ab3ba9855de44b19d1ad9d99692d9f69ca8dadabc7d2de48
ebola-2c2ef68a608d9259bf8093c173a90c793a1383092786358bb0bf1510daff2851
ebola-81a1714ba1e075ab02475f178e5f33bf2bb05b4465fd2890188f6dbc6c3f4b99
ebola-395b7a41f99bbd330bc5d2b5d594bb5be0007bbe0d45c52097f52692e20d0325
ebola-a351d9426a12696a50eaa8573aa42e5f62c1d05bc57750e6925a360e5c48d363
ebola-c57e76919f9267354b550b37b89b4d208e2606235535311e582be11e711b8fe0
ebola-07deca3266b2150be20a529c97b8c9aaa56b9506c8bb934b6bfd8e93f9cee85d
ebola-3c8b8ef140fb3ed44441d0dd0e37c485f4f7e8b9cec882952c29f244a892feb6
ebola-65437f8c234847df3ae7807bb8bae4069003fc2fd45473b6bf1a2bea543b70bf
ebola-bd079051d183adf88170687771cad0f119a891c08fe9e2067258ab23da64b781
ebola-29ca97de5c7374cf148e68a900bb1bb3194c18305a28f706fbb1fb64dcabd2eb
ebola-8e1b5bb8f29f0e46dc876f4222df08ac2f7af48440c48eab8b3796eb8748d658
ebola-a7fd63274eac25759f1943d14cd9d77d10c124108d53c1cfb5f7e5499f1e2a95
ebola-c4f7b4ac7080b9f8503a3e181b0247c2a0b7e4d5297a64cb1886749923ffbcf2
ebola-8e39e5af50eee8528f786fa6c842b154998bc5d90353cb35a8e6cafbf4a266fb
ebola-c9f5aff9ce169c6b2bda56f1ad83b2702e2b7d1a03597d7fe96b0b72e9a4ead2
ebola-b5ecefcdd4793559bc3501484c05ef768257dbddc8975b61aa7d83c1a867c40e
ebola-ea2e9d7db32f370328dc70e50e780a446c5cf2f3f318bcaea8fa5b3780952a90
ebola-1c8df261beea1d6164c65f4e7bc97834be9c33eb504cad17da5b93bb1e7c0040
ebola-ca220856907362cdc6fb148ed4155fe36557d381e415bd1d0aeffef97f77deed
ebola-1b361b71b78127dacdd2dac4bde536a7effd09e15fde1d830219de5e8e2c1cc0
ebola-9de216082537663498d7ff7c6803a19b178404b738fbd4b2d2716e88baf66745
ebola-431f01b22d2ae72fa478a9fb97267e075dd947cbdc60048377f17f717a98d631
ebola-6d6b71bd55c51ef2f56686bf8063a3a922f0955f42d19fecdb886dd3f4206f33
ebola-212f4579aba934917a5ea6d6b8bbec3ad4aa5168a10be868a52edfc8674c04de

topic/create  |  time: 2016-10-25 13:58:05 370870  |  # of fields: 4  |  domain_id: 1  |  domain_name: Ebola  |  topic_id: 421  |  topic_name:  death

topic/select  |  time: 2016-10-25 13:58:05 598742  |  # of fields: 2  |  topic_id: 421  |  topic_name: death

subtopic/create  |  time: 2016-10-25 13:58:23 293492  |  # of fields: 4  |  topic_id: 421  |  topic_name: death  |  subtopic_id: 295  |  subtopic_name: death guinea

list/click  |  time: 2016-10-25 13:58:39 184234  |  # of fields: 4  |  topic_id: 421  |  docno: ebola-af0b889e5e1999e382cfb601a7be29a7e3c924a91695025365e8586ec01db1b9  |  listsource: lemur

passage/create  |  time: 2016-10-25 13:58:48 298299  |  # of fields: 7  |  topic_id: 421  |  topic_name: death  |  subtopic_id: 295  |  subtopic_name: death guinea  |  docno: ebola-af0b889e5e1999e382cfb601a7be29a7e3c924a91695025365e8586ec01db1b9  |  passage_id: 12033  |  passage_name:  Deaths Guinea 303

passage/grade  |  time: 2016-10-25 13:58:52 162591  |  # of fields: 2  |  passage_id: 12033  |  score: 4

findmore/pink  |  time: 2016-10-25 13:58:53 121909  |  # of fields: 3  |  topic_id: 421  |  subtopic_id: 295  |  subtopic_name: death guinea

result_size: 600  |  num_tagged:  1
ebola-5533c63e98883cc56a315a721f0ff2f3fcace47ba3f0d042743ee2dbd0361dc0
ebola-5685fff04b60fe6fb1747960e3e08b1a53036a8f24599aab906a5ff9dd6a01ca
ebola-868cef71ac406bae72be6b9cf76bdd91ef30b39b72d07fcdd31cd04b2bc4f688
ebola-f1359293f592abcb1f1676fa96c60b571f0ae89659d0f51cd707accf2699b770
ebola-05bd6b233b7b63c3e44458783affc73d52f92078f43203e2524538f845a60161
ebola-0b1dfaeafe94ba759b4411c5ff70ca363707255ac424a82a7d55d0e2a485aa63
ebola-ec5f28af8dbb86b2de0a3062843cae7ce09a3c7cb41bee069a6e0b36923bcdf3
ebola-09c3f0506d04846a4c26b860fccbb05c5717ebac048beaaf10756f42a2d5141f
ebola-60879cc911c7d30aa6e2796642f85757e4edcb3c9cc0cadd04829a6fd2ec9767
ebola-f07f234fec672eb078f5d6f66aaec340c62e0d08f393e8caa8da707fb2a821a6
ebola-af0b889e5e1999e382cfb601a7be29a7e3c924a91695025365e8586ec01db1b9
ebola-bcb3dbdaa4e7c976bbeb3119c852d40687e4f8582a3c216573dd0d70f6c15110
ebola-773340606a9956cc235bdaf23db6314238e11ec8e69fd28864710dc9d8e13085
ebola-53e0f0260ad73ba95dbb0bbb04142811fcd8a890d0f6f10a81355009b56b02ca
ebola-e90037f75f6ba26ac483ad45049c0849311f3b1a8437b5000030b1863eb097c8
ebola-51072b404d45cddfcb0f0cf71f2f5e4be75bd9c0f9bf74359706d5eb17533f50
ebola-d521d8154ef023fad17c819e4302bb60a0aa52c167debc4ebe6163bdad7538d3
ebola-cc8c18718a118f83cfdeaac06cae7572d2d9a16b8a6bb6a1f2331cff7f01e0b4
ebola-cbe5a12c10ff5353e1c2a814876719b7cdd36b7e062d25e38349bebf5070e8e8
ebola-f65e6d3947bd6638a1f3a5eefac519c0b7d0b5c98984e124932754c8dbcd7718
ebola-eda4d822e22e846477430c2d14c2f460013bc1c72afc8c45c39c8cbdc01f239b
ebola-ad56a2a2cf0873298901721cf57d9a418d4ba03e1257b7c65169e387ff27c53c
ebola-c5be51c6dd44f8485992b56fac0a99c9991542a67ccfdca3f6fcbb10d776c6fb
ebola-1c13b8063331eaa0de8c1bf727a0788a913567c8a7e4e043d0ac36f45645af59
ebola-481e7019c06558dcf744d4d0074bfd76bdbc5a3854dbc32bbbb3e2bf435143bc
ebola-d39c8d4e2f0f77fe25d3b48618e9b09c5badad5375f9ed1cd3d856ca94cc726f
ebola-b229a8054623d103a4fe66de2760d25fec887754ea50d564fddf28e145c02dbb
ebola-97e1483618f7bd81ecec6ce17db8b6402d7dffc0b42c90a8695ea69e444fdac6
ebola-7a87f0c39615dc41aa7d759cda216b800c8d673a5e7269c020d81cc8c46dfe8b
ebola-fcc5c4e327d71ba2ffa351a780e7146c7078d063d48d012c955de6b7ea378d38
ebola-84dc385f88d187308ed3567fb8940857f6bba58e31a2931fc6364797961c1d31
ebola-748b2cb5592472d488dda70d37cdfffb506bddd180f5df84f5b509516eba4521
ebola-d3313dc1d25231d01d824727852557ebc6a00721c6f29481bc2300f501ba28a2
ebola-bba81a7060038e5c344ee16da85685d913e06ead3db939898bec3f584fd61305
ebola-32911db076ed1d3a79cf6c9b37642575d4b1d256c48eb12ce4f3e51dab3fb181
ebola-e1c340a3ebea00da4e1882b0462bf6a7e2506d28a2275629ad004bee06257d1d
ebola-6970bd2509b611e180d45b2a71690d63d1e91c894a54656d3adb904e62781199
ebola-7b5a8a779d0206f600dfcf1e347c83022fb8d5c7a6f341d50a6b433724b865b9
ebola-1858bdaa70b914b6e397184b25b43012767462f000215748c6cf0a5d4cfc9feb
ebola-21402c936fa1bb3c1e9d32af8eae7bbd3034bdf4576de414d8e4c43a8547a691
ebola-5c510babab9f434d6b0af6c6e9146d1d6ed6e8b6f77d235f99bd420fad9333af
ebola-8579b6884641dc373a18cf12792f87f1f44a1e743b8bcc788d6fdd1a0f9b31aa
ebola-8b1b190d5c512cc7cef4d3743c619ce88f5146471ab1353847501947dd19cf11
ebola-96dcdcfea9e591cc1a9ea1c76dfdbae1e0d6b35833e9e6d18fe9740ea7697dc7
ebola-9abdc32d64029ed2fe2fa1b857b7f4a187b3f87785c7c181deee7c9436faf1c7
ebola-5ae72b41296506168e782d5918476d9d30d8d06d5fa600fa96c2ca8b99720357
ebola-83cc70b816f5a125a955b9f54d4da2201fe91af762a5046fab0be9cc3e74b03e
ebola-0e18bc270567b96d64681fb67969d38a4900a3274b200ee4f4c57e0984c9d832
ebola-c1c10fdb6adafd47cf91a387bbeab7c611feb210b282ce9c340d6469c4a7ee32
ebola-e59f4941e9ec9017ba0da0cf538c3490c481b022b1905879a009ec1e71dd7bfb
ebola-4b2e7dd7dc03d5b29c8b44b5b5ae0fc70471af560e04cffc437b74b0acd61e46
ebola-f8ecdd5785ea0708eb33e7a727c8398783c00a29d30e12dc59828221e4317473
ebola-12d1df7175dcf1f26255cee85692239481de149bd61541a30fd8b2d4da601636
ebola-6408ad14ef351ba0c3d14cbfdc25ffed1e2f5e5b65efe22e4cf2b231cedea777
ebola-ed2d5db42fe5ab85b32ac218c16169744c9bad693c1b35b0ed9704d201e59f31
ebola-5264e2ca02b0ba039b4c14726c503116cb7c496709f8af675ee1e9f81b7900ba
ebola-ac5329084db99b64e4d255c19c20208ce4f1eb037771e07ab48ff0006d358d76
ebola-284eb9c437772ef7f300e0c19d8e32718e9f52d70b46d6188091a9253b85dccf
ebola-308b7e73a586521ff3785dfdba4e0c1e0a9963b5a7c4bc45dbfd020d302772fb
ebola-6db57e3c3093835cf451c617cf7e1a8ff62494d75feaa592280a39fcf39d118f
ebola-1c7a6ae1ae6f55df43044ad85ae3c3689c36ecf423f9642de8bc77d64a8b43b7
ebola-ae4c4dd3348b79e6d701819e3fb68920cb1120155490d55f0fb38112f2e9eccc
ebola-c64f13cb5d866b7a1e974f3975b2c7a832decdc9a46f8d2dd4d0b0b36d223643
ebola-1cf825c963c274182daba9d0ef41bf09ee0895b98b4a99682169955f17d8494c
ebola-287a9195deb4fea51bbf6ba7c6e91492177d7c1df453de6c39d4845513a8cc26
ebola-aca33d6758ded331c6f8554a25926319dc982ed5244f44332d6503e9fcca80a3
ebola-2b618f38e6c8d4e96eec23d131574e33ac5f2e2000486d4bba9c2ccd53fe268c
ebola-d6971c3f006f819c9c6640215d70a0809476d46b36519860eb955ad730d2d3b0
ebola-a4c6f410475dd2902b5613458b7bf204453eb30ccfde5697aa71c5f14f60111a
ebola-2ac9bfde9114c9144c71c653318cc73d6b69316e248ff96bd92ae27126b707d6
ebola-0d3717d2e3fe7cd858c43cc9df7de4aa3ef091411b9fbb675d178ae8513335e7
ebola-dde84ab768da74a0afb3a2081e7f87f938df3704abc5fb9eefc0d86bb66259a5
ebola-96cc1ba4bab21625c10f86ee5d399dc5781597e1e20883a91634d00608b9c10c
ebola-b6edbe568881bfb583a287e2cc9e4c402b0963433ba3ca63ece40986b16a7655
ebola-4fb51f225c56d823522236dd11ebd91bf21ee4df8fe26ce9d17f20b287f49cd1
ebola-ae1fbd34ae90169d95aa924aa2434d3381aa766b57b4264dd13a4a7d65360247
ebola-ce2e73c214ed98dd70a143483865ae0197599e39b2f16e97367896acdcae4bc0
ebola-13c4a02a164967f1e67bbac41f534f096d2710e946f0c3673bf50ed58d5411c5
ebola-d6638e21bfd92aaab220fa23e16ff9ba405c27a8ce6e187e8a3b93b7697601f4
ebola-a370133bf799d6aa80bce3ea018676b4f845962ced8e5841b0705a072ca8ac82
ebola-b004ff236024a34ad3652461a0d5da9a88bfc9c06316854b8ef1d6f5f7e2cddb
ebola-ecdc2cda810cd36e93a7185a3b5bc2ec039f7fc9de48958ea96d24d7c2c52305
ebola-ab2a45d77bf14a6d5bf42c430d60ae0bc770f36c22b438c347650328c9ccf3dc
ebola-e2f54eec451c31c786749bf16a8b5fb133cea18eb22a935eb706136d48e24f95
ebola-07e5386310d84d81444e024e7d6e7048333d52fcd2790fdadca68c78646b9a50
ebola-f74c949f739b8a4d1c77f12c691708cfa9904d08ffd65f28ac94410ec3c7e87a
ebola-5d7c6c20873b252142051e182fd7f11fa1d911f8ad2f9e7260a96abf81055d11
ebola-3a4c3442e9abd12aab50c7c10b8451659a2f0c68fa9c7dd0ec96b8491082d3ef
ebola-6ad246e7918cf58df948d512f515b5094cff71e545d84a8b4b799210536c1431
ebola-35e6d814196f7f7af56daa790de48778a940778ec1f65501fa99b45b2b651652
ebola-992812e9bbab6b2443b7a40ade0777f6fca959fdc058a3b778df7a1d3ba83b5f
ebola-9f7888e244eb54529b4a608355735034ddf5bce4fb4c37d60fb72cf11cd52aa7
ebola-45ebd7b8e2c20e3ff3f1a0096c18914fa71367bd46245a6aab8053deb425cf75
ebola-caa96a15f313287ea0cd5f979b9fdcfe74badf18accf396c959bab152be77315
ebola-6fa25417308ff899a3b8e1292e60b2634a489194270e54500578a7805918a91a
ebola-dd7e66a35407620587b8dc1f8036b3e116dac0a9d6cfb2ba6a35db57be21cdf7
ebola-204ece3c384f3dd2a6ab6f71478856fe5302bf892599749efb45beb14a077be3
ebola-770165204682cbbffac8edf7d675844c33a2de1575515468cd6cfc497739f729
ebola-bec09ceaa2de5795d857ace182b95ee46b7310befcdaffeac6dcb0d305704e31
ebola-2b7d9c49ca756539d53bcf6743399fd81a86ada6e3d79388002f5e628776d2e2
ebola-5f7fd91311153855493dab38d26f6e54e101e9d00988ed0dc72f68f84aad3ae6
ebola-668b5dfcf30e26e0e1aa09bfbec03b3eaf96c6de4b98f45deacdeb6ff10f2528
ebola-e700e7c0b804f65f2b8c55ea8f980bfce015de8e1c20823dabe4be7d3e045545
ebola-cc7c12b55ee4295999971cc5473685420f80be287b5f1237a71834d22698d550
ebola-402475d366c7cbf7bd8c7c390339f6d9a419ba48ba0bead81777208936a79c9f
ebola-b67ab4410b009c321b98cef1a0fc2b55e72cfe965868adadea8293ef280ed352
ebola-cfd2981885b36b3715f32bb27fd9c7f9ab2d3f7ac1da4b63ba74ed815c7ee39b
ebola-c685ae159e4304a8111c77e78b0e9fbf0da07b29805f5e785ecb0cc9e9eceefb
ebola-5493a85566942bf5e6ae5da179f8c18caf5665ad548371f9d9f1d50a0ceaa50c
ebola-d2bdec5e6974db9b003e4612fb58c66eebf36e5a72f9f656717feb7355f77a80
ebola-59abf77821f3435680e9f351c29f520275607b9266700af3a2229360a560db69
ebola-8f6c5934da8a1a134cf008791fe29360a48933c271093d5b2458abc4b82194ac
ebola-19bd90f3af4b6c17c5fb05db59ce02d9437b76a0ca11c4782cd5f49c7a53f5cd
ebola-2d8bf972f1a1871e7234814e151af0efac13177d9a41a8d12292952b4e460526
ebola-ddc89f4802eb2e90149b94c37ca7159c81c5edb82cd064395ebf650a1f5ebc03
ebola-55b48948d9bc85035f371e8ad910d730321e65aff4760de2dfac4326ba4178c4
ebola-58bfe5c7a60e224e83164e7f36b31bb3ee26723f5710c4f4dead3d8b9b767ea3
ebola-83736a0f53fba8ed143b3e370bcca15c851519b31d785db83cb620651f29f29a
ebola-17f938d047c564b7b45274ac81396936c86d7b3ce40a9c89cb1f2c056369dc2b
ebola-aeaa877b2a2abd617d560ab32617e084325c4e874d1e4d270e981e185019eac8
ebola-5dde88e9791f4b21194a48a06508285457f753f799406addee8c0cc385bf7c8d
ebola-c140d73b78fc316bc78a679ac2a4220da9ea9ff50fac52ce260aebdfd4972332
ebola-566c434ddbe02ad5ee3d869f3364b87096dd81f4ea1b99dfef8037695cc631f1
ebola-06737592bb102bb8a78c4856eef913be5ec83991f5e49ecfbb1b2f1006efe89a
ebola-063243ff5c999f26341d22dd4112d820bf377070ae7f7dbf2790c237b0da227f
ebola-22e0cadf5b2e2af9a7c32341cda6108f7dff44848972b663e0d8545fb974d93a
ebola-6bfedd170edcc11bdf8df536f8ff1e07788de18ca1c36417b95f464017660576
ebola-5f3a204caec71d68e7e12920956dfee3a4cd9df31611025a0bbe803bf2281bc3
ebola-41bddf518ae633a5af93a432124f1e63ea29298834d07a926ac4cd8005e5e2ec
ebola-66a7d9b9eebc6519e2e4af89029e7ddba53fd1a6e876fe8ec4cd8dc5dbe7b431
ebola-260b1599e4eb6c182f00397eeee86a44320639d2d95bb9c4b03eb66e0d54fe71
ebola-db986c849ff9b561d4e85c716feb76c324a9979591202bbdb8042e0f9f5ece5b
ebola-2f6e0a7f6a6f3335d5d7b33cdae62b8c87b82c4a5109716f5beb0262d51fb50d
ebola-f656f1abb3f5f8584ea5ee72f764499996aa1c61ac15c0113385bc55fdb4015e
ebola-5ec61acdfcef4f589dd1e9b3ba38eb27e7e10e586a2012ab311a517730328174
ebola-91d3423e1d62eaea5235092837cdbaaa781117f1cdfcd54e144b06edd5e6adc6
ebola-a5c8e9feabe84a9dc75df45ed4aa79a3a1e5ff8679dcafb0f72ec93d081d6cc9
ebola-9b9dd90d1fc25b1d9cac22a01ee09f10caf217f2f638f8efaca89a7839a7bc93
ebola-bd7bed5cc434d41bf33703d1789792f7199d12d1ea6aed2413f31ca2b295bfef
ebola-d97ac77306f2e6a6fe52ada6b2fc980fd0abd72e23887a5809591cad4e40b2fa
ebola-3fef92e65a294ebd563817585875e86bc69a8f824754520979cb33b6c7c8e54c
ebola-cacc0dd15d90e8638b2ff424aa9f8f9a71ba8fa6aad32dd3eeda0822a4f38ea9
ebola-b286955b068f654417fd00c798d1e4b7d69b54728f0ee09b33213545561f0581
ebola-ea0cf7a18b1aa835ffe5615469353f4ed3b76219d1d91ec032ce8b4da92b68c5
ebola-099c79b2c5ebdcdd72f701fbae660997c9fe0a329a15a6329489db2eab19ad7b
ebola-9e30cca87d8d53f6fbf4c471ff13bb656b4cd226ad3d5f10dc9f5e2d9a3eb80a
ebola-a7ef7befcb8dc01dc884b59a4b7696cc2583c8e2c03b2f12e020159409816f10
ebola-c0b69e738a9409a294f5f23987b331de5598a622eab497ab4dcddc578b41dd40
ebola-3636c3b61e528f62ae8ed9d47818d6c48f248bc8b230cfb65f2929431effc51f
ebola-5c5bca883cc4f5b9345d8182780d8b8481b714bebcda814154ad2aeda11578a4
ebola-0e25a9f6c617e1063e80f841703fba50cfcf7fc38c5b49672d3d03112a3b7a0c
ebola-285b702fd9c0419b8f51b9fbf857631b9f8e6680e5320a82b671c564fd53499b
ebola-07a755538b2dbd9de65eee019f962a3c8d0f16f405f0f3038650a8e2de5bf4e6
ebola-5d576b8dee02da62c06e4d2acfec1ffaed846737fe39e42ec218bc829838d950
ebola-349fb1d142f2913f756d3cfa19cda9d259e3c269b6d3e0378b292f8480d5874a
ebola-d04ca2a57bf8b8b1118194ee5785162b226b6d13faf1502a9929c6ec9b571466
ebola-631300e06bc0ae1eeda66400215a19602daca47b3aacbc799d3caf109b2dafed
ebola-e89755af7328791995d849738d01c2a6f3b2e08ab548875b1802f4f32dced55e
ebola-be76ad03159bf0605b7ec541667d8d73731a45a840e40333761c54cdc5c33ef7
ebola-319e13ae7c887d0a02a3a8d351e74ded0b26a0380d08b8acf80313660f34a424
ebola-d70a9d59816942d92760cfaa2cb93ea4ec2a723f39854539d9286176b83ddaef
ebola-ce43fc8f30f585f3a0061deea0a5a9108f8ce474043056f33bdaa0cb960bad78
ebola-1cb0ca21328125afb26ea98396f1b6480f4eefcc396e3007fbe3f89d9e83698c
ebola-2d7afd26d46508e274b4d8b3d262bbb5371e40d62404917d79313c2a902e4333
ebola-2ac6e396d819fc930f4eff09c8b4007486269cd9a48516d1ec505f577dfe5d87
ebola-64e178faefa4ade0b5800a4dfcae0bd0b0c21777581e7f66daa87fb2a29bf96c
ebola-1f65fba9a3aaa5b3b730799e8416aefe7eddc1bc5af070b68f6adb3b090df8bf
ebola-34ed0fe453e996d196838aefd08df124893724c301ce6889bec36ace6f5fccf0
ebola-67a3b5e4e638b08d493e2f1f117c5abbf4905295dd2508fcac4af03869605cdc
ebola-961d4904351f2299bc430a21f8ec661278e402223cb37b621162bcbcd25cf64f
ebola-52c4f60365b01dc081531515b7ddf256fc3aa0d1e3b58c687dc56571a8f5594d
ebola-ebe3b9a4cf68b25df215139e7599c9337118ad6b7c36a86428db1cc35e8c9068
ebola-e1f9ee922b674baef9e02ce4e5b92279586af5612bc93c0d97a8918a10c9f2bd
ebola-5c7a48eb8e144dc8ff8e5ea86c23cf2953ba410c7e3af4673fdf27e7576ef307
ebola-4540ae64b03abf21b51e28da59f0c923bcf1bb84a4484d8c821f4a081873e8c2
ebola-c9ed233b283451bc66650d5b366725fefb338a5959d76a9b37b22801a5906abf
ebola-1cab81fadecbab37406cb98362ab4e3608b0100387928a784dd6f126167fb421
ebola-bbf065a032f1bc1542e08994c6bc5e738e3687ac383b05b5144830ff7549f62d
ebola-f18fa90f11e79c98d216a287eff45984cb5158a371f1b164ee832c3e04a64cca
ebola-c151d43708d3bba86ec4f9b03cb26c9a9197eed815725dd0fd299de3ac1722b9
ebola-ec2dbb606440b874f72186e5ac5aa1bac09d3d3d68e56f823d4964b0ff4ed7ce
ebola-d8302ee50da33fa817565b39f1061bfc1f3e82b51aa19564fc74958fb0f1ae0c
ebola-942831328cea3ae78e0f31e68bacc81490bb0a81a4d91459ca2ec21e68ca7185
ebola-20572621b85b6673ea8b601f71609c45d27b4bf2fc73b219473c19f85af76c83
ebola-b9f50e1bdf67e3134975f26ad005eb900e0557db76d00b41842c8dea552b5674
ebola-855cd0bb3d36b0db1a70ce7267db2bb6b6cb850fa471d80fe33243c267befdff
ebola-c8f297a2842e2d3d9b887a2658ce7fd79be2bfc6c8fe9098c2219c4b01d2bddc
ebola-afc8c04292f3ce475f49378298cce743cc25890934121786694514fc9a1c63d4
ebola-67e405442e6f56c01223915192f71624ae5dc4ab9686d565b1e5984d81b010f4
ebola-69d89a2ab002036fedec6cc14286c3f6db742187a8ba192b408efa2a858a1784
ebola-874932fb05d23a6a588f4987c60c18610340b83ad6182ad8b37ae1dc8167e618
ebola-f389f0d7ee9bed7ca20065d856b2721387bfd8a9ee2b1403539a0515e7dbbfce
ebola-73c5c477c3b2089c010d131a38a825f368b305be3603acd8f3d5de83709a1368
ebola-4b18791ceb7f44de79fdba945f8e0d842140863d0db4982121354004295b4b3d
ebola-a60804fad85887e0a01e20e007169b7f8b1753c2e703e93bc59ca66a73061546
ebola-e9317db89ab9712a66ee7495ccda427c794fdde75ae3a21470695814df62e33a
ebola-bafb495532c5173de4ff498589255ad3d8e52192927efb7352fc9bf167b6600e
ebola-ebfa08adc61e2afb68565ab48230806b94dc1119e6bbea2ebed478b9c6354318
ebola-141603a35f1a065b9befb9e0de004bf50b26512d7c2f38863cee11e8e556be26
ebola-a89e449e8574cbd557fa08cf2c251e07a729ca33a7dfdc6091cefe4962697fc9
ebola-f4f3c7c467554367b32eeccedc3747213c39fbde5e4d940602c38de696178155
ebola-75c12f1f133b5867b8d196c5d4c55e12992377fbfa4769441823f28e858fe5e1
ebola-8d783d726bd908bd512f6ce7c9729460126df7356116caee7b5f819f529736b8
ebola-b10a71c90609953fab5182cfc22781ada766c06a84de3654f43840852ef669ab
ebola-2d89fdc527266023da6fad094cd536661c86e39fe164b0d2c70d3a7cd68b66a5
ebola-12a9dfcc7fc08705694225ad2129779d9e376d8ab04912a28550b370857bbcec
ebola-e1c9b7590b1e59e9e4b71617d04f6fb2835f64b9e033e029b46bcd3a2ad0c1a3
ebola-131871b7b1cefdc5a8189c8c63663c0169ee96f5446fc929e5e66d5c8c00f8da
ebola-0c3598c7e8e72ef9ac5b798e18082ac4c298d36d74e78b2a16c6f789df406f10
ebola-addf2fe5ca772f93bfc96a8ff24c67436e816ee6b6186cab44c48840fab03431
ebola-1f5d326fcb6f7a2d541bb4a455fcc4968575820bdadc021489cdcda2e62a2ba7
ebola-9ae3fcd474a34e86f9b946f36f23dcb023881b1493d9c40f9012824b886d0978
ebola-f09ce98c478af0aa699eb13c1161cdb069abdd872e8ff7e1c65b0597cdf98d44
ebola-655024ff7f28980a8763378f1487be3eab513d59c6ce8e4cbf3409cd33a93284
ebola-3565a3dbcb80559325fe8644616b8e42890c90beded0363674f42ae1f3bba168
ebola-6a28fc91c3d16bafe88562b999f04e2ae0e1b8d2c26c8b7b30b6e240d96b47ef
ebola-b2fad0f82614dde49b51e2f4c45c8cd1a103b28107e15101a06791b90e91b3fd
ebola-2eeb268deaa814e4e3deda904871039c4a003addc6e6a93b1596728a49e6e1f6
ebola-3faac3a580c842ae97a3780866c61fc1024759c95d6657b19e28aeb9d1ce4f56
ebola-d3458e70568b713a84f32bc2bf6b55c9ba9f800603966ee7ea08737d5542639b
ebola-d3af1a81d6dfa765e3b0b6303bec78ff71f9094f295d7fdaa22d3f7071ac562b
ebola-3b8b22dd62806065e2045f0ee62d7e5e2d791f05e76a0525893e30342d23dec8
ebola-750dcfd2bfda4173265aa26b210f9ca25c66038151bbff233d52e34fc8549b03
ebola-b5743d06fa13eb4b1c45ba7a58563ab4cdcfa2f888298d55880d92736ae31d8f
ebola-79b7cdfe8b72f96677ba6178baa0a45ff71ecab04b8c108916995e303d5cdf1f
ebola-b55931899b57b96e30946af4ccf6a4342452266a3ffb002dd256fa73a9558e1a
ebola-8d35ec525ebf1860e3756039be8cabc6d2b287a0da35a13fe79c28927d218a2a
ebola-173e9d54e97794c520f90db8fea5585639b600223dd38bc6ccce8a15639e899a
ebola-6a3f7da99a9e5a9b07f264125f5292c9c3cefbdedd010afccb80f0abaf47eed9
ebola-a49ac4f632cdb4f059dbd558262ae8dafa198d1c6ce97d393d7d370039a5e993
ebola-340ff204dc5a6e70675c858794ea6bdf81cefba8f6d051154a3a7380c443e4ba
ebola-6cbf7083b52cf4afc3752476e44f44b14ff91abee94956f63b0040ba64ee387b
ebola-415e552036483998f4d49ab258e8105b993a2cd36d6dd2e28686c4df4bb813a3
ebola-9950c94b4aebceb3f00398c71d3106f1fbb4f3e7f63b45bfb5d0bee6cbd2b8df
ebola-34bfbaab4cdedbe9e662d47287bc40de77b1887db54427a2bbc6be6fc7ed475c
ebola-896bed8009b9ed749a16826ea90791e34d4c4d1315868d9db067c2e404b85ad8
ebola-b88810c99cc9d0198d5828f15d57853d16d56e47cc608ae3611b99777d4b4502
ebola-6076d08b815dde162b6a70a16f6fe0735aada211fd1ae36687ebdcfd8867559c
ebola-0bb4c326790de32d98ab883a4a9298a25f5e8681be8857d852948640aada023c
ebola-ac8dd5aecfd54ad953067b084d83f734fefa9f6e975cdfe727b7a02385f29a15
ebola-47a2c1eee79874b4791879720be26970489f3445b0802cd2dad0df1c12e901ad
ebola-32841281cd065293883f1f7fdfbc19f1c117c2a1c193dc77140e8151e89a9076
ebola-30976f98dd0740f75f842acf42ca8aed6909f281d98f253f6a8c0801c5469eed
ebola-cea11ba412f65d8f4197f5c0bad13677762253d714dc0918fe71eb55377d1aaa
ebola-d3ce23350c76047d73729d86ff9ad83586bcaa903bf9f80a770e58dd879972cc
ebola-4088af243992fc78200839a0539ae8ebcaf91dace14e5c61eb17d649ef6c4578
ebola-14057f53b8d11d1dabee8f1e74b4502493e240ea3b3df05725f54caa6b7d592c
ebola-d9dbf343b388b46040972219496cb9b77b671f6c92392472aa51ac7c3add01f9
ebola-8f69a38de83a190b9cf81698bb77ea302b99903ce1bfecd458bae034c2dea94c
ebola-1d7a87af5d8b57f0e5590b5b7996bae085657bf0ae0a16c3338d1ea56ee02d37
ebola-9c4a49432d1e17c2c82a464582813d09ba13cde7ad23c473e80226d96473d623
ebola-42fb9505c86e6340269844b4e789a041ca830fb8fd159e646088ea6a181cf0ee
ebola-ca61b5750877000f17f97bf66b39ab898b8724e13c9b24d8b81a4cdb184a5f01
ebola-e5f01f5bf5b33a4fca1b035d8507095f08c51080459aa9e734617734c33bd904
ebola-23ab36f57bb592b7e25bc57acf08d243e0249e6f1f09448c52c04d4e121cc021
ebola-d19f98012f1c6ebb9c5bdadb217ebdcc4c29b3e636f34a785d58ef3dd914abf5
ebola-27093d5d3d30b44a3bc83a2d4e13ea6990a866d69193e777d38a08ed609f5e84
ebola-acda5bd861d52ad89ba85650a7e672e76f374521e963e91195d14c330617503e
ebola-462b4f02e9018771d01d87518146518de7dbbc9fe9d19d54f02984c6ccdbdadd
ebola-f873ba4401d05a1b4eb0d400ccb8690031176b9b97a10b2d22d2c03163da1de9
ebola-f106db5bd72d43d3ef6b20fc001b1e82a6e4d98ed2be81b0cfea17d39966e485
ebola-84963a030b0804b7f3196ab765cfd4b54a4a263edf71aa3f5a9415b0e226f7d2
ebola-763d313686e0a88e9b60fc858721b3c17253164b02ffe22535e57491dcf10a06
ebola-b5a60c7fae3f97ba9a4707a1f6322ed24fb793a7aefee5023b60f8ae40534656
ebola-5b0a1416ceecbc92a93dcb7e300dcd5e95f5447c2b336c90178ae721043a82e4
ebola-efc34e12b007467f639d9172fc641f235db87805fe11cc6cde63f603f5766d8a
ebola-6f532bc3523ec3a47936502a5566e7ac1f1d4f4d5ee26502032b79f2df9811ec
ebola-1a314e0af102f03545d53646a39a09d214f25dede6e96267ba7d875ac701b37b
ebola-cd43424a0f0f05dd22e29467ccc80f6985323b96a1f2d703e61da5f728d482be
ebola-5830b17028836a3519b4917bff013b5319bf512643ffb9c004c178a5ee4bdbc0
ebola-8c2b7ac9cc0183a02485e2158a9a33092d6202fd2f8b8aeab5a1a3b6e74c0973
ebola-c2ffe99334c99eb333bfa6c27e6ac2b8763c38dbf97dc90b8c1cfb87e8e153da
ebola-f8f6494ca99afe01cdd08dfce4c7299e6ef0e9b8a943591f4f09274f356c5879
ebola-31ef3793a98ee40966b687faaa9f041f8eebe82671c85c8ead56400942ca754e
ebola-a56e8520e484d59403005eb7cb62ac00ee2a8efaac422ba54a29037fa6d156fd
ebola-453b2d2f498de880789f55f311bbe99fb35ffaf9a949817c985841e60c86bda7
ebola-e4cd827cd44472af2f4b2956a911350291bce3f968537c1c0d107c7a860ce801
ebola-a1ed11d7b2c887916b48fe66cd6f8e6a4d55194363a12cbbefc5418394f1ee30
ebola-67ce7239c07185c5c1fdd031e143ed483d47ba7857ccce12be3aafb0f7d9aef9
ebola-2be16d953223789dafdb40ee108dcdbea4c4fbb44e58545ccc34d617dcf68c48
ebola-f4bb4eed1f02ae233e6be0433864df380805be0208d71b06a80823714f88ee2c
ebola-a68b771d83fec17e0eff32b0a99b79138e47c689cc80f356dc4c7f7317496a7c
ebola-4101b6787bdcdaba656d42fe6d473cedd041df27ae63a13386e9efa79e370f8e
ebola-46f8abde9eb1b660ad41fe1bf58fbc82ba4f1fa4682b30518e5a6f340aade253
ebola-269490eb94c826d02d8ff30b33fe9a6833e496db17db6fbd6b85fe0310fb7a0e
ebola-b2cf135decf84b579f439a8732a23898261cfcb3577e6dc04ac0130eacbb78e2
ebola-282c5d9f56176838a3407e3e723bbd515c46ca68394079e58ab8833cf5548f95
ebola-e8bdf6e7ef06e330b1a50420491b321896e565abb753547cf46ee865c6874c62
ebola-a0f437b0e4c5f4543720989bda1ad767458bf5772bcd9b15920aa168dcbd6a78
ebola-d4980a4ada7df7a2328d7d7eb94b0cb84e108bd2d9345eb9505ebf1092ea02ff
ebola-572e1191ef6abbef746e416b9cbc0a75364aea0c63f64a5b9082e8639636e9b3
ebola-ae90857e1c6a0f49e1f6f3174e5fd4601166b184ade26d112fa5fd5c2b206e5e
ebola-d5d1bc53fa8ec629823a1d4c52dcc236049661193d69d7658644ea47a2d27d14
ebola-712d5da3cabaa7da585b400159f9ce99cf5f4d5aa2d7389afdb45a0f18742796
ebola-a641d25cf34d23089c992dfb8ecdd7437b41de77d35666124ba38294fb740586
ebola-7d8ac0673db7fd5bfe2e8adce79048c3711498de6e869b6f4201b4f570017e35
ebola-8501b8941ca904a835557fca00542fd1d9b8af3f674be7eac66f660145f61881
ebola-44eb5a3548d46139c4ee11cfba732ac0cc8a751487dd911c29e70ce4b9265f91
ebola-f62c1ed437bf983e3da3131a83602f6f861c7ed9f7f859115e61eb0dad588323
ebola-576c4949cc326b8f7cfbe61ddeb1264aae5784908f80819eff4cd4923ce415fb
ebola-6638918d1ba3f710da8cfd32e4d3af52388ceca735b953efedb5463105e0d7a9
ebola-94be5391b18ad00e03b7ab9ff7afd538abff418d9d78e6085fd0f84a9dba318d
ebola-57c8ad9b0110893c617ae64543a7384a5e04f788999331a12e2a811dec51e078
ebola-ec9395a9e638d1c3e5cf265f0098af3f689fb3eb9cf7c13afe1578316d9b4fca
ebola-e6adb7db6d339ea7881b8463e19edc1eb91195bec6e3e797adaa592faba9722f
ebola-54a551c18f271fbbde5e3d78412a41f9543e4bfaa81f05b658add3364a6dd935
ebola-189a57fe40d4646c7ee8de514f6917fee23388e334a20a55e763992bdc733ce5
ebola-5b7ba0b2ed22afb80f0a92ff6afa1dffc6e0ed2833cae7b21aad420a8e017df9
ebola-6e51ae074a869490970e44eeb432c250c4a79b577805a338dcb264514e6040f8
ebola-f368c5e2f8800f473633649281a20f31cedc697aa50916e30cd1adb569d757cd
ebola-b0b74304f390ca5bd35eaff50f924c2cdda0e1c82b17cc0db4491377ad4ec478
ebola-92cde2973b4d126f00da89ebab3c77a15719ed4ffe667f2e331e77aa1be5b5d6
ebola-c4c9ff95eb3a104f0ec21c094e17641ceb6929817df8f80ae16efe5f2fbaa3b3
ebola-f493d2d7e83c4d5d2d68288aa19a749ac39590681879b37435414c3da1021745
ebola-c947a6ac6ca3bb073e35254b94b42d3a06d5bb4ffab0317d0dc5338da99790a2
ebola-28deb047b6eca18efa5d897222ac29da7c5f64f8e624535e16f34dd6f3e843dc
ebola-0abf90992ab9ea656f05bc16d32e122eeaafe2038053adb47d2466193be268eb
ebola-388cfeb975ce3a6459aeabf4fb2e182ee4e5fb2e386545ebb6d4e6f0aedf3282
ebola-c0940136a604f94d44bc656e75dbf189147b0f268e9d716322b32fdc2da0acf9
ebola-64a7d66db02c071c851b9bd9be260ba236c8770ca2c43bcfc17b22612661427d
ebola-6208a5e2978da37fcfc4569b8f2d401623be5886bc8569de0e94ce08ae8dae9f
ebola-5bb080f86f37490c5cb5cca847c08c0f5895fd4e38c632b3d6eda809e151ab4e
ebola-ddadc1bc8c83f7b9949ca806a1cb082b4e115661acc4543727f76cd3c21ebdba
ebola-6d945d179a1c07a8d10e84d7afb99b60f000fa5944e40943e5409b567e503164
ebola-29e7a6275fcbe4f9a50f2b9af7f9f7364d6ee5eb75d11e6534f8255ec446a916
ebola-1def71ecd37ede087d3c5519e69a67c2255ffaf8d1bf49e92a95ee505e89581b
ebola-abf9e70c599f2ee3e171f8dc40dc15aee9c7f24167ea6d13961687c41bb12fa9
ebola-0f54704d4015cbe8d2ff749ac59f324b57d3d796d5b371287a0594e8b46ae8ac
ebola-eedb030a342c0181874f402c7afbdda67eebdd7f912660d210d8f919cf9d1871
ebola-f1356ad75982e52a77eca5da78c03efb0f292ca7b6b2eaa02f6ac50bbb8fe321
ebola-2bff82c0cc7ea3e116b362807fa889c5cbd36a313c2737b31483bd4b56144c4c
ebola-4ada894e90795417837433ff16294a7c4542afa5418700dd88e44bade76bf9b6
ebola-cbeeaa325539b39ff437703b50c1cdd347649368df5f43aaf3bdc6237a4e63e5
ebola-2b39fdf184ff6445ca4bd41a876a9154fe27d4312352210bab67c11eec0d4e7a
ebola-80f6ee9ba3be377eec3e06fd889d4373a99b13ed0b97ff8e352d2fcfd13389f8
ebola-95a6a2df3e8fda1f7b13b1d76447d8952bd4ce86c9cb23b1fb6ba9940587e721
ebola-b1ad016884ae0f15ddd5b0e5f78b48263ed8b475692cb33509625601b36975f5
ebola-9b420ac39ad9c5a0d6406f61c55485e203a14bc632b49381016ffe7b54dcc3f2
ebola-bc2ceb8ae50a2f23ea5a4fb8dc87df8a2c10fead12ba72b1e2b84faa12dfb771
ebola-6ac6e1d42de7208d33ca6d0a757933df57503da2d38e27ebf594bae2d1feab9e
ebola-8e6c6e913c780457ddd13e90bcdc285259abc54992b57d7d0f61ddd5b9016e53
ebola-bbe43575d2f005cdb5c2c6ae69799156e5d598497656da381337a9ccfc4d3146
ebola-17196b07250e02e251ec8fdaea7ed2bc4296265a591e5a6e45d16d5e9f51edc6
ebola-6c302a347953010c20202b20c715b29aa7809f505f490e437f9f793a37c81843
ebola-5eec3ba64300e6284df1fabe0c4cc45fc9e3b927885c82a96005e4de1f68178a
ebola-c64b4464c31db099279da9a0c316684d51c440310fef018a56e895ebf87c3563
ebola-3d6daa70a12078a621754ef9f74f2f011e48c1eeef295780418d2cd5d7ffcc80
ebola-87129011deaf4fa83e52832e2abfca12c4283eb8d59e89d873789a320d709ba7
ebola-7705d88950141135a78815fdf415917e96e69bd6b499133d6c1065bbb2174506
ebola-bddb3857b0a9920a302c22965a6bac5ad5a4ba43f59dc0a6970f5fefb0e85b8e
ebola-f8ad48252bfad77ad2017daa3e9d80ab66c5e39ef5d41a52072f3e4dc49bd8b5
ebola-8b13db4e475ac1ec09b4d8cb41ce153ec4bb31406bdf84da610fc86cf2757e54
ebola-491170698f9e3d6cf3883b931e537ae8e9b5037b62118a69468573198bee7c38
ebola-fdd94dc39ee5e416eb7d747a5424b24dadbf1c870d73869f14145553c4189be2
ebola-f899315b2634f8e19405e6ab5bc56767792860cd3c68513a35e47fe38e2fc508
ebola-909bd28ba5e372f25cb6a3c02ce740b90d211d25b2eb6437958211efc4a5c409
ebola-6fb75f21a12c13e85e5fdbf1657f91a0ecb2d06cd2a945fda027f70eb0ba211c
ebola-3b205f8903c1dfa296a806213df38449c1d81ae716d413aaa4784f0850d59d53
ebola-ae637a6f02613400914ded7014358d44b133e383aea31121f82cfbaa774dde57
ebola-9bc97f4d5160239db4dae216fd8e7232f57fc5900053293bf5735f15bf00ded1
ebola-14b408216b87ce5352bdf55770960754ab6c2958d06fb216af926c24a23d9b64
ebola-dc2acb2f8f928d0056a814558f9e1c105c7b0304849200cc820c3d113a86918a
ebola-84539a256df3d396d047a9cfe80761466a781f7583564e425f30f16e1d43c3e7
ebola-4c1da054c2c77351a221af4c0ef6522d391b2de0e7bf5df9f03ff45b92fd8b5d
ebola-ea68bc117d56471910c389eb6f1a2d810779dc69d77312e237b381ac5ea97e41
ebola-952fbce622da2e5f5d6a8fbf95a12e174a65d1d2e1ace7b600254169045451c4
ebola-ec26c01d781ed187437acdf9319b977aea94419ed84512b44d14e3f9762cdc03
ebola-a1928f00fe3692633ab3b2df432d72b06c5eb3f2c8b4a704d724b2641f5e6a32
ebola-e348b9079ae664567c769ba33d3571fc3eef1f5a0ff0cb2a714de6cc1f2cc1ab
ebola-5f4ad97ef506be9b6c549821c201ade6b75697a75dac815480b6f59aa3d4eccd
ebola-a57bd4208cbf2bc0af0382902d0e4fcb2ccd56b148ff8f18b2bf0da70c7a7396
ebola-cbcc2a3838c3b04ed34eb0c81f3680315919e0aedff60925d0672e8f2ed6540d
ebola-bcb7755a85d4ce33ace9aeda60d60164ed0340c830d9f9ca7e2e962f35a1fb72
ebola-bc036371e454ac6a7fd444297bb5840a972785b0e1df484ed8f51840ac29bff1
ebola-66060deb8cfc69605229fab491a79806d20b8564563a90c8cb12cdda6647d664
ebola-e0a12d20b9aafdfe60af0a4f43f65397944992f0f45d90a69adad56c158ecff8
ebola-52be2efe14d936ea206e7425c9fcbf91b6ad248e2fb302f6a82b888f56fdc936
ebola-1cbc41806ab829adbb3e31d4aed9fe4fbf42f5edfc3c981abe6ed80f100f4fc4
ebola-c0a5954f048d94c58e31b26890342dd5abfe2a945ba530e18098b94bfacade93
ebola-6dffe40fbef79ee586d465d17c71e0559e01d605a7d8e41b74ba9290ca63cce3
ebola-dcf2b0249e434b4f2e6e8b434dc921cc5de3fddba8940e6171f74cb8df16d97b
ebola-f20dc568613f098df31e81bfda79a1767a75ea14be1222809a11135d72d3f6e2
ebola-944e0ea9788d95c4273336e76dbead8d6c6092e5ea1d5fd636214c08b7ae743f
ebola-edd5e2030f9e7e96f59b5a3326c9af4f1031e5ec4015f283dbd153e0917ae34a
ebola-8ff4bd2b1816db40b8a9525f92e3b3981e8348c9ff32553866ae947ebfe026f6
ebola-50e87a2df55201fac87087f48ac2bd189d9d688f899906ea9d6068e34498bcaf
ebola-92d34dad436521b77b519372862950a9424047ca94e1b851d6237291bba8be15
ebola-f2f13ea392feff09f8a77c195e2e15679414d0a1f275696455c88dd6df746c98
ebola-1069744f1bbfcb283f5cbb039d6d6a899631fe784675b57ee87943ccd2ff2e71
ebola-81001765f535377d6f7f34a09fa75aee0ba3143cdbcee6dd312843a9de7c02db
ebola-797b88ef3d091514f2e9f8c6725465cb5a9cc98dec5f9879e6c0227b0eb8a087
ebola-108611ba3969f143d54dcfa8dbf6893396f65089fda367e0dfaf6d21f3365138
ebola-e626b149b65f4ab1e7a8042f03cb36f05a69af559d8306ad690b883384522ff9
ebola-96d4ecb94e803411ed85744507114d2f7db159627d9e5af3b8a48982cf3313d9
ebola-8251556b6bc1bf8dfb96903051c5eebe0f16869db07fcae0f4744f9fa38899ec
ebola-0bc46f1887784b3df141cd07d0f8bc76da0b87ca6d6ca4db86533f9fe809f435
ebola-2bd2d65e8a84acdc32810792b1106e87d4ee83cab8002d497978d71818c96e20
ebola-e949af329773b16aefacdf30654167542bb8d8be8f1017ad989ec814575c9cf5
ebola-6338d6842ea3ccdc0b806c639d9a6ce26f5ee7888c73a47b9a43bef71bfc0971
ebola-4a0fed765cb590e07c5bfdd5b5ce37caeeb196f9b3146c29174c03a63af970ff
ebola-f9b2aa019ec5edddde67b95f8641381ee39ee62941ffd44351b72892b46d0a38
ebola-7fa48c91384958295bd132f6351676b525df6a305daab1b2a4974449d75d63db
ebola-4bf38b83110f7ee1b0a5b24571d57d1b2ec2d57552e5416782d7714599284281
ebola-4007a2344089414652a133ef97ea70f8ff844e7e6589aa5886fd612edf4a8aeb
ebola-47e56619356e71e45180e5672c863a56f8e914e4d26511c03d0f13eb7bdfbf2d
ebola-16c478099ec4bf6aa8cc1716efcccb45e126f2e1df27ac45ad0e50095c2f4684
ebola-a6a53d3ce3a744d7e325c0f906124f207e6121cc577d4a674f0684003948e510
ebola-5c45ff4a47d5788708a1c69c01d6237b96465268587e115bc2a433a951fa89c4
ebola-38a12ac642d6799702c9130c008c4a196244116f2489e2a437b2e6a8404ea836
ebola-d3551db29760eda07f7547c5c74f3fa0b7f2569db4a5859894ca84cddd98e42d
ebola-db35bf80d5455987689073043b8832ab7ed7da2ff9bc531e20f162d50fa83604
ebola-ddcdb3fe5fca1b91e405c1b0bc8d687ac2ac39318de151fb4dc460fc56201c53
ebola-78f7fc5d14c656ce6f810e6aebca2f30fc11a067dc218b5480186cf367daf0cf
ebola-b5d125a10929e294c7822a9ae51a79d60b426c2b0553101b5b3528bc9152c83c
ebola-3183e80017537ab1880c7b9b444aa02c9ae8b82b444b7fcc58eaf85ae7328923
ebola-77a7ef711ce87c88e89479d5b3ac3111562962cd559981ff3e7c1d6382e64222
ebola-f8a7350e712de142e8ebe55309e4ad094b5a721ccec4f60cf02431bded7367b3
ebola-269a46509f32d3da139faae77e1a3f8c1fed780005456899084580b83b7d1b39
ebola-ecb58a76a30e7cc098ce350ebf0da2e8aea70b93b7c9379a2f6e08195c376c59
ebola-240210da7d96b89d441ba03a5fd4a9a085bdd2829567636bd595d494553c1548
ebola-22aba04f75123c73cf750bf52c5bff0a58b8e7cab0de94612b68c7a2e4b23ade
ebola-617e26f53d91a8eb481b7500a0f98d82fa76c995697c6998699a16fcf2622445
ebola-baa70abefe75bd73711599768f723eb4e049280ecbf607e638dd810b7e161d16
ebola-8266b72cfd83aac73b253977c7f1b370884e927d59bb22b9455e6f0411c5e351
ebola-062e94ebf5317d97e8f7156577bcd8ff466ae9ac77d238fd1e6d30e78ab39122
ebola-8fb8551bc0fa2dfc5ae9178c439e457c516d256dee5f5a76dcbbb26b979b889f
ebola-f68f6ab973400fe4712bcaf84d6b1f037f2fa889aafce7cbb54597eff150c162
ebola-b37a62860aaa4eb3050929cea7ad646e20491ccbc5ad1a915872779eb222d9cb
ebola-ccf0532ccc725b14618b934158ee59ba55229fa30e1d7b0e4636f463e2244696
ebola-5d17acf130b677145c25773ddf8bf01327d747ff7a72bc21342d2c7f0a74069b
ebola-32ee5e5b0784314b5e809fa56e7df2c677d848defe816f06dc524a27e74a5b7c
ebola-dda6c2f77a0e884992d1e62f8fc2c483be5ff972ae249d0d224f5eeed3a38af2
ebola-06b8ebde97dc61101fe6b0317e664ff8307c9fada28bbfc97beddef97807be95
ebola-c135767514dd251a392ad1efee12840de331ae39073121e7bfb47874adbb1820
ebola-e21add1671bde477aa4218d58276776c44a977e82d4ca9e67ec26999faf701e5
ebola-84f48e52a8415d31db44281da101bf4dac0f2151f2d76c502e02c720ed505dfa
ebola-465241edccd7c80fc54612bb1680abf9f31fe52b4b3ee6f3c85594082c87c868
ebola-a3f9b82018fe54fa56f3f30c1bfd50bf5e45be0a0861538a8c85d81c38bf9a10
ebola-0982358cbc0d9c9fe3ef89920509f43c0a5cb5e1ebdaa13af5ffce7f5a1d4457
ebola-5eed673a838554109dc47167f62ddb8614cce89e6e3f8e4028eb7a533f51c44b
ebola-8c8b1252933a2adc95263e9d68632817501f33770f48937f93d87c6bceed7106
ebola-74628ac91698030e1f14937914fbe27f85a73f84790a6c7a9444255395dcb3c6
ebola-f93f0f39a5fc1ef06648bf2b2496db0e46c6cd33fbf723112723bd38771993d7
ebola-b54a555c7b6cf38cfb437da0476732cc312d1297b40db954ddea493edc6b51eb
ebola-04b437d68232f1a29ed8712dde8e76720893f7b96012a6d2d5fb5ebcb39d67ad
ebola-86c20e9c44ec010a68c07e2eec06a8000c55ae558594b51161923d8ccc00cd5d
ebola-306f291f1d87d6db489d4eae03e1244d672cabe517f5fda20a23c105c2aad43c
ebola-f5237597da169a13f587c39f9a7c77ce47e61a86e202e730c32b48775ff38529
ebola-3ba4a8e7a84a7ebccf99d1af00eaf03a3ab33cd6e57110688f732e98fd4f91f4
ebola-b616b9b93d23001fff7b273a8ddd5cd7d94c327017cc0ef56239a605d26fa188
ebola-d66afd644b07bfc0f18bfd4b87caf1cb0221dbdfd1e2ed93170b70f5b331cca9
ebola-4ea3b6512a612882c090d354b7574d84ffb13e0913db1c2949c448d4a880369e
ebola-19a14d435dd3900d9d204840e86c790833e650ce788cc368e9843b34843220de
ebola-a0590456a7fa7f29407fafa6afbad5c11298ed2931f91bfe94f398ded8d43f01
ebola-9a7ec4d601604a13618b0802b4a455f5712ea663eb3547192dabeb72130c7d2b
ebola-ef408600522fecf20789689f1d46f60186c34963839f469e877c4ee505a9ea4e
ebola-eb58d4f157a2be8a0dcff531c6829b214e8a8f2e3ddb49e7d3ff7ee3ecfa25fe
ebola-5acb2ba301ffcdcc5d27be3f03d333a6c9fc55539b6872c54ab2e16f4294a5f0
ebola-a4390eea2c5f230d5c4b64894802ce9d679919cd14ff15a2b9bca7bf7ba99563
ebola-bcd069bc3cab777c031219232ac6695af658076ff77d815a4076b9f343a265c0
ebola-c00a59fed37fe976a7515b2f6eed050d682a68c666595d81b93eaad1e89263e1
ebola-e4b87cedfd58275ef090d99c83940065749558e3dbb9d15d7ce266c47098be69
ebola-9b1c12408e6af1ad16b28703de207194b2f8533c06c59e8f45e1ba3511d6637a
ebola-ad8e75edaa45d5973e38f86c37075d46755504ccf2de80000cc8cd409a655b77
ebola-bfe7c62020411effcc669c798d34e507cea2ea1bc060493e8fff836834180f9c
ebola-b1c827902be3eea32ab8873ccf5a2f641f50d25c9456c9dd029b45657d77254d
ebola-57801dd30af4146a83dc2560556f60317fe14a26c1bd2057873204b620a5c87a
ebola-9233ecf552e5a8b89a932e29b51bffa825f32e92813d5424593a8e1cb78992a9
ebola-5220a0ba74a4ea32f3d1ca88e32b6138c86f5c6e7811ada62dfd424a413dd088
ebola-ba3f5b476aa334e0e91c98f510c548252a3120ac2d0ab1da5e7f2401bcfdd99d
ebola-316635aba53ec322d9e4d392a8f808e4f6069638d60641c709b51b08c744cb73
ebola-8772932f4988e0d83c6e34a0723034f9853c97aeed4a377928f49968ac983441
ebola-33d26deb194bf39982b988f64e9c071a62f348a4d1447c791b6e68a4df301e72
ebola-a8caf7cc6d990f65fb36d2308daf682210daa318843c2121f95ecd65a639b1df
ebola-a2e82824c788cc89560ad7729af1ff245be37b46d78caafbb07fa2d6a66a5a11
ebola-2031feed46e8aa4bcf62eb9fe83124cc57079e866524ff590fbb619eaaf3dc81
ebola-2d25ad88c93f96fba54f41dba14e617e84333571a9f2983448cfb63236654b64
ebola-e065bb1aed386850bff22e300013900e70c04fc12e5e3341d2350b319065d4c0
ebola-effe62b6d5f7237e0a76064d41ea6338d892a19e226479ea09a5137bf3fcb917
ebola-003abc8d0b9101974c700438ac35dba5535d8bb77b7652752a4517c9295e13e2
ebola-407020c4b35afb48aceec118fac1e5a5738d57ea2d52c7a214e8261c9e028bb0
ebola-8d3fc31362c73784efee33ce0c725a8d29e4a1ce793691db4eb476c73b00b211
ebola-7c5913ac8f024c7767d41ff6860b0b0af358951d82498cae59b12785603eb035
ebola-017eda1e866c2774c4385dd04726e10f1b1a2fd05a06a9397f5c54f738159193
ebola-4c7ad0a31d05900c6bc44247afc7d7ba5d5958da98a6ad34a143537b6ae73ffe
ebola-ad25ffcbd0b8ac16b552785b845cf8554359b3d55d453167e7035756aa5b68a7
ebola-d84bfa03c33f9b6b27a33bc26dbf8a859af0bd80501001a8e8fbc75f0fd4922c
ebola-607c7e976fb27b107c4f81260f78def930cf32dff0cca3705ed726d4ddd905c3
ebola-e6c29fa56c60e71fb444acabbbb38926d30f94a13fb927f696b5e019c8076b9a
ebola-b2477302c8a9544751b79ba461e93e98ad3260231577db881e07f1e09718b272
ebola-d253637345089e3b83a8157c34b40d39d2e53bf656a8e891573386ed2510ffbe
ebola-3d780abce374b5e61e6683f35b5ca0cdbb297e89046203491312aeac937ee4cb
ebola-9079e444e79b443cfce754d546aaeda47f9d3f9d9787f344dfef586871eb05db
ebola-6669f7bd2ed99fcd1d49ba8cc1bb99c84c448a23432720e45881acebca1876ad
ebola-32c74f545125c1d34c216d1bb9b3e2229306a95ab57334075f53fa0ce932c468
ebola-62c514c6a83adb4b70ed7505d2d4fc7e699f9f405e788dc12336a0c77d5f0059
ebola-6a74d160924ffdc0f33cbcdc09db1c2d275bd109270015f2c17d03c2b628c644
ebola-f1b2744e8caaaa35ecc3bedc8c9591a1f42bf9c0478e387477c2d16e8b70edaf
ebola-24ecd2595ce5f61caa59610ea414444cf3cf4be437dbc1c974f0332cdf2d76cd
ebola-19557663c8d0024eb472604ab3c4c7505d42e186d184b2465f55682a00ee0b9b
ebola-ca6b05c5eb3a3302feec3b7089a8ddccce98588b47c384d7b5d45d9e506763c3
ebola-b0f5150399557f8e2f25ccd11e78f4318aa4f6a5fbecad186e7b85e2a0fd6208
ebola-65e8799ab07ba474f882ab97b0c78d3b6a2c9554638d7c91af7f2a467c68443b
ebola-98a62da5c513e3733d12921e2d0df63976fc7f4d8157510d05cb29a2cb3f85d3
ebola-174ed546fff622123f2558b84f0632b83b50b6c372fc0171a9f6de5d73514b77
ebola-ea50e6401ac5399f34d2379f2466bfcc20851c743708d50925497f6b5a2726df
ebola-b64935c56df5e2fb02c01eee7a10801a2169ac5fadaa06e6fdb87dfcf2963c86
ebola-fa363ef48cf9590fc134bac754255f29cd0783fc73ff4ff7641ce575f34c3fc4
ebola-f142e9173c6c7da3edd3b8e3231f76be0b496d89d515a75c1874faa9242452ca
ebola-1d8c87460412606d6c75d5759adba5757e23a8e80494436c4759e9d43885f55b
ebola-27396d858dab6fb6f529aa07b079c13af4cb2a9081f456a7219a24351f11d58c
ebola-f839753726c1cf9bc4dd7fd6238eccdf3d6dfabb750fc9cbc5a4f58c1189497a
ebola-36dc758f1e0b774024e61e3364f80e82fd50e4900a34f6abe24d4f44385f7a7a
ebola-9bc3318e1d6c747e722a6baf3ee76a0b663ddbb889402a4f6f6570da10c1c878
ebola-822f4dea7344d2be1de96b5dc3290cd3a6259a6b6317a42a72973dabf236dd00
ebola-696903e182bd06ebeae6470b6845bca033a859282282b4260a97e87e4a367056
ebola-d3cc9c2a22c99f4b3bfbb5bee18b78a8b28d88cc0fd1e00b8f96f522b08b7560
ebola-e30ae7eee417b1efcd24e24b4d2b3266540777783f5fce66fc93923dbefb3d50
ebola-5e7ac5121f5baeda2c70086919ec0ff226fc625938a7ea4734a3becd44c94f09
ebola-b696df7e6123d96a3111113a59b3ccfaa5982cf4582d2603be942e7edef46b46
ebola-d4b369df7c6cf37e5140b8d8bb5955ae19f29689d3927f41607f5f1fed2ad14f
ebola-a73e531bc4bb0b4a769668e8fcd84f8f7d20e152dffa64b9ab60a1cb325aef7b
ebola-5850de8fc53d9b336d53d4131f0fa1d91e918327963dbf12fb34ea7ed965b10c
ebola-b843af504658328ec146c87b638bc453dff9f3f3455704ac05d3607485fa83ae
ebola-247f2cdca56312849f748a567b38574661acf1df366187580f9df21db14a7a8c
ebola-214defed6d0eab9aa5e25d54e3c4f759d4e2428a6ec3b689eaef4b4f17721cab
ebola-2e6ceda9a2f3bccd7fd4657a84933ad0dbfa1045fb55bbf6cac88055aa59d089
ebola-e397982279e2a10d79da489fee5f5a580e2319a06a8e76ab16e0d06f001d8b59
ebola-01394ddd3800a660b8be661ac36dfae75c8ec75b0cea06e52c2ab3668b587a54
ebola-f84b9381471f4a1979b897e48a6c191c3ab2c321c4e3e40b66d9d7a6c2442d24
ebola-0033db9bcdae202e19b2da2be6ca9a095d1d68c627b255b0664eb526d39055e3
ebola-b61c6e57aa021ce77e2b0ec7026c24cadcf2991535c8a7380fe88639cfae6512
ebola-aecc85c39c192d7803090dac8077b8b7d8abb8826828bd2ec2b2e84c36d4ee40
ebola-b292fc95c0bb652de3c822ae2d4c11726680858fe707ffd11f46c3e09fc9f82f
ebola-296ea077b025245a64bd14cc170db99e05aebacfcf5ffa2345c630df5f826944
ebola-686953df40f1b350ba6fc0220dde51bdfab32211342c9d8d0bc1d66b27db9694
ebola-5f5cc7356ddfd94031210a5b94be82b92a6ff283575943afa517a687e6ccfa56
ebola-7d4f7cd613a4ce08782988c95582d5654fcab2851cf91a9f5cdfc5fd8ef4bf14
ebola-3b1771034ae188d82c9531fb3f0632d58bf1f27f5dadf9bcdb5ef37d5fa7744b
ebola-4e75b722df861bdf17945b5451f485eb54dccaf6ae50b25b485b2d1f50567889
ebola-f6e59117737b8c5657acf9a6ae071fb8f6968e8b9b925d87c8328b7ae2ef1a06
ebola-ea2f3ee2c23f26c8f3011fba7376ae4bda1758fe56efa151268b8fce17f2e9b4
ebola-99da6841b41dee5b48ccce10ceaec354588889579124761f3d75ec3f99e3b577
ebola-d35de4568e4b5430bd267bc7b90ee271d824931380170d9167aadb6cf891db56
ebola-4a60a7f0f08df585bb3e2bc67b2d8e7daffe74c6835540fa675f6950d9635b09
ebola-b6d0ea9c7d94830d558474e18dc7fe0baf8dc3a71e91d5f1a9ec11a003fed0f0
ebola-4854df70b4735235fa3c5bad852ca4cf6b7ff4d2f24a6e3716a53fd73232c2bd
ebola-b67d75de49ed9b1e274c98c030df46153031997dc2b46fd991b4479a188cdcfc
ebola-aafb9deb51118bb2b160355effc9c954e78467ce12f5b7d56cc743aad8d5cb06
ebola-efcdd501360ff7cff270fdc2b57f45cd29c296a1a2fb397be4cb3fd4fbf55612
ebola-a31739b81ae6f33dae3198dee6b32682f78a07a90f478ece39e9444f8d251cff
ebola-0c9cfac9c5275271eaf7b7eb1450039619450ab91da1dc907c614eb964bf3bc7
ebola-36f4b91a51c4c6eba058cf76cf6993d2c62dcd18b50e1b2e4a9d48f854d51685
ebola-a4420391648bc8713e774a0dbd2de5f9751010f28df700825df14c8e002601d3
ebola-e5ce0976b311d9c5140bbc0c28735d66f4bd73f7bd3a87a71bb1c7054287a0d1
ebola-01db3446a64cf444664e9e78707a1e15d1e1d7c51eced9fcc80bbe4d562fba73
ebola-18d53969d4392ed48cab6c65621dbc57c432c4c8bcc489ab9d043cce0e1b9588
ebola-071ee25802093f0f8d7a8d8a5fdd84cd118e586a5669323f34c955ef6ce37064
ebola-b45c7dba5dfc5ec3d8fea681989151c13f16838e31ade82482ff96196f660a25
ebola-37370f62bc06ee3b42306ae7f1ffcaf1438a3594a8dbd872dbf05762fa134ef7
ebola-5dbd3a7e49b7654ef48b9e50ad2021e9496d2ec428af18ed8015e2b9c0f8f175
ebola-f61dbe765f3d191a0780363f3ed8f8609021e5011eaf292da52b8e153e483f2f
ebola-ba58de97a44ff5c24f3abcb03f01943223dbcfb3b80c27b0fb907a4e476f3868
ebola-5d708a645a6ee3e7bdff584deebae2d6926d8b8b1967953dc72227016135e315
ebola-8d54bbca18ee28821419b3eb6efc68b7330b9714b91daa4da39f40ad8cd8e93e
ebola-2def0d6fe411b27b3526f97a0f917d208d98be8a70b99406a1dae31dcef1efca
ebola-99d95199b33b97ea0d3f4464fb93c800de0a2aee34a2fe448fe3695b336e7def
ebola-839d5cac4e9f26215a5f949fc53b3abcfb546909cfc1b292cd46c531b60b7056
ebola-b828544a089640e98a2c8a3983f444c45f5c8def70a4a75416a71df980547d5d
ebola-ff22d5f7376a5be1063744eb1615cc4429876849d1720c3c2613649e48347487
ebola-3778545b0cca7f09997c4e11d0e6f23a4d4c7ec493d66e0555cc603f2fc345bc
ebola-7b59d8c291ae35a23952e3ddfa7a99a107db1fc0373112660e41804266cd1a05
ebola-a8bcba23b0a66f91b78406970b2f43cd584f17911d60e57de3462cfe0fa04c14
ebola-b9b43563d5920f06996eb197b380b7442ed6db907d8625780fb1b3fe2c38aec5
ebola-b7d044494fc46165106e92982affa9334f3272f8f6a4884cdabc7fa435072055
ebola-7952393934047aaabfcd54254d431a682f750d237f55dec6fb5ccf4e1c0f7d3e
ebola-045b0346ce32ef05a605dd605dde4dda7cd4da07b54200dd6e6a73fd5121d2fe
ebola-b165e1eb18b035dd549bdd382b8b435fec7fce91d6f219a376487515a35c4b74
ebola-2f6bb73d7063c1eb736a927a06f3da2f987f0a42da56da452b6aae50eb3f5a1e
ebola-ace22df3e6da3b598653da894c170713b83b1ab0120a94406ef9295362e3cddb
ebola-26fa4d4d6456e722d9d2d16fd83d8b45bcf350786ae1f4a31453146fd866ac5b
ebola-a5ab139b5ed52528fa344c0ae391b6eaf2168e11eb0d0fad1091018670f08ec6
ebola-78e263002b2acb2f9f9df7b32d9f06438e6b8cb5338b5a1d885da8b29cc6f878
ebola-758275d989ae872be3da35e366a9818c5c4db0053cbbb6d8628b403d0ee2ca58
ebola-fc5dfc91f84370eb35cf189bdc1cc507f8de8a62552844791f69d7094ab113df
ebola-c71d2631674d2c40e92a804d5efeaa08113b1c109056524c2c0403dbf06240fb
ebola-772c4215b7d1dbaf2bdc605e3a4939c5aa1a1bb5ade62a895a716b700943739f
ebola-2bd23162cb71302e452963327a84d68d6c345fd6a0c3426dab6a025195ce310f
ebola-9ea41cd8001e31324dd68395d4320ff3751c1b7f9bc9f6bb4f74a6c6136c05a6
ebola-b1b56e045a69fa3f8ad807a899e996ab12143f11588c4b2546267eb9f7003b87
ebola-32085f38e410b34607f46bb5f41e6aa66aad37bd955ec955ee459d755d8201de
ebola-1a54f448fb1c3f09ffb61d09c29f8c478628ee4efc442dbcbbdc20376a84aca2
ebola-19c31479798044f8c3d8abbee25e6759bd60e9784304564d213c4535f5c5666c
ebola-8eb2206c7c071f4578a2ac19b09a7147a6637abd8722f5e3499b202bf17a682d
ebola-3a478cccc2a676e5e5730da97e5c5233e0cc1917065a25415e0b6e5a06c853a5
ebola-daf3ba1f80ad8d70d2eaea324ac6d7ff566adbaedc30cd6ca8e2fe2dea0e1fcc
ebola-1b2479fc8f2d9c37d239ebc097b4b23bf13c5822fca57974b79756040c1f39d8
ebola-89bb0a64433eb2a760e633bcaf5ba405a52605709bdef898baf2cb8868343e27
ebola-3813a8d4d15a8cb621fcc516984c4d08acc7eecd3184de257b779e124b8d2e11
ebola-47db4bc2f00591fed20921b2a08f6f71f559188db9a058e0e4536a41bf93073c

list/click  |  time: 2016-10-25 14:30:54 660667  |  # of fields: 4  |  topic_id: 421  |  docno: ebola-05bd6b233b7b63c3e44458783affc73d52f92078f43203e2524538f845a60161  |  listsource: pink_findmore

logout  |  time: 2016-10-25 14:45:46 333849

