login  |  time: 2016-04-18 23:15:52 110254

passage/irrelevant |  time: 2016-04-18 23:16:08 866268  |  # of fields: 2  |  passage_id: 36 |  passage_name: CDC sending team of 16 Ebola experts to Dallas

passage/irrelevant |  time: 2016-04-18 23:16:13 358855  |  # of fields: 2  |  passage_id: 43 |  passage_name: thorough debunking of conservative falsehoods that find their way into coverage and other special projects from Media Matters' research department.  

duplicate/view  |  time: 2016-04-18 23:16:32 559632  |  # of  fields: 1  |  topic_id: 327

irrelevant/view  |  time: 2016-04-18 23:16:36 827419  |  # of  fields: 1  |  topic_id: 327

tagged/view  |  time: 2016-04-18 23:16:43 777044  |  # of  fields: 1  |  topic_id: 327

query/solr  |  time: 2016-04-18 23:17:28 515624  |  # of fields: 3  |  topic_id: 327  |  topic_name: admin_test_topic1  |  query: china's gun

result_size: 77  |  num_tagged:  0
ebola-2164277144e3495a922b8e1b47ceddba3cc24a4e0d376d63fed26667e6e08750
ebola-696446e178399a03a03937cc58d91f8ba3caeea3c146740a84484dcaa9150780
ebola-551aa8d91144cfde176737acbecb47342614c65e6b4d97d542448ae10125f598
ebola-2446aae5fa88bd673b4e693077bd6b63d012cd5ec5b8ef58d036502540154ef1
ebola-d976c2b4d57cb7af4c4fa805b68178f09748a13b7be3c0c4312c3fffc9433bf9
ebola-97311b427f9e3469948fa6e5b6bf97201e4f1fb9b281b85cb0d1c1dcbf6d3b0a
ebola-fb79ebd862bf36b67cd3a326b4027288a791c8bd2625e117782247e548d1a2c8
ebola-e913a1403a71418cf98a575ae266f94db8e0c7155119d749c486b8b67cb7ddb1
ebola-ff10e15853fcb680c8102f5671dc47eb01bbb66c651c32c2465ba6cea9d0073f
ebola-90f5eac2e7f75c95c09dfd97375e4703dac5e73c69f2c572b414fec24458b28a
ebola-56adfef2792d903362b5bdaafd907b501fb71722554479f7013ca8c1a04b1773
ebola-6057f346f0d593f82fedcf0ad5094271a9491d9a031ccb2008a0cfbb2682eb41
ebola-4837058401fafdf444b6253f2f14649be30b165157fa2743a000204899671d44
ebola-f2cfcf84e717406d2b041241bff89a1f72d06215a81d656d6c98387fe2f2d99d
ebola-8caddac2f3a0b4b080bd0b3777226edcfabb5c3bca63642bfbd90e62edd96f8b
ebola-e0989bb156861ac3429c967d098058f3f6352b408e70489fff33526bba30c5c2
ebola-111caa709cf4839efe0b3666a520c50e098b5eac192e47e0156ff67914f34fc9
ebola-dfe54168e4122da3d235452f75a083f08b656c7f1c2bd7aedff6d83876601b08
ebola-517d0432f509f4e1edbbecba5d2205babebb8148408474658cccc020e72b0364
ebola-6f739d5b57ef7671e5990e2709c2a377b13d21d7edbec0aed9f1aadaaf1ecbfb
ebola-58960b3dc997202b6e34dfd5502b96b1bba40f2c6e5d166c3db0da837587861f
ebola-76765c606e06c3f2de3a4b48c3b2c66110d38411f83cc7c72acab3a0d51d3dd4
ebola-d71a7f4a81895beeb26cade4522e136b8045726a3c00399cfd81480cc31458f5
ebola-3e94f3dbbd3bf143774195279f4ec0efec35b22626df5824f79f6af7f7b08bbe
ebola-af7fe0e3583aaf6f1dd9e676ecfb6a693405d33203927880b81ff5b83b172e27
ebola-263c1591fc5d4791708827233074015d166d4d229ba4c9e597a8e0115e796de2
ebola-65a16499d5d53c78047730e67edacfa931d727a1d45de8db08ad2aec74452501
ebola-07cf99b7596a3d8dbec12f7e5b091de1c2cfc4fa86074b5dcb66826d1c358e2b
ebola-5e34ed051b997a3a05ad19971a64bd01d270bbf9f37efe9737a969f1c01cea48
ebola-93d254fb38d50ec129b6f981a171ff5701845c8d134ea81aa752b4342cd2dc7d
ebola-a9deb46115ff6c190b48ceb108874165dc749f425dc8d2a641d8e2e249c85522
ebola-65a346fdf1af914f18cbf805f2bf65de46926bde4d45067760a0fa5852818cdb
ebola-b860a1ec2f6530cc14ebc587d7b7e1b737a232e7c8948dc636dc98965b47e564
ebola-749b0fdd9721ff003fb39bb162d918671f89ca6313f1f2093b0e285a855e6c46
ebola-349777e7d1702bf87104f451b15906fe582057bf749840e8defbd597f71f71f6
ebola-ed4b0632246441d01ef0152640246b7d3a4f522ccf879227c734dbac1a73218d
ebola-15c0a5fd19757eb3a982d2a0df516d04a90676e88f6062c210ca7be5fa432462
ebola-56538d7f46bbf906645e89c772a3e8d6e3bcda7196fa4e1363d48c379ac25e36
ebola-58e35ddd22f124f02e9b9a4c770dd48a66e4828ea5f6402701ec7385ae949cd5
ebola-685f300ced91906d0dfff872a5ca3f2ad16b5f9de409cea1ed33bec3fec54a79
ebola-cd9ef69caaa2be861db04be66240955901094526fa61994be27a87638dca4634
ebola-81f2f923e13d87fcfc9cae9127133d08fc5ca93b0ce6670538cc617c7ad61b29
ebola-80bedf042c2af5623da839ae108f2b66c52e57a1b2a23ff441acce846728e01b
ebola-494a9f285f6241d644fee9569c2e66c2e6579d8e6f0329a5f783e4677819de33
ebola-06820f54704e89ec963f3a9d6aef5893033cc63e256b14fe8d7849165e6c8f43
ebola-0f2638b52aef39bb39b85fcaa2246848cfe55118236952b3533d6c8babdd1c37
ebola-21177fb53e1ebe76a2e6e56d938d8793ffe75ca3e85644d6e75779a008e03c23
ebola-fc241b99df945e02b265dc5bcd4cfb40a6a701aa881d7d73ee05b2f2e030d2e1
ebola-98d1493e4c2e94b66e4722111fa5554610836ce0cc32aa55bd66c8d0ce2523e0
ebola-6c574c3b5f24d3dedfdf03fe257201b07a6581a47310f2ec4b3b0f0cdd4dc639
ebola-0f73af13a76b3fd4ffffaee50c71c0c58de3a3f759f403938205d13d33c69870
ebola-40ae3302baf1f13f2b49b729aa1026731fca43800bdc214fb2bf8cd566908573
ebola-814b58924e9f4b33efbbf6ced8e797505aa59b11f7b013b6e9c20f96e8134186
ebola-ba58de97a44ff5c24f3abcb03f01943223dbcfb3b80c27b0fb907a4e476f3868
ebola-a8bcba23b0a66f91b78406970b2f43cd584f17911d60e57de3462cfe0fa04c14
ebola-7b59d8c291ae35a23952e3ddfa7a99a107db1fc0373112660e41804266cd1a05
ebola-ace22df3e6da3b598653da894c170713b83b1ab0120a94406ef9295362e3cddb
ebola-045b0346ce32ef05a605dd605dde4dda7cd4da07b54200dd6e6a73fd5121d2fe
ebola-ff22d5f7376a5be1063744eb1615cc4429876849d1720c3c2613649e48347487
ebola-8d54bbca18ee28821419b3eb6efc68b7330b9714b91daa4da39f40ad8cd8e93e
ebola-b828544a089640e98a2c8a3983f444c45f5c8def70a4a75416a71df980547d5d
ebola-7952393934047aaabfcd54254d431a682f750d237f55dec6fb5ccf4e1c0f7d3e
ebola-2f6bb73d7063c1eb736a927a06f3da2f987f0a42da56da452b6aae50eb3f5a1e
ebola-eff59fab09b3d52161da78e56cc1f5161d437976161d3b48b96f24dd4bb19859
ebola-7d615978748eda775dbe9c4a4ff94e00d71322126fa39388b4bb2d3c9e08f2d2
ebola-5bc02f68694777fe2cf6770e9ec058508938b339fe9532dacdf3f97c7aa97a15
ebola-db2000744733863f377ff4fb6c1e1dd87bb3e3a7dc617da82fc4f7c4c2a0d0f4
ebola-18c3750eca10d1514cb51bdc086ecd6b90cbc6282e92df4791e18fda8448df0b
ebola-1aad041b672c6930adbbd3365c012632630a137f3d243781c855ec1332450a16
ebola-830bef3c71e38d353136214e8c11caa9d98c37c94aa795f67ec4117849b0695d
ebola-48447c14afd99a04c2709688bce32c279765cae3ca85ee59922f0090f84f1c3e
ebola-540a92ff1495c4ebe71383bc06797c310113e73851a11933f5b7a5c964a58841
ebola-acaa3788d9401097c246f546274308cb18fe844b9d69c7ecb33211679960c744
ebola-f3761e1f9e66f08b692351b485a0695a9a658ffb583003bdf428f634acb25014
ebola-2ae01e5b7b804016d138fac881f7552c67a6b4293bf4a2f6697022ffb589b53e
ebola-d9509927ae3466cbdf6075d372ce89355a960e086d2ac01382f9daaaaf880197
ebola-15f4e98ddf2964965c7f6d5984e6d4ad1faeb921ca5e3ae41392d345e26497d9

findmore/pink  |  time: 2016-04-18 23:18:01 812504  |  # of fields: 3  |  topic_id: 327  |  subtopic_id: 5  |  subtopic_name: admin_test_subtopic3

result_size: 77  |  num_tagged:  0
ebola-2164277144e3495a922b8e1b47ceddba3cc24a4e0d376d63fed26667e6e08750
ebola-696446e178399a03a03937cc58d91f8ba3caeea3c146740a84484dcaa9150780
ebola-551aa8d91144cfde176737acbecb47342614c65e6b4d97d542448ae10125f598
ebola-2446aae5fa88bd673b4e693077bd6b63d012cd5ec5b8ef58d036502540154ef1
ebola-d976c2b4d57cb7af4c4fa805b68178f09748a13b7be3c0c4312c3fffc9433bf9
ebola-97311b427f9e3469948fa6e5b6bf97201e4f1fb9b281b85cb0d1c1dcbf6d3b0a
ebola-fb79ebd862bf36b67cd3a326b4027288a791c8bd2625e117782247e548d1a2c8
ebola-e913a1403a71418cf98a575ae266f94db8e0c7155119d749c486b8b67cb7ddb1
ebola-ff10e15853fcb680c8102f5671dc47eb01bbb66c651c32c2465ba6cea9d0073f
ebola-90f5eac2e7f75c95c09dfd97375e4703dac5e73c69f2c572b414fec24458b28a
ebola-56adfef2792d903362b5bdaafd907b501fb71722554479f7013ca8c1a04b1773
ebola-6057f346f0d593f82fedcf0ad5094271a9491d9a031ccb2008a0cfbb2682eb41
ebola-4837058401fafdf444b6253f2f14649be30b165157fa2743a000204899671d44
ebola-f2cfcf84e717406d2b041241bff89a1f72d06215a81d656d6c98387fe2f2d99d
ebola-8caddac2f3a0b4b080bd0b3777226edcfabb5c3bca63642bfbd90e62edd96f8b
ebola-e0989bb156861ac3429c967d098058f3f6352b408e70489fff33526bba30c5c2
ebola-111caa709cf4839efe0b3666a520c50e098b5eac192e47e0156ff67914f34fc9
ebola-dfe54168e4122da3d235452f75a083f08b656c7f1c2bd7aedff6d83876601b08
ebola-517d0432f509f4e1edbbecba5d2205babebb8148408474658cccc020e72b0364
ebola-6f739d5b57ef7671e5990e2709c2a377b13d21d7edbec0aed9f1aadaaf1ecbfb
ebola-58960b3dc997202b6e34dfd5502b96b1bba40f2c6e5d166c3db0da837587861f
ebola-76765c606e06c3f2de3a4b48c3b2c66110d38411f83cc7c72acab3a0d51d3dd4
ebola-d71a7f4a81895beeb26cade4522e136b8045726a3c00399cfd81480cc31458f5
ebola-3e94f3dbbd3bf143774195279f4ec0efec35b22626df5824f79f6af7f7b08bbe
ebola-af7fe0e3583aaf6f1dd9e676ecfb6a693405d33203927880b81ff5b83b172e27
ebola-263c1591fc5d4791708827233074015d166d4d229ba4c9e597a8e0115e796de2
ebola-65a16499d5d53c78047730e67edacfa931d727a1d45de8db08ad2aec74452501
ebola-07cf99b7596a3d8dbec12f7e5b091de1c2cfc4fa86074b5dcb66826d1c358e2b
ebola-5e34ed051b997a3a05ad19971a64bd01d270bbf9f37efe9737a969f1c01cea48
ebola-93d254fb38d50ec129b6f981a171ff5701845c8d134ea81aa752b4342cd2dc7d
ebola-a9deb46115ff6c190b48ceb108874165dc749f425dc8d2a641d8e2e249c85522
ebola-65a346fdf1af914f18cbf805f2bf65de46926bde4d45067760a0fa5852818cdb
ebola-b860a1ec2f6530cc14ebc587d7b7e1b737a232e7c8948dc636dc98965b47e564
ebola-749b0fdd9721ff003fb39bb162d918671f89ca6313f1f2093b0e285a855e6c46
ebola-349777e7d1702bf87104f451b15906fe582057bf749840e8defbd597f71f71f6
ebola-ed4b0632246441d01ef0152640246b7d3a4f522ccf879227c734dbac1a73218d
ebola-15c0a5fd19757eb3a982d2a0df516d04a90676e88f6062c210ca7be5fa432462
ebola-56538d7f46bbf906645e89c772a3e8d6e3bcda7196fa4e1363d48c379ac25e36
ebola-58e35ddd22f124f02e9b9a4c770dd48a66e4828ea5f6402701ec7385ae949cd5
ebola-685f300ced91906d0dfff872a5ca3f2ad16b5f9de409cea1ed33bec3fec54a79
ebola-cd9ef69caaa2be861db04be66240955901094526fa61994be27a87638dca4634
ebola-81f2f923e13d87fcfc9cae9127133d08fc5ca93b0ce6670538cc617c7ad61b29
ebola-80bedf042c2af5623da839ae108f2b66c52e57a1b2a23ff441acce846728e01b
ebola-494a9f285f6241d644fee9569c2e66c2e6579d8e6f0329a5f783e4677819de33
ebola-06820f54704e89ec963f3a9d6aef5893033cc63e256b14fe8d7849165e6c8f43
ebola-0f2638b52aef39bb39b85fcaa2246848cfe55118236952b3533d6c8babdd1c37
ebola-21177fb53e1ebe76a2e6e56d938d8793ffe75ca3e85644d6e75779a008e03c23
ebola-fc241b99df945e02b265dc5bcd4cfb40a6a701aa881d7d73ee05b2f2e030d2e1
ebola-98d1493e4c2e94b66e4722111fa5554610836ce0cc32aa55bd66c8d0ce2523e0
ebola-6c574c3b5f24d3dedfdf03fe257201b07a6581a47310f2ec4b3b0f0cdd4dc639
ebola-0f73af13a76b3fd4ffffaee50c71c0c58de3a3f759f403938205d13d33c69870
ebola-40ae3302baf1f13f2b49b729aa1026731fca43800bdc214fb2bf8cd566908573
ebola-814b58924e9f4b33efbbf6ced8e797505aa59b11f7b013b6e9c20f96e8134186
ebola-ba58de97a44ff5c24f3abcb03f01943223dbcfb3b80c27b0fb907a4e476f3868
ebola-a8bcba23b0a66f91b78406970b2f43cd584f17911d60e57de3462cfe0fa04c14
ebola-7b59d8c291ae35a23952e3ddfa7a99a107db1fc0373112660e41804266cd1a05
ebola-ace22df3e6da3b598653da894c170713b83b1ab0120a94406ef9295362e3cddb
ebola-045b0346ce32ef05a605dd605dde4dda7cd4da07b54200dd6e6a73fd5121d2fe
ebola-ff22d5f7376a5be1063744eb1615cc4429876849d1720c3c2613649e48347487
ebola-8d54bbca18ee28821419b3eb6efc68b7330b9714b91daa4da39f40ad8cd8e93e
ebola-b828544a089640e98a2c8a3983f444c45f5c8def70a4a75416a71df980547d5d
ebola-7952393934047aaabfcd54254d431a682f750d237f55dec6fb5ccf4e1c0f7d3e
ebola-2f6bb73d7063c1eb736a927a06f3da2f987f0a42da56da452b6aae50eb3f5a1e
ebola-eff59fab09b3d52161da78e56cc1f5161d437976161d3b48b96f24dd4bb19859
ebola-7d615978748eda775dbe9c4a4ff94e00d71322126fa39388b4bb2d3c9e08f2d2
ebola-5bc02f68694777fe2cf6770e9ec058508938b339fe9532dacdf3f97c7aa97a15
ebola-db2000744733863f377ff4fb6c1e1dd87bb3e3a7dc617da82fc4f7c4c2a0d0f4
ebola-18c3750eca10d1514cb51bdc086ecd6b90cbc6282e92df4791e18fda8448df0b
ebola-1aad041b672c6930adbbd3365c012632630a137f3d243781c855ec1332450a16
ebola-830bef3c71e38d353136214e8c11caa9d98c37c94aa795f67ec4117849b0695d
ebola-48447c14afd99a04c2709688bce32c279765cae3ca85ee59922f0090f84f1c3e
ebola-540a92ff1495c4ebe71383bc06797c310113e73851a11933f5b7a5c964a58841
ebola-acaa3788d9401097c246f546274308cb18fe844b9d69c7ecb33211679960c744
ebola-f3761e1f9e66f08b692351b485a0695a9a658ffb583003bdf428f634acb25014
ebola-2ae01e5b7b804016d138fac881f7552c67a6b4293bf4a2f6697022ffb589b53e
ebola-d9509927ae3466cbdf6075d372ce89355a960e086d2ac01382f9daaaaf880197
ebola-15f4e98ddf2964965c7f6d5984e6d4ad1faeb921ca5e3ae41392d345e26497d9

logout  |  time: 2016-04-18 23:19:20 667808

login  |  time: 2016-04-18 23:19:27 313018

