logout  |  time: 2016-04-18 21:53:24 175366

login  |  time: 2016-04-18 21:53:28 668420

domain/select  |  time: 2016-04-18 21:53:38 511767  |  # of fields: 2  |  domain_id: 2  |  domain_name: Polar

topic/create  |  time: 2016-04-18 21:53:45 722492  |  # of fields: 4  |  domain_id: 2  |  domain_name: Polar  |  topic_id: 394  |  topic_name:  polar test topic1

topic/select  |  time: 2016-04-18 21:53:45 822253  |  # of fields: 2  |  topic_id: 394  |  topic_name: polar test topic1

topic/create  |  time: 2016-04-18 21:53:52 466199  |  # of fields: 4  |  domain_id: 2  |  domain_name: Polar  |  topic_id: 395  |  topic_name:  polar test topic2

topic/select  |  time: 2016-04-18 21:53:52 609805  |  # of fields: 2  |  topic_id: 395  |  topic_name: polar test topic2

topic/select  |  time: 2016-04-18 21:53:57 401960  |  # of fields: 2  |  topic_id: 394  |  topic_name: polar test topic1

topic/delete  |  time: 2016-04-18 21:53:59 202871  |  # of fields: 2  |  domain_id: 2  |  topic_id: 394

topic/select  |  time: 2016-04-18 21:53:59 330187  |  # of fields: 2  |  topic_id: 395  |  topic_name: polar test topic2

topic/edit  |  time: 2016-04-18 21:54:17 177649  |  # of fields: 4  |  domain_id: 2  |  domain_name: Polar  |  topic_id: 395  |  newtopic_name:  polar test topic2 - 3

subtopic/create  |  time: 2016-04-18 21:54:22 993731  |  # of fields: 4  |  topic_id: 395  |  topic_name: polar test topic2 - 3  |  subtopic_id: 165  |  subtopic_name: subtopic polar 1

subtopic/edit  |  time: 2016-04-18 21:54:26 895523  |  # of fields: 4  |  topic_id: 395  |  topic_name: polar test topic2 - 3  |  subtopic_id: 165  |  newsubtopic_name: subtopic polar 2

subtopic/delete  |  time: 2016-04-18 21:54:30 146333  |  # of fields: 1  |  subtopic_id: 165

subtopic/create  |  time: 2016-04-18 21:54:37 073252  |  # of fields: 4  |  topic_id: 395  |  topic_name: polar test topic2 - 3  |  subtopic_id: 166  |  subtopic_name: subtopic polar 3

subtopic/create  |  time: 2016-04-18 21:54:43 603902  |  # of fields: 4  |  topic_id: 395  |  topic_name: polar test topic2 - 3  |  subtopic_id: 167  |  subtopic_name: subtopic polar 4

query/lemur  |  time: 2016-04-18 21:54:48 596010  |  # of fields: 3  |  topic_id: 395  |  topic_name: polar test topic2 - 3  |  query: government

result_size: 300  |  num_tagged:  0
org_wikipedia_en_e5578717b24a58c66be3a640a589f8bf72cf5613_1424629236000
gov_noaa_lib_www_de5ffb34ea86bd44a20ec602ec08b8f59722aa7e_1424159528000
edu_uci_dos_www_44ee9f2b94aa3615b04700fc3bfa96c84d241541_1424631046000
edu_ucsb_library_guides_c651c8cc11ce1a3534231b814606e061ab6dfd5b_1424620612000
org_wikipedia_en_e4d9efd8b2c6b2dbb54926be8c247246846504cb_1424633269000
org_wikipedia_en_a356ef02a95e09a9229afef4bb7d12ac9c3aa69d_1424620990000
edu_cornell_ciser_5672b9f458d3f88e0dc285bba7dcf9934002b3e7_1424618899000
edu_cornell_ciser_21380814fa9198b800ca28b41c59fa498f63b403_1424618134000
edu_umassmed_library_f4644f4741fdc7e0558fe5a4f4c86f8b340d2849_1424621434000
gov_usa_www_dcb4790e15d08f85b771aed3caf37f5e280d528b_1424611126000
ca_canada_www_cebc933b76cf57e52a745bc2a50807adf4fc2e71_1424630751000
edu_cornell_ciser_caa89a36e28ac0bc8b13b97b144a395c453b65d0_1424617946000
edu_ucsb_library_guides_7549b12a3b2ca7e50bbdd31969de0697d36a0d24_1424618522000
gov_noaa_noaasis_www_211da2d09b586607ccf853270222cd9cbf58773d_1424156577000
edu_ucsc_socialsciences_6a3b3dacd92dd9a355f9b23998133192f3137961_1424624592000
gov_nasa_gsfc_nodis3_ba64e227c2bdffa5773a82687c7f4af1b191302b_1424316603000
edu_ucsc_socialsciences_70f7a7b893dc83058d8a197e1395ccd05f68cb9a_1424614754000
gov_usa_www_7f316f419540cc483753ae1fece4a87ecc93a944_1424611126000
gov_nasa_open_4dfc82f10ab46d77b37d54b4a1ddc10bc7ac7a7d_1424297389000
org_wikipedia_en_8179eea633dbde9ce3c706d5615023c51cd64dd3_1424633161000
org_wikipedia_en_f3919d59dccf152b677376271fa003a8819cfd9b_1424621608000
org_wikipedia_en_d2ea80300ebb69f9b49e92158ff07ee3d8474e9a_1424625920000
edu_ucsb_library_guides_f90f13600f7b37d3cceadbfa0d8fd27501e365cd_1424625702000
gov_nasa_open_e5b64f8e5861158b810044693d007ab939491799_1424311098000
gov_nasa_gsfc_gcmd_d5f137518246eed6e14f61ae07e41b4db8c52ae4_1424540645000
gov_nasa_gcmd_bc690ed04bd8c69c6a0d59d5e6d96f3d66d22d06_1424272268000
gov_nasa_arc_ti_24bce775cbf9362d94797209791a9549862562f2_1424219079000
org_wikipedia_en_2d7b48bdd0437e23211fd744562eeef55c6a61bc_1424625876000
gov_usa_www_4b961b92c38b19f0fcf4eec410e5c36ab8c697fd_1424610021000
gov_usa_www_af86c1ea814c8963bf1c71aae72b4dfd4e521a37_1424611426000
gov_usa_www_12fdeceaede8dbeb543f47b480971c09f3b7bb92_1424611126000
gov_nasa_gsfc_gcmd_9c899662f774c731a0b328cf9f75ea0ae860b200_1424251158000
gov_nasa_gsfc_nodis3_abc9b8a66b8b9c03c4c92089ae178226e0e98517_1424218195000
gov_nasa_open_10d06991b3ca2d02c406e69aa357fb45f746b068_1424247036000
gov_nasa_gsfc_gcmd_7a72c48a776079429fc2fe481d09ce13d067fb30_1424338829000
gov_nasa_gsfc_gcmd_7c934313bef46d612e97ae56d81f9071cd46c5f4_1424246931000
gov_nasa_gsfc_gcmd_7c934313bef46d612e97ae56d81f9071cd46c5f4_1424539806000
gov_nasa_gsfc_nodis3_e79347b5fa01823b757a844c642fc8ccd5b69d24_1424230695000
gov_usa_www_a035bf777ced5a7571edf9f2f409a690a220938d_1424612193000
gov_nasa_gcmd_9b63b03a7f885af045f8521cf740684a87732635_1424284968000
gov_nasa_gsfc_gcmd_10f0e0b3297c25a204156b46bea6e46c08dc32c4_1424371189000
gov_usa_www_df2a0a9d443a2548411813a1e3a68bc1427a8daf_1424611126000
gov_nasa_gsfc_gcmd_28247a2415c3d5a8ad3e28f9442f474fca6dac2a_1424540947000
gov_nasa_gsfc_gcmd_30619bcdecdd5beed402c08ba1d31c78c6a5832b_1424354648000
org_wikipedia_en_a870c357bc9318c6d5340708732bc1fdf958e9bb_1424620901000
gov_nasa_gsfc_gcmd_4c620f54fec05ec080a2472eb06f21bfda1b59d0_1424540531000
org_wikipedia_en_bfe6a88c832c2c419239c01c83222a9b6d41a134_1424633090000
gov_nasa_gsfc_gcmd_a27bcb7860f92e3f8c30de8e256a2edbc9ccfb76_1424245805000
gov_nasa_gsfc_gcmd_b5ef82b71866798c9da02ad45db123c852612dc3_1424544494000
edu_ucsb_library_guides_9733a583c230849e3c9245e62bb6228d14d44983_1424625581000
gov_nasa_gsfc_gcmd_1aeae6bef7f25853ca91cecac3471d7044549966_1424542759000
gov_nasa_gsfc_gcmd_10f0e0b3297c25a204156b46bea6e46c08dc32c4_1424543764000
org_wikipedia_en_92df85914c2f5af5d18401eadf43ad83561faf6d_1424629372000
gov_nasa_nasapeople_e8fd57f024d64e0761e3ce0d10421d496ac3bbbc_1424211921000
org_wikipedia_en_07883aee9d77b2a091a98054817a5b613957256f_1424627668000
edu_ucop_www_6c531aa5fa7ffdddb0988bb920dd274fd938ac83_1424614804000
gov_nasa_gsfc_gcmd_7a72c48a776079429fc2fe481d09ce13d067fb30_1424540023000
gov_nasa_gcmd_1f72a659a287bc7f0b5aee605d97897c160d122c_1424273763000
gov_nasa_gsfc_gcmd_3349c0267db4351e16e3ab513985d82920e1e838_1424337082000
org_wikipedia_en_1f2962a0b743d44abaa2781bb530ba6c44be531c_1424627525000
org_wikipedia_en_71d53a5846dc627f45791184583706fd5d370e5c_1424628199000
gov_nasa_gsfc_gcmd_9f6a94f0b8e1a52cc6349924d4e997f3bb879efc_1424517793000
gov_nasa_gsfc_gcmd_7c750e68dacaa79f075463de8397b4addb24ac23_1424371370000
gov_nasa_gsfc_gcmd_67d0ab7c790509b18c141d98a2b9e18d5be63ffb_1424540147000
org_wikipedia_en_942628e0f2190ca6e5bdb14a56ce6d74a95f7185_1424628193000
gov_nasa_gsfc_nodis3_bbef4a48daa6d208ad73d36a04881d960300c2d3_1424327224000
com_mysql_www_70e29fa9f72eec6a76e8bfb776f2a62784187b19_1424634701000
edu_ucsb_library_guides_84e5c302cd8955c5685dee48947049090b6d2c2e_1424627350000
edu_ucsb_library_www_e1cbd4fa5b05329f4d8632090e435478bc674fcd_1424618002000
gov_usa_www_ebb0d38b0d95789fa068305fe97bf7674c92ba08_1424611294000
org_wikipedia_en_bda284281306b17a3f95f7641cc956bb2c3f8655_1424627599000
gov_nasa_gsfc_gcmd_926c996a23804933efc6045b410bcb708f08a08d_1424244905000
gov_usa_www_c5cdb84fddb2e8dc8f8245b94cad0429d3e2275f_1424611512000
gov_nasa_gsfc_gcmd_7c750e68dacaa79f075463de8397b4addb24ac23_1424543807000
org_wikipedia_en_d6298603b52561b0ba45db98a76a1b0c74768c28_1424631616000
edu_ucsb_ia_www_ef1e235a839d292ee0cf5df8fd140bed056da721_1424614637000
org_wikipedia_en_939dea60f5207e224f25bae721c5689c607c3258_1424623438000
gov_nasa_hq_www_ac90dffa1a3989ec3db9471538b6e4a147310dea_1424308927000
org_dublincore_80f4f6ca64d534f0d4ac3860d06e0f4bf9f8e4ba_1424611697000
org_wikipedia_en_12b78446f8be4c91493d214ea5b2df480dbbf872_1424623526000
gov_usa_www_b7f613ff6809eb388b81b4a8484e46351890408c_1424611606000
gov_usa_www_74c1b5a902d4fc6021dc30f574f13fb6a822e973_1424611955000
gov_usa_www_1994e0ee6811b4bf771239ba49fccbe4a07c9475_1424611260000
gov_nasa_arc_ti_5dba6051cf5f639f2f0e782275a76497f5c8557e_1424244117000
gov_nasa_arc_ti_6e89163f2afeb8986f0e2a220983ee76f542ba25_1424244506000
gov_nasa_gcmd_8eded6986a6ba78362579fb749c39b743ff58b65_1424305022000
org_oaklandlibrary_www_0b0d59b35c0cbe4f3b22a9e621514c418cfb9933_1424633457000
org_dublincore_bec414028295728035069e493c9bc9c2486c5681_1424615163000
org_wikipedia_en_fe055e8f3a6bc163ad9f01dca170d65f5fa644c3_1424634702000
org_wikipedia_en_f4e3a6b425a66226a0d2a7d7361091e19ace027d_1424628933000
org_wikipedia_en_7e393a9fe70f625fcd6c4f478e0a09a802077f31_1424627918000
gov_nasa_gsfc_gcmd_c92fd434aa52a0aedce60b6c5e3b2a13b410af12_1424355440000
edu_ucsf_osr_39eb291c79ca14d36ecc01baf3060b38d7fbfb95_1424624287000
gov_nasa_gsfc_gcmd_4ca777193c2f0ee5b93eb0b653ceeebd784d0348_1424245020000
gov_nasa_gcmd_02cccba2262ac79d08ea094cf08cac9c533fbf5a_1424254997000
gov_nasa_gsfc_nodis3_69be1716353d080c30043ba46b47ab43ed7ff655_1424235494000
gov_nasa_gsfc_gcmd_d9f6fe7c431a4d03a012382121f45749524e58b6_1424541208000
gov_nasa_gsfc_gcmd_23e0512b5dc2dfc5c67f8ce6e7987073c20ca654_1424247550000
gov_nasa_gsfc_gcmd_2772f67b8cf884247950ee8be672daca9b4a3a32_1424246819000
gov_noaa_techpartnerships_1df9a8a84d622fcce2a47c9018566ccff285bf48_1424157138000
gov_nasa_gsfc_gcmd_c0005ead26ff0d023588e864a280a8ae9723bf7b_1424249647000
gov_nasa_gsfc_nodis3_f3b48c3239be1e8fae99f8b20149f398d1b4ba7a_1424310897000
gov_nasa_gsfc_gcmd_520639ca6842765fef6ccef9b458039211898f27_1424252702000
gov_nasa_gsfc_gcmd_9ea36b373a73e9494a18cd3aac5e587b95394b34_1424245090000
gov_nasa_gcmd_1eebf3530cf129247cfdead78e099254cd1fcec2_1424291895000
gov_nasa_gsfc_gcmd_7b1c3dfa9af2f7d0e0f03f2e1510e30717ec8a92_1424250550000
gov_nasa_gsfc_gcmd_ce6828608327d05a06d4a992a9f176beca18093e_1424245795000
org_wikipedia_en_4d2146d85ec74f54d25a256a2a6414382504e4e4_1424627654000
gov_nasa_open_8cfd7b1ca527510197954d6caba7f86e006fb0fe_1424296274000
gov_dhs_www_55336e6fc28c885978cd36386c4b26a0af839fe2_1424621631000
gov_nasa_open_d95b013a643a681688109c69372fb2e4a2749a46_1424300093000
gov_nasa_open_6ee5c1436075fc1776f2a7f794b64ee51a86aeea_1424230979000
gov_nasa_gsfc_nodis3_cde8b7fd86ad91bb83f6987797341e6f3a214fcc_1424217685000
gov_riversideca_www_23cb5b795cca027d5f72a5780fc89d98d15d6f15_1424628983000
edu_ucsb_library_guides_3454b29a36de7aba05ed88292a7f289d3af69fdd_1424623351000
gov_nasa_gsfc_gcmd_3648514db3c3dc86597d38fdb15d9d153f41d7d7_1424250552000
gov_nasa_gsfc_gcmd_25848154ff5de07a23e6ddf8525b14c3f72bdf7a_1424541637000
org_wikipedia_en_4fa8688387a618062538701b8aeb8356fa7668b8_1424625825000
gov_nasa_gsfc_nodis3_d6e5556b6157b30848baca26784f6d0c166c2a26_1424230583000
edu_uky_libraries_c4c79e7813edf38d611c27f809377b1fefb5132b_1424617513000
org_wikipedia_en_b924b5d6826030260f0c68b3c15279b694bedec0_1424631325000
edu_cornell_ciser_d8206b8dca90b95f49dd8802289bd7284ccb509a_1424619122000
gov_nasa_gsfc_nodis3_725c0b6e60af417e3549ecbdd19dbc9ed31942ba_1424294856000
org_wikipedia_en_35196fc6062d63c23e21cce1c408000c50aded18_1424622028000
gov_nasa_gsfc_gcmd_23e0512b5dc2dfc5c67f8ce6e7987073c20ca654_1424540280000
edu_ucsb_library_guides_ff62a3ce8bfe17bbbcbcee77fb7e468fb5c26492_1424621234000
com_google_www_20350ba845b3b0fea6a8046101f5ea17605b399b_1424609975000
org_opengovpartnership_www_211de19e0486dc38635ee447fa1b292af387d461_1424633163000
edu_ucsd_irps_5b6ff5c4cda3bd64a23a66d53faebddc3f5446f7_1424632893000
gov_nasa_gsfc_gcmd_2c25c121629e374b4246f2ef7f4589eefe1725e8_1424518012000
gov_nasa_gsfc_nodis3_f5e134193364fc26fbd901320dde63f8580577cb_1424284749000
gov_nasa_hq_www_e95fb3f17a1e8e10388f64aa8118b4973243db7b_1424289102000
eu_europa_ec_joinup_a6fc07b036ac44b24c785e34828cac362a0158d2_1424617862000
gov_nasa_gsfc_gcmd_8e6ff6d5405ccc541e7da1235c76d0cb8f8dd512_1424251812000
gov_nasa_gsfc_gcmd_38688b658b5302a5d4b1311089ea44834fdbeaab_1424541058000
edu_ucsb_ia_www_b3fd4436d853a05cfcf45f06bdf151e56610e880_1424618883000
gov_nasa_gsfc_gcmd_c92fd434aa52a0aedce60b6c5e3b2a13b410af12_1424522530000
gov_nasa_open_436aba2a0516becaed60c38286cad315fb7a8ada_1424344847000
gov_nasa_gsfc_gcmd_2beaaf1f546d436cd2579f1dbf69f6d164723fab_1424541311000
org_wikipedia_en_803845db481b8428213454b8ecc27c5525e5f9a9_1424629326000
edu_unm_library_454802f7083d9c528d4196c35450b6ef7b3f92d2_1424618196000
org_wikipedia_en_cf33db27699cdcfcd85cff9595a1e635b1b5c287_1424625510000
gov_nasa_gsfc_nodis3_188cebbe072c5e7c85bce0d7ed0172b00cfda839_1424273753000
gov_usa_www_a9d9696fec880aeef28eb7d948968a7b90c2e537_1424612191000
gov_nasa_gsfc_nodis3_0a32fe63f65e09a2ecd30505a76924ea50a3bb7e_1424242646000
edu_rutgers_libguides_4d75e9431fce7c3f201a318349f5c760121b0f50_1424621924000
edu_ucsb_ia_www_c4e076571b87ed85a04219ee6130ce096512521c_1424617805000
org_wikipedia_en_b52be5d9e3fba5e87aaa97c96b752b32e9200a7e_1424625781000
org_wikipedia_en_8e702226763f366150c4221247b9279e377fc7e0_1424631638000
com_mercurynews_www_cf49213663ac0a059fb015a0e9ed607b395e26c2_1424621934000
gov_loc_www_3e38a30a7659430dd25163277d4515d4b07d2299_1424628282000
gov_nasa_www_669c491bd5a43f27120cb43662519f7faa82d02f_1424219305000
org_wikipedia_en_9bbdf617becf1f238048f1bd717967532037c686_1424631290000
org_cambridge_www_1b68ad9349057543aa73e17b1c2e64b649fb820d_1424623321000
gov_nasa_gsfc_nodis3_50486301189b4a61613627a147d102eee1414f33_1424295836000
gov_usa_www_21b2e690c866aec8257f84d7acf86b9ec9c704df_1424611744000
org_wikipedia_en_684a4831d92c12c87ae94b84c7f278075bae84b4_1424618347000
org_wikipedia_en_838cfd54617469a508d60b079bd75f19674375cf_1424634819000
org_w3_www_1a2da658b1a35dad030b06a0bc9c48592139d062_1424632914000
gov_usa_www_85f484472c8b094f93d976079c27c8f7c79a9237_1424612252000
gov_usa_www_cf96babd6857de360cfcd53a473bff313c5bfe89_1424611872000
gov_nasa_gsfc_nodis3_947fd0a6c27ac36940ada8304d6d9a03b425db61_1424242768000
gov_usa_www_aef134ed715a9902090759623cda8c446576a950_1424612112000
edu_uci_studentgov_www_89f8c647738877828fb77da9afbbf550bca28bec_1424614258000
edu_ucsb_library_guides_d92ac5f50e3579cc1babb2f8a511dba184dc4e13_1424624321000
gov_nasa_www_79cd0b82db946f90d1606b5a0844ac41318a3dcc_1424296944000
edu_gmu_sg_4dd02142376512c4a7893cc9c14f900b30cac93e_1424633040000
edu_ucsb_library_guides_7b0daf2385aaad9e368038a77a48a16a01185098_1424618257000
org_wikipedia_en_4cc0a3f91f9bbea4d015228d237011fde26e094b_1424631450000
gov_nasa_gsfc_gcmd_51b0a842a5454fb370bd4563772d0ccb01d632dd_1424252508000
org_wikipedia_en_531542c42ae923a1c4035e5bee3eeed7d2f6c475_1424621676000
ie_ogpireland_www_76b960105fb24f841e0794550f1348f84c3d598d_1424633148000
edu_ucsb_library_guides_aa77776485bd9cb7e2c01835cc4693d2de75dbfd_1424618062000
org_gnu_www_f6bc9dd1c4117cb9e03e8a50ede7f0a6144d00e9_1424612485000
gov_nasa_open_d564eb1ae133a054171743cc9672e6e24d553f32_1424243321000
org_wikipedia_en_b8c36862be16bd00db5e5be173d98066e6b1ba46_1424631648000
edu_ucsd_health_2e913a25d8506a1a0998247a1f4db00ad35a9bb4_1424623465000
my_mimos_www_e296f8457eff26f94f2fd3804a688634985262e7_1424615137000
edu_ucsb_library_guides_e9ad9e8b08c460fa79c5f4bba33d263b371fe7be_1424623361000
org_cdlib_oac_www_82c45799670684f1c28b079680279610464e9076_1424631262000
gov_nsf_www_60bf4c311083f985f4861ebde90dbd8dd7dae10d_1424610007000
gov_nasa_open_b801d9627e72c778be7611a5a9acad66857d3a81_1424244555000
org_consumersinternational_www_0676d8a96b6e9d5c57a807ebb18c2a5398c1613d_1424626003000
gov_nasa_gsfc_nodis3_c72e6f3b5ff05b7c58e91b3e6c02b528b9494b40_1424301482000
gov_nasa_gsfc_gcmd_5f660cb879c2da64d7230022cba0854893b0b5da_1424545236000
edu_ucsb_ia_www_1c68a51609cb1b4a2e55f15dd21e98387a8d6428_1424617794000
org_wikipedia_en_12049b38d688842c55aa95935743db6269cd38e1_1424631647000
org_wikipedia_en_edeab944ad601fcdfe07ebf948532d0515a85056_1424628120000
org_wikipedia_en_8bd4802a821604b590be0da40378d4e277041281_1424627688000
org_wikipedia_en_c132e45e1629f7ad2c9fd6e5186b2fb007caf86b_1424627581000
gov_usa_www_ef2887a35fbc836434fcbe8e4a207bce915180b3_1424611765000
org_wikipedia_en_16ddbb148a284abc018928efbefc585d236719a3_1424615033000
org_wikipedia_en_d8b89db5f8fd3e16c19d242f3574d9c259b8432f_1424620717000
org_wikipedia_en_b83d02f9d5f44488305a1af1ea032d3300daacb8_1424627722000
gov_nasa_gsfc_gcmd_0764971d7c228a486873e5575c1de96ed11cbf76_1424245277000
org_wikipedia_en_0e9778e7920a5d7dfff4068ea81aee9a9cdef3f5_1424620699000
gov_nasa_sti_www_9e9e39d4939369d702ca9f6c799e74e3cd26c86c_1424229549000
org_wikipedia_en_9c783fbe09b6a592c4c63b1b6b48ff4f2b3349fe_1424620693000
edu_ucsd_health_44d504939b3160ddc0cc3fb81508e11eebf650ae_1424624595000
gov_nasa_open_13db5f69b6376b4b49a757bef0d65a178b6679ab_1424299063000
org_wikipedia_en_5630c49c41b7a9b3a1d646668821a16bc490639a_1424629390000
gov_nasa_gsfc_gcmd_b24f082f9fbb8b0b875847898531487cb40f4957_1424324589000
org_wikipedia_en_6d507cf597d0381cfc4bb42ad4b000b6a00c2ba2_1424633455000
gov_nsf_www_a628ff022097b632f1687ccb0266175318cfc334_1424611358000
org_wikipedia_en_9373591da249b7b49d13b341a536889b87d721c5_1424631423000
gov_fcc_www_b21ffd15d919e6721543ca5e548cc61c42493153_1424621829000
gov_noaa_noaasis_www_c360d13e7d57c58f81442c9374b2140b16cb1aab_1424192275000
org_wikipedia_en_db2443ca8aa46b5c3ea921be8e7378fbbc3f6a91_1424625833000
edu_ucsb_ia_www_3f1c0f3710eddde229f993c39602bdf613f0f860_1424617794000
edu_uky_libraries_1b3ce608f20d103c77bd808752a19c8e85c64b9f_1424618521000
gov_energy_6145c32e23fc4cfb40a16b46dcff0923a65943d6_1424619148000
org_wikipedia_en_20565a158f9e8c811ef75589cfcf2ddafc31ad5d_1424623518000
org_wikipedia_en_e603f2c3e3f63eb7314562f2b516b69756e92db6_1424625693000
edu_ucsb_library_www_f1b12fc25ad6d18ae0f3072626c5217a96e34d5f_1424628967000
org_wikipedia_en_cb9c6d29a305282ba7f99e88ee0a146005150473_1424631789000
org_wikipedia_en_1b0464facff9c477534f350b073a5f27c3ab114e_1424625693000
gov_nasa_gsfc_gcmd_d0ee2e6bbb62f7173c4a88966a9fb20d9e2be1c7_1424249150000
edu_ucsb_ia_www_a903c9332fb680c8af32796b9617d6df7644699b_1424619079000
org_wikipedia_en_2b0a382fa693038da5ac7ec9ccda739eae900cb1_1424628310000
eu_europa_ec_joinup_a9cd2ba70d483092f317fe6de429bfd0c27f391f_1424623349000
gov_usa_www_1506b3e02b66ddbe660ee41f1defe1748cf2eae6_1424611126000
org_wikipedia_en_5d48255d609da2a47e38dbed6b9502f7270a3531_1424626114000
edu_ucsc_urelations_263df264f0dab378b13843480b4ebb8b1f40b444_1424614608000
gov_nasa_gsfc_nodis3_74b6f9c0bacf1b85d74c1d746027338b7bc193ff_1424231481000
edu_princeton_www_685ae877e3e968cfd9a0d7da84fc0af44abf6ccd_1424628094000
gov_noaa_legislative_www_484e86d0609e39a8f0e4b0f8ee4575e12adfc379_1424141932000
org_wikipedia_en_2a5f5d46bfab1b397175cd9bbd605aa80e550b24_1424629405000
org_wikipedia_en_0e95b917100b567ea0d37239b010dea22a394ed7_1424628882000
org_wikipedia_en_628278bcf5d170423695b228968222324c94011a_1424629077000
org_dublincore_dcpapers_d7f675ff7c35888b1bf92e225e0cefc6ce352fd0_1424621723000
org_wikipedia_en_13a9b394643185e31b69725ff618d58c4f6ba22d_1424629296000
com_payden_www_b7da81fe114278bcbb2a25f3dd45236b2dfe3b68_1424627981000
org_dublincore_9a9bd17e58eaf3a495b5b9a1b5b6ef923ea5c9c2_1424615123000
edu_ucsb_library_guides_f47a9fce36af25b2e3f8d4feb6cea698e0dc6e0b_1424633164000
gov_ssa_www_a79b1947a4eb0a4aa7a52ce8a62c46d79aa7534c_1424617560000
gov_nasa_science_b38fdeba7ab13fccfc65666329c754b061ae87cd_1424249978000
gov_usa_www_121e164fd12705bc707492ec30de5a666afc6c71_1424611854000
edu_ucr_ucrtoday_cfffe2756f1c10f867bab271e31ca15ad5e7013f_1424618143000
uk_gov_www_98bdb16cb4b9db0631ff2143a09978c4417db330_1424620874000
gov_nasa_gsfc_nodis3_794de072f2b6c669e7ffa4c4279fe99ef07056e5_1424344645000
gov_usa_www_7a3794a9fe8934721c3b2cb5ff8689196c4ff7d7_1424612430000
edu_ucsb_whistleblower_www_5b47973ac410d040c2d03bef218ef5ebda71a9dd_1424626202000
gov_usa_www_393d1b5f758acb80145b8d414ea441648a0bc480_1424611202000
edu_cccco_californiacommunitycolleges_ff9e9de79af9cebc67944ac8128e225b19678b48_1424621223000
edu_ucop_www_6a7e6a673adabf931858604ae217e7db8cecaf40_1424611233000
ca_gc_cbif_www_ff5a3b03d9fd2244c9f9fe071db791b809b11b8a_1424175757000
edu_ucsf_osr_af41fd85b32223a3ec19b81e4be0aab0c9243d5d_1424620734000
gov_usa_www_f702990e65a8e2846ec69b3a2147a9478fdf12fe_1424611191000
edu_ucop_www_797e82f0a1dd2a80b84d9e6138a6f082c5daad63_1424611272000
gov_usa_www_0044df9fc3ff8338671135c85187c958e089c4b3_1424612375000
com_sirfrancisdrake_www_ff01d35300866039ad4fb61d70ea924a38dbd2ac_1424631024000
eu_europa_ec_joinup_c9ba06c46e3fb29289c1e08f739f55b212de992e_1424618754000
gov_nasa_gsfc_gcmd_73915cd199ffdd43c1322cf8397d5ae9bb8ad627_1424517678000
org_wikipedia_en_369598365fd931b3ad086b5c9de984edd45bc16c_1424625460000
gov_ca_www_886bd36d93270d6e66dfef390ae89d07dab8218e_1424622135000
gov_noaa_celebrating200years_74f6dc18e11f28b2a90ba56516bf15f2607f4e05_1424157048000
org_wikipedia_en_12e204e8b23023049b221d36be44d1ad5ce2ad6b_1424627530000
com_payden_www_3cb2de0d6ae59e3400c34d90959ce61e3f13e6fa_1424628000000
gov_nasa_www_ec31eeee18027f020ddcd7e0fcf1311668661ca0_1424236424000
org_wikipedia_en_dff29cb8431bc3d1008ef4044ba6bb98e82db154_1424628305000
gov_noaa_alaskafisheries_www_1a316b18ee3346d596b6283326a59bfaf90b30a3_1424191670000
gov_noaa_corporateservices_www_6227bad24c9df98a6091e8f65f6f1ab7ef6143b2_1424191944000
gov_nasa_open_fc0d92642b90c2c31705dba2c079a7d4ec3bb874_1424211897000
edu_ucsb_library_www_e0a6d1b3f33d20ec4251d04d5cb8a5bc92d12573_1424614258000
com_apple_www_ed93b58b16f71e2c5e449188095d1c119d8c6533_1424611465000
org_wikipedia_en_0fda818c4e0d60ee5ac2f443353a04cacb53932d_1424624607000
org_wikipedia_en_a7b72a77b364b03c60778835426f3688bef6287f_1424627896000
gov_nasa_gsfc_nodis3_0159a39859bb05c1bbbf714dfac5cd114c96f930_1424244186000
org_wikipedia_en_4eac74a32afedfae6a89bc2e34f18471817f7f05_1424626365000
edu_ucsd_health_5125556b33cbb695b67da7ccddcc6f8e778aa820_1424623359000
gov_usa_www_ae2a2767de30c5b3f10406d8cdd06c77a15ade93_1424611917000
uk_org_catapult_sa_3a100bc1d55de8351787c4b7183f29dd46715a68_1424617719000
org_wikipedia_en_29036d63f3a0c2d3aa8e5702cc66edcf46a57b16_1424629423000
edu_ucdavis_aic_860116f4a5ee986db556c86ff9e614c8c30b6f19_1424627415000
org_wikipedia_en_eaf0e8f95d5f47428073a2eb85e98cbf5861938b_1424625731000
gov_nasa_open_ac7aa5297f8af1cf7f0194a541f3048999232150_1424222099000
eu_europa_ec_joinup_bc0ec6a8a81837998fb09f7c3e60d681683042f7_1424617861000
gov_nasa_open_aac725403b8f9c45d696c70b23595373e6e64d31_1424247033000
gov_nasa_www_7485e38e5a4a14c32020760795b717fa384a40c8_1424226342000
edu_ucr_gcr_31d36bdfc0c6af95642946979c61026dba34888c_1424625894000
gov_usa_www_0aef231a88ef4175ae5b711c2fae4a6a41f73ef7_1424612223000
gov_nasa_gsfc_nodis3_b0ed9ab4f7ed6e91bb27e795acedceb4b4469639_1424247556000
org_wikipedia_en_23af430e2d24b3cb547dd625dbe3018d8de0d14c_1424627918000
gov_nasa_www_9caaa9fd3d91f3d644cf605470ff67acf4fc4c5e_1424213233000
edu_ucop_www_cda417112f6b0e1148ab61a8da125682237e0ca6_1424614970000
gov_nsf_www_1fb5a7e60ca59ead451ac415c80ce070c82de9f8_1424612339000
gov_nasa_gsfc_nodis3_08e7eb5fe8ef2b3cf4fdf324c3168e1b1f5b7330_1424235702000
gov_usa_www_4546f290ed7eb34d6c7b67635735093e1d3b0836_1424611182000
org_wikipedia_en_8d47b34f07610e8029de50935eddffd6506de7ac_1424625382000
sg_gov_nlb_eresources_f493a2651d64bf85822b3f3ed68608fbf38f8770_1424617649000
my_mimos_www_a7d7880aa339400d6e8924dfb37a72e387e39c22_1424614159000
gov_nasa_hq_www_7765b8771512d5a5fa3b81595df46ea6220f1bed_1424274991000
gov_usa_www_dae9f53653a65fc63212436b794a6dae53631f5c_1424612415000
net_openid_1c93c7d2a8634fbc10bf43caf19f50432b49b37d_1424617562000
gov_nasa_gsfc_nodis3_26baa64b7912dbb063902deec7c252fcec9cad0c_1424290838000
sg_gov_nlb_eresources_3740e3e9d163f583edd8c8f0885b953b97cc76de_1424618703000
gov_usa_www_4af6f4e4fd98c5b7928aed6926502b869a3ebbcd_1424611126000
org_wikipedia_en_a056516df1b8413a211f32d7d6c00c43eaa263c3_1424620733000
edu_ucop_www_ee14f6f07d890643d9502487bec63e5475d53b55_1424615117000
org_wikipedia_en_aa7ca7ecd0b610eefe3a29e9e826c7727eda74f0_1424628705000

list/click  |  time: 2016-04-18 21:55:03 622391  |  # of fields: 4  |  topic_id: 395  |  docno: org_wikipedia_en_e5578717b24a58c66be3a640a589f8bf72cf5613_1424629236000  |  listsource: lemur

doc/next  |  time: 2016-04-18 21:55:10 766404  |  # of fields: 2  |  topic_id: 395  |  docno: org_wikipedia_en_e5578717b24a58c66be3a640a589f8bf72cf5613_1424629236000

doc/duplicate  |  time: 2016-04-18 21:55:16 952894  |  # of fields: 2  |  topic_id: 395  |  docno: gov_noaa_lib_www_de5ffb34ea86bd44a20ec602ec08b8f59722aa7e_1424159528000

doc/irrelevant  |  time: 2016-04-18 21:55:19 872814  |  # of fields: 2  |  topic_id: 395  |  docno: edu_uci_dos_www_44ee9f2b94aa3615b04700fc3bfa96c84d241541_1424631046000

passage/create  |  time: 2016-04-18 21:55:27 403688  |  # of fields: 6  |  topic_id: 395  |  topic_name: polar test topic2 - 3  |  subtopic_id: 167  |  subtopic_name: subtopic polar 4  |  passage_id: 2344  |  passage_name:  census, congress, executive_branch, government_agencies, government_agency, government_information, history,

passage/grade  |  time: 2016-04-18 21:55:31 077547  |  # of fields: 2  |  passage_id: 2344  |  score: 2

highlight  |  time: 2016-04-18 21:56  |  # of fields: 3  |  topic_id: 395  |  docno: edu_ucsb_library_guides_c651c8cc11ce1a3534231b814606e061ab6dfd5b_1424620612000  |  highlight_string: information

mood/frustrated |  time: 2016-04-18 21:56:29 277672  |  # of fields: 3  |  topic_id: 395  |  listsource: lemur  |  message_name: test 

tagged/view  |  time: 2016-04-18 21:56:44 361905  |  # of  fields: 1  |  topic_id: 395

irrelevant/view  |  time: 2016-04-18 21:56:48 467388  |  # of  fields: 1  |  topic_id: 395

duplicate/view  |  time: 2016-04-18 21:56:52 525902  |  # of  fields: 1  |  topic_id: 395

duplicate/view  |  time: 2016-04-18 21:56:59 044222  |  # of  fields: 1  |  topic_id: 395

duplicate/put back  |  time: 2016-04-18 21:57:00 389826  |  # of  fields: 2  |  topic_id: 395  |  docno: gov_noaa_lib_www_de5ffb34ea86bd44a20ec602ec08b8f59722aa7e_1424159528000

irrelevant/view  |  time: 2016-04-18 21:57:03 649540  |  # of  fields: 1  |  topic_id: 395

irrelevant/put back  |  time: 2016-04-18 21:57:05 134429  |  # of  fields: 2  |  topic_id: 395  |  docno: edu_uci_dos_www_44ee9f2b94aa3615b04700fc3bfa96c84d241541_1424631046000

list/go back  |  time: 2016-04-18 21:57:23 269660  |  # of fields: 3  |  topic_id: 395  |  docno: edu_ucsb_library_guides_c651c8cc11ce1a3534231b814606e061ab6dfd5b_1424620612000  |  listsource: lemur

passage/grade  |  time: 2016-04-18 21:57:46 104013  |  # of fields: 2  |  passage_id: 2344  |  score: 4

passage/duplicate |  time: 2016-04-18 21:57:51 119380  |  # of fields: 2  |  passage_id: 2344

